{"contracts/BaseEverestExtension.sol":{"l":{"12":56,"13":56,"20":2},"path":"/Users/roguerotkosky/Development/Summit/summit-contracts-v2/contracts/BaseEverestExtension.sol","s":{"1":56,"2":2},"b":{"1":[56,0]},"f":{"1":56,"2":2},"fnMap":{"1":{"name":"onlyEverestToken","line":11,"loc":{"start":{"line":11,"column":4},"end":{"line":14,"column":4}}},"2":{"name":"_getUserEverest","line":16,"loc":{"start":{"line":16,"column":4},"end":{"line":21,"column":4}}}},"statementMap":{"1":{"start":{"line":12,"column":8},"end":{"line":12,"column":79}},"2":{"start":{"line":20,"column":8},"end":{"line":20,"column":52}}},"branchMap":{"1":{"line":12,"type":"if","locations":[{"start":{"line":12,"column":8},"end":{"line":12,"column":8}},{"start":{"line":12,"column":8},"end":{"line":12,"column":8}}]}}},"contracts/BeefyVaultV6Passthrough.sol":{"l":{"37":3,"38":3,"39":3,"40":3,"42":3,"43":3,"44":3,"46":3,"51":40,"52":40,"57":16,"64":44,"72":8,"73":8,"74":8,"75":8,"86":16,"87":16,"90":16,"91":16,"92":16,"95":16,"98":16,"99":16,"101":16,"105":16,"107":16,"109":16,"110":16,"124":12,"127":12,"130":12,"133":12,"134":12,"135":12,"136":12,"139":12,"142":12,"145":12,"147":12,"155":4,"156":4,"157":4,"160":4,"163":4,"164":4,"167":4,"170":4},"path":"/Users/roguerotkosky/Development/Summit/summit-contracts-v2/contracts/BeefyVaultV6Passthrough.sol","s":{"1":3,"2":3,"3":3,"4":3,"5":3,"6":3,"7":3,"8":3,"9":40,"10":16,"11":44,"12":8,"13":8,"14":8,"15":8,"16":16,"17":16,"18":16,"19":16,"20":16,"21":16,"22":16,"23":16,"24":16,"25":16,"26":16,"27":0,"28":16,"29":16,"30":12,"31":12,"32":12,"33":12,"34":12,"35":12,"36":12,"37":12,"38":12,"39":12,"40":12,"41":4,"42":4,"43":4,"44":4,"45":4,"46":4,"47":4,"48":4},"b":{"1":[3,0],"2":[3,0],"3":[3,0],"4":[3,0],"5":[40,0],"6":[0,16],"7":[4,0]},"f":{"1":3,"2":40,"3":16,"4":44,"5":8,"6":16,"7":16,"8":12,"9":4},"fnMap":{"1":{"name":"constructor","line":32,"loc":{"start":{"line":32,"column":4},"end":{"line":47,"column":4}}},"2":{"name":"onlyCartographer","line":50,"loc":{"start":{"line":50,"column":4},"end":{"line":53,"column":4}}},"3":{"name":"token","line":56,"loc":{"start":{"line":56,"column":4},"end":{"line":58,"column":4}}},"4":{"name":"vaultBalance","line":63,"loc":{"start":{"line":63,"column":4},"end":{"line":65,"column":4}}},"5":{"name":"enact","line":70,"loc":{"start":{"line":68,"column":4},"end":{"line":76,"column":4}}},"6":{"name":"deposit","line":82,"loc":{"start":{"line":80,"column":4},"end":{"line":102,"column":4}}},"7":{"name":"distributeRemainingBalance","line":104,"loc":{"start":{"line":104,"column":4},"end":{"line":111,"column":4}}},"8":{"name":"withdraw","line":120,"loc":{"start":{"line":118,"column":4},"end":{"line":148,"column":4}}},"9":{"name":"retire","line":152,"loc":{"start":{"line":150,"column":4},"end":{"line":171,"column":4}}}},"statementMap":{"1":{"start":{"line":37,"column":8},"end":{"line":37,"column":67}},"2":{"start":{"line":38,"column":8},"end":{"line":38,"column":53}},"3":{"start":{"line":39,"column":8},"end":{"line":39,"column":74}},"4":{"start":{"line":40,"column":8},"end":{"line":40,"column":98}},"5":{"start":{"line":42,"column":8},"end":{"line":42,"column":35}},"6":{"start":{"line":43,"column":8},"end":{"line":43,"column":21}},"7":{"start":{"line":44,"column":8},"end":{"line":44,"column":32}},"8":{"start":{"line":46,"column":8},"end":{"line":46,"column":57}},"9":{"start":{"line":51,"column":8},"end":{"line":51,"column":63}},"10":{"start":{"line":57,"column":8},"end":{"line":57,"column":31}},"11":{"start":{"line":64,"column":8},"end":{"line":64,"column":104}},"12":{"start":{"line":72,"column":8},"end":{"line":72,"column":78}},"13":{"start":{"line":73,"column":8},"end":{"line":73,"column":90}},"14":{"start":{"line":74,"column":8},"end":{"line":74,"column":38}},"15":{"start":{"line":75,"column":8},"end":{"line":75,"column":36}},"16":{"start":{"line":86,"column":8},"end":{"line":86,"column":78}},"17":{"start":{"line":87,"column":8},"end":{"line":87,"column":90}},"18":{"start":{"line":90,"column":8},"end":{"line":90,"column":44}},"19":{"start":{"line":91,"column":8},"end":{"line":91,"column":38}},"20":{"start":{"line":92,"column":8},"end":{"line":92,"column":45}},"21":{"start":{"line":95,"column":8},"end":{"line":95,"column":64}},"22":{"start":{"line":98,"column":8},"end":{"line":98,"column":98}},"23":{"start":{"line":99,"column":8},"end":{"line":99,"column":36}},"24":{"start":{"line":101,"column":8},"end":{"line":101,"column":33}},"25":{"start":{"line":105,"column":8},"end":{"line":105,"column":72}},"26":{"start":{"line":107,"column":8},"end":{"line":107,"column":37}},"27":{"start":{"line":107,"column":31},"end":{"line":107,"column":37}},"28":{"start":{"line":109,"column":8},"end":{"line":109,"column":85}},"29":{"start":{"line":110,"column":8},"end":{"line":110,"column":74}},"30":{"start":{"line":124,"column":8},"end":{"line":124,"column":25}},"31":{"start":{"line":127,"column":8},"end":{"line":127,"column":69}},"32":{"start":{"line":130,"column":8},"end":{"line":130,"column":124}},"33":{"start":{"line":133,"column":8},"end":{"line":133,"column":87}},"34":{"start":{"line":134,"column":8},"end":{"line":134,"column":62}},"35":{"start":{"line":135,"column":8},"end":{"line":135,"column":88}},"36":{"start":{"line":136,"column":8},"end":{"line":136,"column":96}},"37":{"start":{"line":139,"column":8},"end":{"line":139,"column":104}},"38":{"start":{"line":142,"column":8},"end":{"line":142,"column":76}},"39":{"start":{"line":145,"column":8},"end":{"line":145,"column":71}},"40":{"start":{"line":147,"column":8},"end":{"line":147,"column":39}},"41":{"start":{"line":155,"column":8},"end":{"line":155,"column":70}},"42":{"start":{"line":156,"column":8},"end":{"line":156,"column":6085}},"43":{"start":{"line":157,"column":12},"end":{"line":157,"column":43}},"44":{"start":{"line":160,"column":8},"end":{"line":160,"column":72}},"45":{"start":{"line":163,"column":8},"end":{"line":163,"column":80}},"46":{"start":{"line":164,"column":8},"end":{"line":164,"column":66}},"47":{"start":{"line":167,"column":8},"end":{"line":167,"column":18}},"48":{"start":{"line":170,"column":8},"end":{"line":170,"column":71}}},"branchMap":{"1":{"line":37,"type":"if","locations":[{"start":{"line":37,"column":8},"end":{"line":37,"column":8}},{"start":{"line":37,"column":8},"end":{"line":37,"column":8}}]},"2":{"line":38,"type":"if","locations":[{"start":{"line":38,"column":8},"end":{"line":38,"column":8}},{"start":{"line":38,"column":8},"end":{"line":38,"column":8}}]},"3":{"line":39,"type":"if","locations":[{"start":{"line":39,"column":8},"end":{"line":39,"column":8}},{"start":{"line":39,"column":8},"end":{"line":39,"column":8}}]},"4":{"line":40,"type":"if","locations":[{"start":{"line":40,"column":8},"end":{"line":40,"column":8}},{"start":{"line":40,"column":8},"end":{"line":40,"column":8}}]},"5":{"line":51,"type":"if","locations":[{"start":{"line":51,"column":8},"end":{"line":51,"column":8}},{"start":{"line":51,"column":8},"end":{"line":51,"column":8}}]},"6":{"line":107,"type":"if","locations":[{"start":{"line":107,"column":8},"end":{"line":107,"column":8}},{"start":{"line":107,"column":8},"end":{"line":107,"column":8}}]},"7":{"line":156,"type":"if","locations":[{"start":{"line":156,"column":8},"end":{"line":156,"column":8}},{"start":{"line":156,"column":8},"end":{"line":156,"column":8}}]}}},"contracts/Cartographer.sol":{"l":{"187":3,"188":3,"206":14,"219":14,"221":14,"222":14,"224":14,"225":14,"226":14,"227":14,"229":14,"230":14,"231":14,"234":14,"235":56,"243":5,"244":5,"247":5,"248":5,"249":5,"250":5,"258":1,"259":1,"260":1,"267":0,"268":0,"270":0,"271":0,"278":12,"279":12,"280":12,"285":0,"286":0,"293":0,"295":0,"303":0,"305":0,"306":0,"319":1664,"328":1664,"329":1664,"334":24,"335":23,"339":12,"340":11,"343":43,"344":41,"347":28,"348":28,"352":530,"356":530,"357":528,"362":266,"365":62,"366":62,"369":204,"370":204,"375":98,"376":97,"388":4341,"389":4341,"406":1,"407":1,"408":4,"410":1,"422":11,"423":11,"426":11,"428":11,"439":17,"440":68,"441":5,"446":17,"448":17,"461":520,"464":161,"465":118,"469":43,"473":161,"485":12,"486":12,"488":12,"498":4,"499":4,"500":4,"502":4,"510":12,"513":12,"514":12,"517":12,"519":12,"526":16,"528":8,"529":8,"552":23,"553":23,"557":23,"558":23,"561":23,"563":23,"577":17,"578":4,"582":17,"584":17,"590":27,"591":108,"613":106,"616":103,"619":103,"622":103,"625":103,"627":103,"641":591,"650":2153,"653":2152,"661":3578,"664":3578,"666":2139,"686":716,"694":716,"697":714,"708":696,"709":696,"710":696,"711":2784,"712":1345,"714":2784,"717":696,"719":694,"735":591,"749":591,"752":591,"772":97,"774":97,"793":192,"799":350,"801":350,"802":350,"805":350,"807":15,"808":15,"810":15,"825":36,"831":186,"834":186,"836":185,"850":6,"857":312,"858":312,"859":1248,"861":312,"873":324,"882":306,"883":76,"887":306,"888":244,"891":306,"902":21,"904":21,"915":40,"923":40,"924":40,"926":40,"938":121,"948":118,"949":118,"951":118,"962":2,"965":2,"974":2,"980":2,"993":12,"994":11,"995":10,"1012":12,"1015":9,"1024":8,"1032":8,"1051":150,"1052":150,"1053":150,"1056":150,"1057":150,"1058":150,"1061":150,"1064":150,"1066":150,"1068":150,"1079":245,"1080":28,"1088":158,"1089":24,"1104":245,"1107":245,"1108":245,"1109":1,"1110":1,"1114":245,"1124":157,"1125":157,"1139":158,"1142":158,"1145":158,"1146":156,"1147":156,"1151":158,"1153":158,"1170":4,"1173":2,"1176":2,"1179":2,"1181":2,"1187":2,"1188":2,"1190":2,"1209":23,"1210":23,"1211":23,"1221":37,"1222":37,"1223":37,"1231":0,"1232":0,"1240":0,"1241":0,"1242":0,"1250":6,"1251":6,"1259":1,"1260":1,"1261":1},"path":"/Users/roguerotkosky/Development/Summit/summit-contracts-v2/contracts/Cartographer.sol","s":{"1":3,"2":3,"3":14,"4":14,"5":14,"6":14,"7":14,"8":14,"9":14,"10":14,"11":14,"12":14,"13":14,"14":14,"15":56,"16":5,"17":5,"18":5,"19":5,"20":5,"21":5,"22":1,"23":1,"24":1,"25":0,"26":0,"27":0,"28":0,"29":12,"30":12,"31":12,"32":0,"33":0,"34":0,"35":0,"36":0,"37":0,"38":0,"39":1664,"40":1664,"41":24,"42":12,"43":43,"44":28,"45":530,"46":530,"47":266,"48":62,"49":204,"50":98,"51":4341,"52":4341,"53":1,"54":1,"55":4,"56":1,"57":11,"58":11,"59":11,"60":11,"61":17,"62":68,"63":5,"64":17,"65":17,"66":520,"67":359,"68":161,"69":118,"70":43,"71":161,"72":12,"73":12,"74":12,"75":4,"76":4,"77":4,"78":4,"79":12,"80":12,"81":12,"82":12,"83":12,"84":16,"85":8,"86":8,"87":8,"88":23,"89":23,"90":23,"91":23,"92":23,"93":23,"94":17,"95":4,"96":17,"97":17,"98":27,"99":108,"100":106,"101":103,"102":103,"103":103,"104":103,"105":103,"106":591,"107":2153,"108":1,"109":2152,"110":3578,"111":0,"112":3578,"113":1439,"114":2139,"115":716,"116":716,"117":2,"118":714,"119":696,"120":696,"121":696,"122":2784,"123":1345,"124":2784,"125":696,"126":2,"127":694,"128":591,"129":591,"130":0,"131":591,"132":97,"133":97,"134":192,"135":350,"136":350,"137":350,"138":350,"139":335,"140":15,"141":15,"142":15,"143":36,"144":186,"145":186,"146":1,"147":185,"148":6,"149":312,"150":312,"151":1248,"152":312,"153":324,"154":306,"155":76,"156":306,"157":244,"158":306,"159":21,"160":21,"161":40,"162":40,"163":40,"164":40,"165":121,"166":118,"167":118,"168":118,"169":2,"170":2,"171":2,"172":2,"173":12,"174":11,"175":10,"176":12,"177":9,"178":8,"179":8,"180":150,"181":150,"182":150,"183":150,"184":150,"185":150,"186":150,"187":150,"188":150,"189":150,"190":245,"191":217,"192":28,"193":158,"194":134,"195":24,"196":245,"197":245,"198":245,"199":1,"200":1,"201":245,"202":157,"203":157,"204":158,"205":158,"206":158,"207":156,"208":156,"209":158,"210":158,"211":4,"212":2,"213":2,"214":2,"215":2,"216":2,"217":2,"218":2,"219":23,"220":23,"221":23,"222":37,"223":37,"224":37,"225":0,"226":0,"227":0,"228":0,"229":0,"230":6,"231":6,"232":1,"233":1,"234":1},"b":{"1":[14,0],"2":[5,0],"3":[1,0],"4":[0,0],"5":[0,0],"6":[12,0],"7":[0,0],"8":[0,0],"9":[0,0],"10":[1664,0],"11":[23,1],"12":[11,1],"13":[41,2],"14":[28,0],"15":[528,2],"16":[266,0],"17":[97,1],"18":[4341,0],"19":[5,63],"20":[359,161],"21":[118,43],"22":[12,0],"23":[12,0],"24":[4,0],"25":[8,8],"26":[23,0],"27":[4,13],"28":[1,2152],"29":[0,3578],"30":[1439,2139],"31":[2,714],"32":[1345,1439],"33":[2,694],"34":[0,591],"35":[335,15],"36":[1,185],"37":[76,230],"38":[244,62],"39":[2,0],"40":[11,1],"41":[10,1],"42":[9,1],"43":[217,28],"44":[134,24],"45":[1,244],"46":[156,2],"47":[2,0],"48":[2,0],"49":[23,0],"50":[37,0],"51":[0,0],"52":[1,0]},"f":{"1":3,"2":14,"3":5,"4":1,"5":0,"6":12,"7":0,"8":0,"9":0,"10":1664,"11":1664,"12":24,"13":12,"14":43,"15":28,"16":530,"17":530,"18":266,"19":62,"20":204,"21":98,"22":4341,"23":1,"24":11,"25":17,"26":520,"27":12,"28":4,"29":12,"30":16,"31":23,"32":17,"33":27,"34":106,"35":591,"36":2153,"37":3578,"38":716,"39":696,"40":591,"41":591,"42":97,"43":192,"44":350,"45":36,"46":186,"47":6,"48":312,"49":324,"50":21,"51":40,"52":121,"53":2,"54":12,"55":12,"56":150,"57":245,"58":158,"59":245,"60":157,"61":158,"62":4,"63":2,"64":23,"65":37,"66":0,"67":0,"68":6,"69":1},"fnMap":{"1":{"name":"constructor","line":183,"loc":{"start":{"line":183,"column":4},"end":{"line":189,"column":4}}},"2":{"name":"initialize","line":204,"loc":{"start":{"line":192,"column":4},"end":{"line":237,"column":4}}},"3":{"name":"enable","line":241,"loc":{"start":{"line":241,"column":4},"end":{"line":251,"column":4}}},"4":{"name":"migrateSummitOwnership","line":256,"loc":{"start":{"line":254,"column":4},"end":{"line":261,"column":4}}},"5":{"name":"setTreasuryAdd","line":266,"loc":{"start":{"line":266,"column":4},"end":{"line":272,"column":4}}},"6":{"name":"setExpeditionTreasuryAdd","line":277,"loc":{"start":{"line":277,"column":4},"end":{"line":281,"column":4}}},"7":{"name":"setRolloverRewardInNativeToken","line":284,"loc":{"start":{"line":284,"column":4},"end":{"line":287,"column":4}}},"8":{"name":"setTotalSummitPerSecond","line":291,"loc":{"start":{"line":291,"column":4},"end":{"line":296,"column":4}}},"9":{"name":"setSummitDistributionBPs","line":301,"loc":{"start":{"line":301,"column":4},"end":{"line":307,"column":4}}},"10":{"name":"_onlySubCartographer","line":318,"loc":{"start":{"line":318,"column":4},"end":{"line":326,"column":4}}},"11":{"name":"onlySubCartographer","line":327,"loc":{"start":{"line":327,"column":4},"end":{"line":330,"column":4}}},"12":{"name":"nonDuplicated","line":333,"loc":{"start":{"line":333,"column":4},"end":{"line":336,"column":4}}},"13":{"name":"nonDuplicatedTokenAlloc","line":338,"loc":{"start":{"line":338,"column":4},"end":{"line":341,"column":4}}},"14":{"name":"tokenAllocExists","line":342,"loc":{"start":{"line":342,"column":4},"end":{"line":345,"column":4}}},"15":{"name":"validAllocation","line":346,"loc":{"start":{"line":346,"column":4},"end":{"line":349,"column":4}}},"16":{"name":"_poolExists","line":351,"loc":{"start":{"line":351,"column":4},"end":{"line":354,"column":4}}},"17":{"name":"poolExists","line":355,"loc":{"start":{"line":355,"column":4},"end":{"line":358,"column":4}}},"18":{"name":"_validElev","line":361,"loc":{"start":{"line":361,"column":4},"end":{"line":363,"column":4}}},"19":{"name":"isOasisOrElevation","line":364,"loc":{"start":{"line":364,"column":4},"end":{"line":367,"column":4}}},"20":{"name":"isElevation","line":368,"loc":{"start":{"line":368,"column":4},"end":{"line":371,"column":4}}},"21":{"name":"validTotem","line":374,"loc":{"start":{"line":374,"column":4},"end":{"line":377,"column":4}}},"22":{"name":"subCartographer","line":387,"loc":{"start":{"line":387,"column":4},"end":{"line":390,"column":4}}},"23":{"name":"poolsCount","line":402,"loc":{"start":{"line":402,"column":4},"end":{"line":411,"column":4}}},"24":{"name":"createTokenAllocation","line":419,"loc":{"start":{"line":417,"column":4},"end":{"line":429,"column":4}}},"25":{"name":"setTokenAllocation","line":436,"loc":{"start":{"line":434,"column":4},"end":{"line":449,"column":4}}},"26":{"name":"setIsTokenEarningAtElevation","line":458,"loc":{"start":{"line":456,"column":4},"end":{"line":474,"column":4}}},"27":{"name":"setTokenPassthroughStrategy","line":482,"loc":{"start":{"line":480,"column":4},"end":{"line":489,"column":4}}},"28":{"name":"retireTokenPassthroughStrategy","line":496,"loc":{"start":{"line":494,"column":4},"end":{"line":503,"column":4}}},"29":{"name":"_enactTokenPassthroughStrategy","line":506,"loc":{"start":{"line":506,"column":4},"end":{"line":520,"column":4}}},"30":{"name":"_retireTokenPassthroughStrategy","line":524,"loc":{"start":{"line":524,"column":4},"end":{"line":530,"column":4}}},"31":{"name":"add","line":548,"loc":{"start":{"line":546,"column":4},"end":{"line":564,"column":4}}},"32":{"name":"set","line":574,"loc":{"start":{"line":572,"column":4},"end":{"line":585,"column":4}}},"33":{"name":"massUpdatePools","line":589,"loc":{"start":{"line":589,"column":4},"end":{"line":593,"column":4}}},"34":{"name":"rollover","line":610,"loc":{"start":{"line":608,"column":4},"end":{"line":628,"column":4}}},"35":{"name":"timeDiffSeconds","line":640,"loc":{"start":{"line":640,"column":4},"end":{"line":642,"column":4}}},"36":{"name":"elevationModulatedAllocation","line":648,"loc":{"start":{"line":648,"column":4},"end":{"line":654,"column":4}}},"37":{"name":"tokenElevationShares","line":659,"loc":{"start":{"line":659,"column":4},"end":{"line":670,"column":4}}},"38":{"name":"tokenElevationEmissionMultiplier","line":679,"loc":{"start":{"line":679,"column":4},"end":{"line":698,"column":4}}},"39":{"name":"tokenAllocEmissionMultiplier","line":703,"loc":{"start":{"line":703,"column":4},"end":{"line":720,"column":4}}},"40":{"name":"poolEmissionMultiplier","line":727,"loc":{"start":{"line":727,"column":4},"end":{"line":736,"column":4}}},"41":{"name":"poolSummitEmission","line":745,"loc":{"start":{"line":743,"column":4},"end":{"line":753,"column":4}}},"42":{"name":"switchTotem","line":769,"loc":{"start":{"line":767,"column":4},"end":{"line":775,"column":4}}},"43":{"name":"taxBP","line":789,"loc":{"start":{"line":789,"column":4},"end":{"line":794,"column":4}}},"44":{"name":"_getTaxBP","line":795,"loc":{"start":{"line":795,"column":4},"end":{"line":815,"column":4}}},"45":{"name":"bonusBP","line":821,"loc":{"start":{"line":821,"column":4},"end":{"line":826,"column":4}}},"46":{"name":"_getBonusBP","line":827,"loc":{"start":{"line":827,"column":4},"end":{"line":841,"column":4}}},"47":{"name":"userTokenStakedAmount","line":846,"loc":{"start":{"line":846,"column":4},"end":{"line":851,"column":4}}},"48":{"name":"_userTokenStakedAmount","line":853,"loc":{"start":{"line":853,"column":4},"end":{"line":862,"column":4}}},"49":{"name":"deposit","line":870,"loc":{"start":{"line":868,"column":4},"end":{"line":892,"column":4}}},"50":{"name":"claimElevation","line":899,"loc":{"start":{"line":897,"column":4},"end":{"line":905,"column":4}}},"51":{"name":"emergencyWithdraw","line":912,"loc":{"start":{"line":910,"column":4},"end":{"line":927,"column":4}}},"52":{"name":"withdraw","line":935,"loc":{"start":{"line":933,"column":4},"end":{"line":952,"column":4}}},"53":{"name":"elevateAndLockStakedSummit","line":960,"loc":{"start":{"line":958,"column":4},"end":{"line":981,"column":4}}},"54":{"name":"validateElevate","line":991,"loc":{"start":{"line":989,"column":4},"end":{"line":1000,"column":4}}},"55":{"name":"elevate","line":1010,"loc":{"start":{"line":1008,"column":4},"end":{"line":1033,"column":4}}},"56":{"name":"claimWinnings","line":1048,"loc":{"start":{"line":1046,"column":4},"end":{"line":1069,"column":4}}},"57":{"name":"passthroughDeposit","line":1078,"loc":{"start":{"line":1078,"column":4},"end":{"line":1081,"column":4}}},"58":{"name":"passthroughWithdraw","line":1087,"loc":{"start":{"line":1087,"column":4},"end":{"line":1090,"column":4}}},"59":{"name":"depositTokenManagement","line":1100,"loc":{"start":{"line":1098,"column":4},"end":{"line":1115,"column":4}}},"60":{"name":"_distributeTaxesAndFees","line":1121,"loc":{"start":{"line":1121,"column":4},"end":{"line":1126,"column":4}}},"61":{"name":"withdrawalTokenManagement","line":1135,"loc":{"start":{"line":1133,"column":4},"end":{"line":1154,"column":4}}},"62":{"name":"rolloverReferral","line":1166,"loc":{"start":{"line":1166,"column":4},"end":{"line":1182,"column":4}}},"63":{"name":"referralRewardsMintSafetyHatch","line":1185,"loc":{"start":{"line":1185,"column":4},"end":{"line":1191,"column":4}}},"64":{"name":"setTokenDepositFee","line":1206,"loc":{"start":{"line":1204,"column":4},"end":{"line":1212,"column":4}}},"65":{"name":"setTokenWithdrawTax","line":1218,"loc":{"start":{"line":1216,"column":4},"end":{"line":1224,"column":4}}},"66":{"name":"setTaxDecayDuration","line":1229,"loc":{"start":{"line":1227,"column":4},"end":{"line":1233,"column":4}}},"67":{"name":"setBaseMinimumWithdrawalTax","line":1238,"loc":{"start":{"line":1236,"column":4},"end":{"line":1243,"column":4}}},"68":{"name":"setTokenIsNativeFarm","line":1248,"loc":{"start":{"line":1246,"column":4},"end":{"line":1252,"column":4}}},"69":{"name":"setMaxBonusBP","line":1257,"loc":{"start":{"line":1255,"column":4},"end":{"line":1262,"column":4}}}},"statementMap":{"1":{"start":{"line":187,"column":8},"end":{"line":187,"column":33}},"2":{"start":{"line":188,"column":8},"end":{"line":188,"column":53}},"3":{"start":{"line":206,"column":8},"end":{"line":206,"column":9967}},"4":{"start":{"line":219,"column":8},"end":{"line":219,"column":36}},"5":{"start":{"line":221,"column":8},"end":{"line":221,"column":58}},"6":{"start":{"line":222,"column":8},"end":{"line":222,"column":58}},"7":{"start":{"line":224,"column":8},"end":{"line":224,"column":51}},"8":{"start":{"line":225,"column":8},"end":{"line":225,"column":53}},"9":{"start":{"line":226,"column":8},"end":{"line":226,"column":49}},"10":{"start":{"line":227,"column":8},"end":{"line":227,"column":53}},"11":{"start":{"line":229,"column":8},"end":{"line":229,"column":39}},"12":{"start":{"line":230,"column":8},"end":{"line":230,"column":50}},"13":{"start":{"line":231,"column":8},"end":{"line":231,"column":52}},"14":{"start":{"line":234,"column":8},"end":{"line":234,"column":11033}},"15":{"start":{"line":235,"column":12},"end":{"line":235,"column":84}},"16":{"start":{"line":243,"column":8},"end":{"line":243,"column":43}},"17":{"start":{"line":244,"column":8},"end":{"line":244,"column":21}},"18":{"start":{"line":247,"column":8},"end":{"line":247,"column":40}},"19":{"start":{"line":248,"column":8},"end":{"line":248,"column":46}},"20":{"start":{"line":249,"column":8},"end":{"line":249,"column":46}},"21":{"start":{"line":250,"column":8},"end":{"line":250,"column":53}},"22":{"start":{"line":258,"column":8},"end":{"line":258,"column":66}},"23":{"start":{"line":259,"column":8},"end":{"line":259,"column":45}},"24":{"start":{"line":260,"column":8},"end":{"line":260,"column":53}},"25":{"start":{"line":267,"column":8},"end":{"line":267,"column":61}},"26":{"start":{"line":268,"column":8},"end":{"line":268,"column":54}},"27":{"start":{"line":270,"column":8},"end":{"line":270,"column":33}},"28":{"start":{"line":271,"column":8},"end":{"line":271,"column":57}},"29":{"start":{"line":278,"column":8},"end":{"line":278,"column":71}},"30":{"start":{"line":279,"column":8},"end":{"line":279,"column":53}},"31":{"start":{"line":280,"column":8},"end":{"line":280,"column":77}},"32":{"start":{"line":285,"column":8},"end":{"line":285,"column":53}},"33":{"start":{"line":286,"column":8},"end":{"line":286,"column":31}},"34":{"start":{"line":293,"column":8},"end":{"line":293,"column":66}},"35":{"start":{"line":295,"column":8},"end":{"line":295,"column":32}},"36":{"start":{"line":303,"column":8},"end":{"line":303,"column":80}},"37":{"start":{"line":305,"column":8},"end":{"line":305,"column":39}},"38":{"start":{"line":306,"column":8},"end":{"line":306,"column":37}},"39":{"start":{"line":319,"column":8},"end":{"line":319,"column":14357}},"40":{"start":{"line":328,"column":8},"end":{"line":328,"column":39}},"41":{"start":{"line":334,"column":8},"end":{"line":334,"column":64}},"42":{"start":{"line":339,"column":8},"end":{"line":339,"column":78}},"43":{"start":{"line":343,"column":8},"end":{"line":343,"column":74}},"44":{"start":{"line":347,"column":8},"end":{"line":347,"column":86}},"45":{"start":{"line":352,"column":8},"end":{"line":352,"column":70}},"46":{"start":{"line":356,"column":8},"end":{"line":356,"column":38}},"47":{"start":{"line":362,"column":8},"end":{"line":362,"column":80}},"48":{"start":{"line":365,"column":8},"end":{"line":365,"column":44}},"49":{"start":{"line":369,"column":8},"end":{"line":369,"column":45}},"50":{"start":{"line":375,"column":8},"end":{"line":375,"column":80}},"51":{"start":{"line":388,"column":8},"end":{"line":388,"column":75}},"52":{"start":{"line":389,"column":8},"end":{"line":389,"column":53}},"53":{"start":{"line":406,"column":8},"end":{"line":406,"column":25}},"54":{"start":{"line":407,"column":8},"end":{"line":407,"column":16997}},"55":{"start":{"line":408,"column":12},"end":{"line":408,"column":50}},"56":{"start":{"line":410,"column":8},"end":{"line":410,"column":20}},"57":{"start":{"line":422,"column":8},"end":{"line":422,"column":41}},"58":{"start":{"line":423,"column":8},"end":{"line":423,"column":40}},"59":{"start":{"line":426,"column":8},"end":{"line":426,"column":39}},"60":{"start":{"line":428,"column":8},"end":{"line":428,"column":51}},"61":{"start":{"line":439,"column":8},"end":{"line":439,"column":18331}},"62":{"start":{"line":440,"column":12},"end":{"line":440,"column":18413}},"63":{"start":{"line":441,"column":16},"end":{"line":441,"column":93}},"64":{"start":{"line":446,"column":8},"end":{"line":446,"column":39}},"65":{"start":{"line":448,"column":8},"end":{"line":448,"column":51}},"66":{"start":{"line":461,"column":8},"end":{"line":461,"column":77}},"67":{"start":{"line":461,"column":71},"end":{"line":461,"column":77}},"68":{"start":{"line":464,"column":8},"end":{"line":464,"column":19334}},"69":{"start":{"line":465,"column":12},"end":{"line":465,"column":54}},"70":{"start":{"line":469,"column":12},"end":{"line":469,"column":54}},"71":{"start":{"line":473,"column":8},"end":{"line":473,"column":63}},"72":{"start":{"line":485,"column":8},"end":{"line":485,"column":82}},"73":{"start":{"line":486,"column":8},"end":{"line":486,"column":120}},"74":{"start":{"line":488,"column":8},"end":{"line":488,"column":67}},"75":{"start":{"line":498,"column":8},"end":{"line":498,"column":99}},"76":{"start":{"line":499,"column":8},"end":{"line":499,"column":82}},"77":{"start":{"line":500,"column":8},"end":{"line":500,"column":46}},"78":{"start":{"line":502,"column":8},"end":{"line":502,"column":89}},"79":{"start":{"line":510,"column":8},"end":{"line":510,"column":46}},"80":{"start":{"line":513,"column":8},"end":{"line":513,"column":98}},"81":{"start":{"line":514,"column":8},"end":{"line":514,"column":49}},"82":{"start":{"line":517,"column":8},"end":{"line":517,"column":62}},"83":{"start":{"line":519,"column":8},"end":{"line":519,"column":74}},"84":{"start":{"line":526,"column":8},"end":{"line":526,"column":65}},"85":{"start":{"line":526,"column":59},"end":{"line":526,"column":65}},"86":{"start":{"line":528,"column":8},"end":{"line":528,"column":96}},"87":{"start":{"line":529,"column":8},"end":{"line":529,"column":52}},"88":{"start":{"line":552,"column":8},"end":{"line":552,"column":22802}},"89":{"start":{"line":553,"column":12},"end":{"line":553,"column":28}},"90":{"start":{"line":557,"column":8},"end":{"line":557,"column":47}},"91":{"start":{"line":558,"column":8},"end":{"line":558,"column":43}},"92":{"start":{"line":561,"column":8},"end":{"line":561,"column":53}},"93":{"start":{"line":563,"column":8},"end":{"line":563,"column":44}},"94":{"start":{"line":577,"column":8},"end":{"line":577,"column":23710}},"95":{"start":{"line":578,"column":12},"end":{"line":578,"column":28}},"96":{"start":{"line":582,"column":8},"end":{"line":582,"column":53}},"97":{"start":{"line":584,"column":8},"end":{"line":584,"column":51}},"98":{"start":{"line":590,"column":8},"end":{"line":590,"column":24038}},"99":{"start":{"line":591,"column":12},"end":{"line":591,"column":55}},"100":{"start":{"line":613,"column":8},"end":{"line":613,"column":60}},"101":{"start":{"line":616,"column":8},"end":{"line":616,"column":53}},"102":{"start":{"line":619,"column":8},"end":{"line":619,"column":52}},"103":{"start":{"line":622,"column":8},"end":{"line":622,"column":45}},"104":{"start":{"line":625,"column":8},"end":{"line":625,"column":46}},"105":{"start":{"line":627,"column":8},"end":{"line":627,"column":45}},"106":{"start":{"line":641,"column":8},"end":{"line":641,"column":26}},"107":{"start":{"line":650,"column":8},"end":{"line":650,"column":70}},"108":{"start":{"line":650,"column":60},"end":{"line":650,"column":68}},"109":{"start":{"line":653,"column":8},"end":{"line":653,"column":91}},"110":{"start":{"line":661,"column":8},"end":{"line":661,"column":56}},"111":{"start":{"line":661,"column":48},"end":{"line":661,"column":56}},"112":{"start":{"line":664,"column":8},"end":{"line":664,"column":66}},"113":{"start":{"line":664,"column":58},"end":{"line":664,"column":66}},"114":{"start":{"line":666,"column":8},"end":{"line":666,"column":27113}},"115":{"start":{"line":686,"column":8},"end":{"line":686,"column":28255}},"116":{"start":{"line":694,"column":8},"end":{"line":694,"column":47}},"117":{"start":{"line":694,"column":37},"end":{"line":694,"column":45}},"118":{"start":{"line":697,"column":8},"end":{"line":697,"column":80}},"119":{"start":{"line":708,"column":8},"end":{"line":708,"column":35}},"120":{"start":{"line":709,"column":8},"end":{"line":709,"column":30}},"121":{"start":{"line":710,"column":8},"end":{"line":710,"column":29170}},"122":{"start":{"line":711,"column":12},"end":{"line":711,"column":29252}},"123":{"start":{"line":712,"column":16},"end":{"line":712,"column":106}},"124":{"start":{"line":714,"column":12},"end":{"line":714,"column":99}},"125":{"start":{"line":717,"column":8},"end":{"line":717,"column":37}},"126":{"start":{"line":717,"column":29},"end":{"line":717,"column":37}},"127":{"start":{"line":719,"column":8},"end":{"line":719,"column":49}},"128":{"start":{"line":735,"column":8},"end":{"line":735,"column":169}},"129":{"start":{"line":749,"column":8},"end":{"line":749,"column":65}},"130":{"start":{"line":749,"column":55},"end":{"line":749,"column":63}},"131":{"start":{"line":752,"column":8},"end":{"line":752,"column":103}},"132":{"start":{"line":772,"column":8},"end":{"line":772,"column":66}},"133":{"start":{"line":774,"column":8},"end":{"line":774,"column":56}},"134":{"start":{"line":793,"column":8},"end":{"line":793,"column":42}},"135":{"start":{"line":799,"column":8},"end":{"line":799,"column":94}},"136":{"start":{"line":801,"column":8},"end":{"line":801,"column":62}},"137":{"start":{"line":802,"column":8},"end":{"line":802,"column":86}},"138":{"start":{"line":805,"column":8},"end":{"line":805,"column":63}},"139":{"start":{"line":805,"column":37},"end":{"line":805,"column":63}},"140":{"start":{"line":807,"column":8},"end":{"line":807,"column":124}},"141":{"start":{"line":808,"column":8},"end":{"line":808,"column":63}},"142":{"start":{"line":810,"column":8},"end":{"line":810,"column":33305}},"143":{"start":{"line":825,"column":8},"end":{"line":825,"column":44}},"144":{"start":{"line":831,"column":8},"end":{"line":831,"column":92}},"145":{"start":{"line":834,"column":8},"end":{"line":834,"column":48}},"146":{"start":{"line":834,"column":40},"end":{"line":834,"column":48}},"147":{"start":{"line":836,"column":8},"end":{"line":836,"column":34104}},"148":{"start":{"line":850,"column":8},"end":{"line":850,"column":55}},"149":{"start":{"line":857,"column":8},"end":{"line":857,"column":31}},"150":{"start":{"line":858,"column":8},"end":{"line":858,"column":34787}},"151":{"start":{"line":859,"column":12},"end":{"line":859,"column":87}},"152":{"start":{"line":861,"column":8},"end":{"line":861,"column":26}},"153":{"start":{"line":873,"column":8},"end":{"line":873,"column":35402}},"154":{"start":{"line":882,"column":8},"end":{"line":882,"column":35699}},"155":{"start":{"line":883,"column":12},"end":{"line":883,"column":83}},"156":{"start":{"line":887,"column":8},"end":{"line":887,"column":35985}},"157":{"start":{"line":888,"column":12},"end":{"line":888,"column":80}},"158":{"start":{"line":891,"column":8},"end":{"line":891,"column":68}},"159":{"start":{"line":902,"column":8},"end":{"line":902,"column":85}},"160":{"start":{"line":904,"column":8},"end":{"line":904,"column":65}},"161":{"start":{"line":915,"column":8},"end":{"line":915,"column":37052}},"162":{"start":{"line":923,"column":8},"end":{"line":923,"column":101}},"163":{"start":{"line":924,"column":8},"end":{"line":924,"column":140}},"164":{"start":{"line":926,"column":8},"end":{"line":926,"column":78}},"165":{"start":{"line":938,"column":8},"end":{"line":938,"column":38222}},"166":{"start":{"line":948,"column":8},"end":{"line":948,"column":101}},"167":{"start":{"line":949,"column":8},"end":{"line":949,"column":140}},"168":{"start":{"line":951,"column":8},"end":{"line":951,"column":69}},"169":{"start":{"line":962,"column":8},"end":{"line":962,"column":54}},"170":{"start":{"line":965,"column":8},"end":{"line":965,"column":39523}},"171":{"start":{"line":974,"column":8},"end":{"line":974,"column":39770}},"172":{"start":{"line":980,"column":8},"end":{"line":980,"column":72}},"173":{"start":{"line":993,"column":8},"end":{"line":993,"column":55}},"174":{"start":{"line":994,"column":8},"end":{"line":994,"column":72}},"175":{"start":{"line":995,"column":8},"end":{"line":995,"column":40606}},"176":{"start":{"line":1012,"column":8},"end":{"line":1012,"column":75}},"177":{"start":{"line":1015,"column":8},"end":{"line":1015,"column":41429}},"178":{"start":{"line":1024,"column":8},"end":{"line":1024,"column":41745}},"179":{"start":{"line":1032,"column":8},"end":{"line":1032,"column":92}},"180":{"start":{"line":1051,"column":8},"end":{"line":1051,"column":60}},"181":{"start":{"line":1052,"column":8},"end":{"line":1052,"column":62}},"182":{"start":{"line":1053,"column":8},"end":{"line":1053,"column":55}},"183":{"start":{"line":1056,"column":8},"end":{"line":1056,"column":57}},"184":{"start":{"line":1057,"column":8},"end":{"line":1057,"column":87}},"185":{"start":{"line":1058,"column":8},"end":{"line":1058,"column":73}},"186":{"start":{"line":1061,"column":8},"end":{"line":1061,"column":78}},"187":{"start":{"line":1064,"column":8},"end":{"line":1064,"column":71}},"188":{"start":{"line":1066,"column":8},"end":{"line":1066,"column":51}},"189":{"start":{"line":1068,"column":8},"end":{"line":1068,"column":28}},"190":{"start":{"line":1079,"column":8},"end":{"line":1079,"column":74}},"191":{"start":{"line":1079,"column":60},"end":{"line":1079,"column":74}},"192":{"start":{"line":1080,"column":8},"end":{"line":1080,"column":114}},"193":{"start":{"line":1088,"column":8},"end":{"line":1088,"column":74}},"194":{"start":{"line":1088,"column":60},"end":{"line":1088,"column":74}},"195":{"start":{"line":1089,"column":8},"end":{"line":1089,"column":115}},"196":{"start":{"line":1104,"column":8},"end":{"line":1104,"column":72}},"197":{"start":{"line":1107,"column":8},"end":{"line":1107,"column":40}},"198":{"start":{"line":1108,"column":8},"end":{"line":1108,"column":45124}},"199":{"start":{"line":1109,"column":12},"end":{"line":1109,"column":79}},"200":{"start":{"line":1110,"column":12},"end":{"line":1110,"column":85}},"201":{"start":{"line":1114,"column":8},"end":{"line":1114,"column":57}},"202":{"start":{"line":1124,"column":8},"end":{"line":1124,"column":60}},"203":{"start":{"line":1125,"column":8},"end":{"line":1125,"column":70}},"204":{"start":{"line":1139,"column":8},"end":{"line":1139,"column":69}},"205":{"start":{"line":1142,"column":8},"end":{"line":1142,"column":99}},"206":{"start":{"line":1145,"column":8},"end":{"line":1145,"column":46938}},"207":{"start":{"line":1146,"column":12},"end":{"line":1146,"column":84}},"208":{"start":{"line":1147,"column":12},"end":{"line":1147,"column":51}},"209":{"start":{"line":1151,"column":8},"end":{"line":1151,"column":60}},"210":{"start":{"line":1153,"column":8},"end":{"line":1153,"column":29}},"211":{"start":{"line":1170,"column":8},"end":{"line":1170,"column":54}},"212":{"start":{"line":1173,"column":8},"end":{"line":1173,"column":79}},"213":{"start":{"line":1176,"column":8},"end":{"line":1176,"column":45}},"214":{"start":{"line":1179,"column":8},"end":{"line":1179,"column":46}},"215":{"start":{"line":1181,"column":8},"end":{"line":1181,"column":41}},"216":{"start":{"line":1187,"column":8},"end":{"line":1187,"column":79}},"217":{"start":{"line":1188,"column":8},"end":{"line":1188,"column":39}},"218":{"start":{"line":1190,"column":8},"end":{"line":1190,"column":53}},"219":{"start":{"line":1209,"column":8},"end":{"line":1209,"column":49}},"220":{"start":{"line":1210,"column":8},"end":{"line":1210,"column":39}},"221":{"start":{"line":1211,"column":8},"end":{"line":1211,"column":47}},"222":{"start":{"line":1221,"column":8},"end":{"line":1221,"column":51}},"223":{"start":{"line":1222,"column":8},"end":{"line":1222,"column":42}},"224":{"start":{"line":1223,"column":8},"end":{"line":1223,"column":48}},"225":{"start":{"line":1231,"column":8},"end":{"line":1231,"column":43}},"226":{"start":{"line":1232,"column":8},"end":{"line":1232,"column":51}},"227":{"start":{"line":1240,"column":8},"end":{"line":1240,"column":78}},"228":{"start":{"line":1241,"column":8},"end":{"line":1241,"column":59}},"229":{"start":{"line":1242,"column":8},"end":{"line":1242,"column":67}},"230":{"start":{"line":1250,"column":8},"end":{"line":1250,"column":48}},"231":{"start":{"line":1251,"column":8},"end":{"line":1251,"column":56}},"232":{"start":{"line":1259,"column":8},"end":{"line":1259,"column":55}},"233":{"start":{"line":1260,"column":8},"end":{"line":1260,"column":31}},"234":{"start":{"line":1261,"column":8},"end":{"line":1261,"column":39}}},"branchMap":{"1":{"line":206,"type":"if","locations":[{"start":{"line":206,"column":8},"end":{"line":206,"column":8}},{"start":{"line":206,"column":8},"end":{"line":206,"column":8}}]},"2":{"line":243,"type":"if","locations":[{"start":{"line":243,"column":8},"end":{"line":243,"column":8}},{"start":{"line":243,"column":8},"end":{"line":243,"column":8}}]},"3":{"line":258,"type":"if","locations":[{"start":{"line":258,"column":8},"end":{"line":258,"column":8}},{"start":{"line":258,"column":8},"end":{"line":258,"column":8}}]},"4":{"line":267,"type":"if","locations":[{"start":{"line":267,"column":8},"end":{"line":267,"column":8}},{"start":{"line":267,"column":8},"end":{"line":267,"column":8}}]},"5":{"line":268,"type":"if","locations":[{"start":{"line":268,"column":8},"end":{"line":268,"column":8}},{"start":{"line":268,"column":8},"end":{"line":268,"column":8}}]},"6":{"line":278,"type":"if","locations":[{"start":{"line":278,"column":8},"end":{"line":278,"column":8}},{"start":{"line":278,"column":8},"end":{"line":278,"column":8}}]},"7":{"line":285,"type":"if","locations":[{"start":{"line":285,"column":8},"end":{"line":285,"column":8}},{"start":{"line":285,"column":8},"end":{"line":285,"column":8}}]},"8":{"line":293,"type":"if","locations":[{"start":{"line":293,"column":8},"end":{"line":293,"column":8}},{"start":{"line":293,"column":8},"end":{"line":293,"column":8}}]},"9":{"line":303,"type":"if","locations":[{"start":{"line":303,"column":8},"end":{"line":303,"column":8}},{"start":{"line":303,"column":8},"end":{"line":303,"column":8}}]},"10":{"line":319,"type":"if","locations":[{"start":{"line":319,"column":8},"end":{"line":319,"column":8}},{"start":{"line":319,"column":8},"end":{"line":319,"column":8}}]},"11":{"line":334,"type":"if","locations":[{"start":{"line":334,"column":8},"end":{"line":334,"column":8}},{"start":{"line":334,"column":8},"end":{"line":334,"column":8}}]},"12":{"line":339,"type":"if","locations":[{"start":{"line":339,"column":8},"end":{"line":339,"column":8}},{"start":{"line":339,"column":8},"end":{"line":339,"column":8}}]},"13":{"line":343,"type":"if","locations":[{"start":{"line":343,"column":8},"end":{"line":343,"column":8}},{"start":{"line":343,"column":8},"end":{"line":343,"column":8}}]},"14":{"line":347,"type":"if","locations":[{"start":{"line":347,"column":8},"end":{"line":347,"column":8}},{"start":{"line":347,"column":8},"end":{"line":347,"column":8}}]},"15":{"line":352,"type":"if","locations":[{"start":{"line":352,"column":8},"end":{"line":352,"column":8}},{"start":{"line":352,"column":8},"end":{"line":352,"column":8}}]},"16":{"line":362,"type":"if","locations":[{"start":{"line":362,"column":8},"end":{"line":362,"column":8}},{"start":{"line":362,"column":8},"end":{"line":362,"column":8}}]},"17":{"line":375,"type":"if","locations":[{"start":{"line":375,"column":8},"end":{"line":375,"column":8}},{"start":{"line":375,"column":8},"end":{"line":375,"column":8}}]},"18":{"line":388,"type":"if","locations":[{"start":{"line":388,"column":8},"end":{"line":388,"column":8}},{"start":{"line":388,"column":8},"end":{"line":388,"column":8}}]},"19":{"line":440,"type":"if","locations":[{"start":{"line":440,"column":12},"end":{"line":440,"column":12}},{"start":{"line":440,"column":12},"end":{"line":440,"column":12}}]},"20":{"line":461,"type":"if","locations":[{"start":{"line":461,"column":8},"end":{"line":461,"column":8}},{"start":{"line":461,"column":8},"end":{"line":461,"column":8}}]},"21":{"line":464,"type":"if","locations":[{"start":{"line":464,"column":8},"end":{"line":464,"column":8}},{"start":{"line":464,"column":8},"end":{"line":464,"column":8}}]},"22":{"line":485,"type":"if","locations":[{"start":{"line":485,"column":8},"end":{"line":485,"column":8}},{"start":{"line":485,"column":8},"end":{"line":485,"column":8}}]},"23":{"line":486,"type":"if","locations":[{"start":{"line":486,"column":8},"end":{"line":486,"column":8}},{"start":{"line":486,"column":8},"end":{"line":486,"column":8}}]},"24":{"line":498,"type":"if","locations":[{"start":{"line":498,"column":8},"end":{"line":498,"column":8}},{"start":{"line":498,"column":8},"end":{"line":498,"column":8}}]},"25":{"line":526,"type":"if","locations":[{"start":{"line":526,"column":8},"end":{"line":526,"column":8}},{"start":{"line":526,"column":8},"end":{"line":526,"column":8}}]},"26":{"line":552,"type":"if","locations":[{"start":{"line":552,"column":8},"end":{"line":552,"column":8}},{"start":{"line":552,"column":8},"end":{"line":552,"column":8}}]},"27":{"line":577,"type":"if","locations":[{"start":{"line":577,"column":8},"end":{"line":577,"column":8}},{"start":{"line":577,"column":8},"end":{"line":577,"column":8}}]},"28":{"line":650,"type":"if","locations":[{"start":{"line":650,"column":8},"end":{"line":650,"column":8}},{"start":{"line":650,"column":8},"end":{"line":650,"column":8}}]},"29":{"line":661,"type":"if","locations":[{"start":{"line":661,"column":8},"end":{"line":661,"column":8}},{"start":{"line":661,"column":8},"end":{"line":661,"column":8}}]},"30":{"line":664,"type":"if","locations":[{"start":{"line":664,"column":8},"end":{"line":664,"column":8}},{"start":{"line":664,"column":8},"end":{"line":664,"column":8}}]},"31":{"line":694,"type":"if","locations":[{"start":{"line":694,"column":8},"end":{"line":694,"column":8}},{"start":{"line":694,"column":8},"end":{"line":694,"column":8}}]},"32":{"line":711,"type":"if","locations":[{"start":{"line":711,"column":12},"end":{"line":711,"column":12}},{"start":{"line":711,"column":12},"end":{"line":711,"column":12}}]},"33":{"line":717,"type":"if","locations":[{"start":{"line":717,"column":8},"end":{"line":717,"column":8}},{"start":{"line":717,"column":8},"end":{"line":717,"column":8}}]},"34":{"line":749,"type":"if","locations":[{"start":{"line":749,"column":8},"end":{"line":749,"column":8}},{"start":{"line":749,"column":8},"end":{"line":749,"column":8}}]},"35":{"line":805,"type":"if","locations":[{"start":{"line":805,"column":8},"end":{"line":805,"column":8}},{"start":{"line":805,"column":8},"end":{"line":805,"column":8}}]},"36":{"line":834,"type":"if","locations":[{"start":{"line":834,"column":8},"end":{"line":834,"column":8}},{"start":{"line":834,"column":8},"end":{"line":834,"column":8}}]},"37":{"line":882,"type":"if","locations":[{"start":{"line":882,"column":8},"end":{"line":882,"column":8}},{"start":{"line":882,"column":8},"end":{"line":882,"column":8}}]},"38":{"line":887,"type":"if","locations":[{"start":{"line":887,"column":8},"end":{"line":887,"column":8}},{"start":{"line":887,"column":8},"end":{"line":887,"column":8}}]},"39":{"line":962,"type":"if","locations":[{"start":{"line":962,"column":8},"end":{"line":962,"column":8}},{"start":{"line":962,"column":8},"end":{"line":962,"column":8}}]},"40":{"line":993,"type":"if","locations":[{"start":{"line":993,"column":8},"end":{"line":993,"column":8}},{"start":{"line":993,"column":8},"end":{"line":993,"column":8}}]},"41":{"line":994,"type":"if","locations":[{"start":{"line":994,"column":8},"end":{"line":994,"column":8}},{"start":{"line":994,"column":8},"end":{"line":994,"column":8}}]},"42":{"line":995,"type":"if","locations":[{"start":{"line":995,"column":8},"end":{"line":995,"column":8}},{"start":{"line":995,"column":8},"end":{"line":995,"column":8}}]},"43":{"line":1079,"type":"if","locations":[{"start":{"line":1079,"column":8},"end":{"line":1079,"column":8}},{"start":{"line":1079,"column":8},"end":{"line":1079,"column":8}}]},"44":{"line":1088,"type":"if","locations":[{"start":{"line":1088,"column":8},"end":{"line":1088,"column":8}},{"start":{"line":1088,"column":8},"end":{"line":1088,"column":8}}]},"45":{"line":1108,"type":"if","locations":[{"start":{"line":1108,"column":8},"end":{"line":1108,"column":8}},{"start":{"line":1108,"column":8},"end":{"line":1108,"column":8}}]},"46":{"line":1145,"type":"if","locations":[{"start":{"line":1145,"column":8},"end":{"line":1145,"column":8}},{"start":{"line":1145,"column":8},"end":{"line":1145,"column":8}}]},"47":{"line":1187,"type":"if","locations":[{"start":{"line":1187,"column":8},"end":{"line":1187,"column":8}},{"start":{"line":1187,"column":8},"end":{"line":1187,"column":8}}]},"48":{"line":1188,"type":"if","locations":[{"start":{"line":1188,"column":8},"end":{"line":1188,"column":8}},{"start":{"line":1188,"column":8},"end":{"line":1188,"column":8}}]},"49":{"line":1209,"type":"if","locations":[{"start":{"line":1209,"column":8},"end":{"line":1209,"column":8}},{"start":{"line":1209,"column":8},"end":{"line":1209,"column":8}}]},"50":{"line":1221,"type":"if","locations":[{"start":{"line":1221,"column":8},"end":{"line":1221,"column":8}},{"start":{"line":1221,"column":8},"end":{"line":1221,"column":8}}]},"51":{"line":1240,"type":"if","locations":[{"start":{"line":1240,"column":8},"end":{"line":1240,"column":8}},{"start":{"line":1240,"column":8},"end":{"line":1240,"column":8}}]},"52":{"line":1259,"type":"if","locations":[{"start":{"line":1259,"column":8},"end":{"line":1259,"column":8}},{"start":{"line":1259,"column":8},"end":{"line":1259,"column":8}}]}}},"contracts/CartographerElevation.sol":{"l":{"176":9,"177":9,"178":9,"179":9,"188":42,"189":42,"190":42,"191":42,"207":727,"210":727,"211":727,"214":347,"217":236,"218":235,"221":552,"224":552,"225":552,"228":17,"229":17,"232":97,"233":97,"236":97,"237":97,"240":317,"243":317,"244":315,"247":1381,"250":1381,"251":1381,"254":235,"255":235,"256":220,"269":1393,"272":1045,"275":14,"278":936,"282":504,"285":0,"288":9,"291":23,"298":107,"301":9,"314":23,"315":23,"316":23,"319":23,"322":23,"325":23,"328":115,"329":74,"333":41,"338":23,"352":18,"354":18,"356":18,"357":18,"358":17,"360":1,"374":17,"377":17,"395":17,"406":15,"407":15,"410":15,"414":15,"417":15,"428":415,"441":81,"442":121,"453":1121,"456":1121,"460":813,"461":477,"462":477,"466":336,"469":336,"472":336,"475":336,"476":1807,"480":336,"501":69,"502":69,"505":69,"518":0,"521":0,"522":0,"524":0,"531":0,"548":27,"549":27,"552":27,"553":27,"554":27,"555":27,"557":81,"562":81,"563":81,"564":81,"568":27,"570":27,"588":3,"591":3,"610":84,"613":84,"628":30,"629":30,"654":81,"656":81,"658":81,"695":103,"696":103,"699":103,"700":103,"701":103,"702":103,"704":307,"707":307,"708":307,"712":103,"715":103,"717":307,"729":307,"732":307,"735":307,"736":82,"737":82,"738":82,"742":225,"743":225,"746":225,"749":225,"756":225,"757":225,"777":270,"779":138,"792":431,"795":431,"797":270,"798":270,"801":270,"804":270,"807":74,"810":74,"813":74,"815":74,"830":39,"848":362,"851":362,"852":25,"855":337,"868":668,"871":668,"872":464,"876":184,"881":20,"884":20,"888":668,"892":668,"895":668,"898":668,"914":707,"917":268,"919":268,"920":166,"922":102,"934":97,"937":97,"940":97,"941":97,"942":97,"943":29,"947":97,"948":97,"949":97,"962":29,"963":29,"965":29,"973":29,"974":29,"975":29,"976":29,"978":29,"1002":707,"1016":9,"1019":9,"1020":9,"1022":27,"1030":9,"1039":185,"1045":218,"1060":236,"1063":218,"1071":218,"1090":39,"1113":88,"1121":88,"1142":362,"1145":362,"1148":362,"1151":362,"1154":362,"1169":218,"1170":218,"1172":218,"1175":218,"1178":191,"1179":185,"1182":191,"1183":191,"1185":191,"1189":218,"1192":218,"1195":218,"1212":127,"1214":127,"1216":127,"1219":39,"1224":88,"1227":88,"1232":127,"1233":127,"1234":121,"1238":127,"1239":127,"1241":127,"1244":127,"1247":127},"path":"/Users/roguerotkosky/Development/Summit/summit-contracts-v2/contracts/CartographerElevation.sol","s":{"1":9,"2":9,"3":9,"4":9,"5":42,"6":42,"7":42,"8":42,"9":727,"10":727,"11":347,"12":236,"13":552,"14":552,"15":17,"16":97,"17":97,"18":317,"19":317,"20":1381,"21":1381,"22":235,"23":235,"24":1393,"25":1045,"26":14,"27":936,"28":504,"29":0,"30":9,"31":23,"32":107,"33":98,"34":9,"35":23,"36":23,"37":23,"38":23,"39":23,"40":23,"41":115,"42":74,"43":41,"44":23,"45":18,"46":0,"47":18,"48":18,"49":18,"50":17,"51":1,"52":17,"53":17,"54":17,"55":16,"56":15,"57":15,"58":15,"59":1,"60":15,"61":15,"62":415,"63":81,"64":121,"65":1121,"66":1121,"67":308,"68":813,"69":477,"70":477,"71":336,"72":336,"73":336,"74":336,"75":1807,"76":336,"77":69,"78":69,"79":69,"80":0,"81":0,"82":0,"83":0,"84":0,"85":27,"86":0,"87":27,"88":27,"89":27,"90":27,"91":27,"92":81,"93":81,"94":81,"95":81,"96":27,"97":27,"98":3,"99":3,"100":84,"101":84,"102":30,"103":30,"104":81,"105":81,"106":81,"107":103,"108":103,"109":103,"110":103,"111":103,"112":103,"113":307,"114":307,"115":307,"116":103,"117":103,"118":307,"119":307,"120":307,"121":1,"122":307,"123":82,"124":82,"125":82,"126":225,"127":225,"128":225,"129":225,"130":225,"131":225,"132":270,"133":132,"134":138,"135":431,"136":431,"137":161,"138":270,"139":270,"140":270,"141":270,"142":196,"143":74,"144":74,"145":74,"146":74,"147":39,"148":362,"149":362,"150":25,"151":337,"152":668,"153":668,"154":464,"155":204,"156":184,"157":20,"158":20,"159":668,"160":580,"161":88,"162":668,"163":668,"164":668,"165":707,"166":439,"167":268,"168":268,"169":166,"170":102,"171":97,"172":97,"173":97,"174":97,"175":97,"176":29,"177":97,"178":97,"179":97,"180":29,"181":29,"182":29,"183":29,"184":29,"185":29,"186":29,"187":29,"188":707,"189":9,"190":9,"191":9,"192":27,"193":9,"194":185,"195":218,"196":236,"197":218,"198":218,"199":39,"200":88,"201":88,"202":362,"203":362,"204":362,"205":362,"206":362,"207":218,"208":218,"209":218,"210":218,"211":191,"212":185,"213":191,"214":191,"215":191,"216":218,"217":218,"218":218,"219":127,"220":127,"221":127,"222":39,"223":88,"224":88,"225":127,"226":127,"227":121,"228":127,"229":127,"230":127,"231":127,"232":127},"b":{"1":[9,0],"2":[9,0],"3":[42,0],"4":[42,0],"5":[727,0],"6":[235,1],"7":[552,0],"8":[17,0],"9":[97,0],"10":[97,0],"11":[315,2],"12":[1381,0],"13":[235,0],"14":[220,15],"15":[98,9],"16":[74,41],"17":[0,18],"18":[18,0],"19":[17,1],"20":[16,1],"21":[1,14],"22":[308,813],"23":[477,336],"24":[0,27],"25":[1,306],"26":[82,225],"27":[132,138],"28":[161,270],"29":[196,74],"30":[25,337],"31":[464,204],"32":[184,20],"33":[580,88],"34":[439,268],"35":[268,0],"36":[166,102],"37":[97,0],"38":[191,27],"39":[185,6],"40":[127,0],"41":[39,88],"42":[121,6]},"f":{"1":9,"2":42,"3":0,"4":727,"5":727,"6":347,"7":236,"8":552,"9":552,"10":17,"11":97,"12":97,"13":317,"14":317,"15":1381,"16":1381,"17":235,"18":1393,"19":1045,"20":14,"21":936,"22":504,"23":0,"24":9,"25":23,"26":107,"27":23,"28":18,"29":17,"30":15,"31":415,"32":81,"33":1121,"34":69,"35":0,"36":27,"37":3,"38":84,"39":30,"40":81,"41":103,"42":307,"43":270,"44":431,"45":39,"46":362,"47":668,"48":707,"49":97,"50":29,"51":707,"52":9,"53":185,"54":218,"55":236,"56":39,"57":88,"58":362,"59":218,"60":127},"fnMap":{"1":{"name":"constructor","line":174,"loc":{"start":{"line":174,"column":4},"end":{"line":180,"column":4}}},"2":{"name":"initialize","line":186,"loc":{"start":{"line":184,"column":4},"end":{"line":192,"column":4}}},"3":{"name":"enable","line":195,"loc":{"start":{"line":195,"column":4},"end":{"line":195,"column":48}}},"4":{"name":"_onlyCartographer","line":206,"loc":{"start":{"line":206,"column":4},"end":{"line":208,"column":4}}},"5":{"name":"onlyCartographer","line":209,"loc":{"start":{"line":209,"column":4},"end":{"line":212,"column":4}}},"6":{"name":"_totemSelected","line":213,"loc":{"start":{"line":213,"column":4},"end":{"line":215,"column":4}}},"7":{"name":"userHasSelectedTotem","line":216,"loc":{"start":{"line":216,"column":4},"end":{"line":219,"column":4}}},"8":{"name":"_validUserAdd","line":220,"loc":{"start":{"line":220,"column":4},"end":{"line":222,"column":4}}},"9":{"name":"validUserAdd","line":223,"loc":{"start":{"line":223,"column":4},"end":{"line":226,"column":4}}},"10":{"name":"nonDuplicated","line":227,"loc":{"start":{"line":227,"column":4},"end":{"line":230,"column":4}}},"11":{"name":"validTotem","line":231,"loc":{"start":{"line":231,"column":4},"end":{"line":234,"column":4}}},"12":{"name":"elevationTotemSelectionAvailable","line":235,"loc":{"start":{"line":235,"column":4},"end":{"line":238,"column":4}}},"13":{"name":"_elevationInteractionsAvailable","line":239,"loc":{"start":{"line":239,"column":4},"end":{"line":241,"column":4}}},"14":{"name":"elevationInteractionsAvailable","line":242,"loc":{"start":{"line":242,"column":4},"end":{"line":245,"column":4}}},"15":{"name":"_poolExists","line":246,"loc":{"start":{"line":246,"column":4},"end":{"line":248,"column":4}}},"16":{"name":"poolExists","line":249,"loc":{"start":{"line":249,"column":4},"end":{"line":252,"column":4}}},"17":{"name":"poolExistsAndLaunched","line":253,"loc":{"start":{"line":253,"column":4},"end":{"line":257,"column":4}}},"18":{"name":"supply","line":268,"loc":{"start":{"line":268,"column":4},"end":{"line":270,"column":4}}},"19":{"name":"_getUserTotem","line":271,"loc":{"start":{"line":271,"column":4},"end":{"line":273,"column":4}}},"20":{"name":"isTotemSelected","line":274,"loc":{"start":{"line":274,"column":4},"end":{"line":276,"column":4}}},"21":{"name":"userStakedAmount","line":277,"loc":{"start":{"line":277,"column":4},"end":{"line":279,"column":4}}},"22":{"name":"getUserInteractingPools","line":281,"loc":{"start":{"line":281,"column":4},"end":{"line":283,"column":4}}},"23":{"name":"getPools","line":284,"loc":{"start":{"line":284,"column":4},"end":{"line":286,"column":4}}},"24":{"name":"getActivePools","line":287,"loc":{"start":{"line":287,"column":4},"end":{"line":289,"column":4}}},"25":{"name":"totemSupplies","line":290,"loc":{"start":{"line":290,"column":4},"end":{"line":292,"column":4}}},"26":{"name":"emissionToBringPoolCurrent","line":296,"loc":{"start":{"line":296,"column":4},"end":{"line":302,"column":4}}},"27":{"name":"totemRoundRewards","line":311,"loc":{"start":{"line":309,"column":4},"end":{"line":339,"column":4}}},"28":{"name":"_markPoolActive","line":349,"loc":{"start":{"line":349,"column":4},"end":{"line":362,"column":4}}},"29":{"name":"add","line":371,"loc":{"start":{"line":369,"column":4},"end":{"line":396,"column":4}}},"30":{"name":"set","line":404,"loc":{"start":{"line":402,"column":4},"end":{"line":418,"column":4}}},"31":{"name":"_updateTokenIsEarning","line":425,"loc":{"start":{"line":425,"column":4},"end":{"line":433,"column":4}}},"32":{"name":"massUpdatePools","line":439,"loc":{"start":{"line":437,"column":4},"end":{"line":444,"column":4}}},"33":{"name":"updatePool","line":451,"loc":{"start":{"line":449,"column":4},"end":{"line":481,"column":4}}},"34":{"name":"poolClaimableRewards","line":498,"loc":{"start":{"line":496,"column":4},"end":{"line":506,"column":4}}},"35":{"name":"elevClaimableRewards","line":514,"loc":{"start":{"line":512,"column":4},"end":{"line":532,"column":4}}},"36":{"name":"elevPotentialWinnings","line":544,"loc":{"start":{"line":542,"column":4},"end":{"line":574,"column":4}}},"37":{"name":"poolYieldContributed","line":584,"loc":{"start":{"line":582,"column":4},"end":{"line":596,"column":4}}},"38":{"name":"_liveAccSummitPerShare","line":605,"loc":{"start":{"line":605,"column":4},"end":{"line":617,"column":4}}},"39":{"name":"_liveYieldContributed","line":624,"loc":{"start":{"line":624,"column":4},"end":{"line":636,"column":4}}},"40":{"name":"_liveUserAndPoolRoundRewards","line":650,"loc":{"start":{"line":650,"column":4},"end":{"line":679,"column":4}}},"41":{"name":"rollover","line":693,"loc":{"start":{"line":691,"column":4},"end":{"line":719,"column":4}}},"42":{"name":"rolloverPool","line":726,"loc":{"start":{"line":726,"column":4},"end":{"line":758,"column":4}}},"43":{"name":"_userFirstInteractedRoundWinnings","line":773,"loc":{"start":{"line":773,"column":4},"end":{"line":780,"column":4}}},"44":{"name":"_claimableWinnings","line":788,"loc":{"start":{"line":788,"column":4},"end":{"line":816,"column":4}}},"45":{"name":"_emergencyWithdrawResetUser","line":829,"loc":{"start":{"line":829,"column":4},"end":{"line":837,"column":4}}},"46":{"name":"_claimWinnings","line":843,"loc":{"start":{"line":843,"column":4},"end":{"line":856,"column":4}}},"47":{"name":"_updateUserRoundInteraction","line":865,"loc":{"start":{"line":865,"column":4},"end":{"line":899,"column":4}}},"48":{"name":"_markUserInteractingWithPool","line":912,"loc":{"start":{"line":912,"column":4},"end":{"line":924,"column":4}}},"49":{"name":"switchTotem","line":932,"loc":{"start":{"line":930,"column":4},"end":{"line":950,"column":4}}},"50":{"name":"_switchTotemForPool","line":958,"loc":{"start":{"line":958,"column":4},"end":{"line":979,"column":4}}},"51":{"name":"_userInteractingWithPool","line":998,"loc":{"start":{"line":998,"column":4},"end":{"line":1003,"column":4}}},"52":{"name":"claimElevation","line":1011,"loc":{"start":{"line":1009,"column":4},"end":{"line":1031,"column":4}}},"53":{"name":"_depositTokenManagement","line":1035,"loc":{"start":{"line":1035,"column":4},"end":{"line":1040,"column":4}}},"54":{"name":"_depositValidate","line":1044,"loc":{"start":{"line":1042,"column":4},"end":{"line":1045,"column":14}}},"55":{"name":"deposit","line":1056,"loc":{"start":{"line":1054,"column":4},"end":{"line":1078,"column":4}}},"56":{"name":"emergencyWithdraw","line":1087,"loc":{"start":{"line":1085,"column":4},"end":{"line":1098,"column":4}}},"57":{"name":"withdraw","line":1109,"loc":{"start":{"line":1107,"column":4},"end":{"line":1129,"column":4}}},"58":{"name":"_unifiedClaim","line":1138,"loc":{"start":{"line":1138,"column":4},"end":{"line":1155,"column":4}}},"59":{"name":"_unifiedDeposit","line":1165,"loc":{"start":{"line":1165,"column":4},"end":{"line":1196,"column":4}}},"60":{"name":"_unifiedWithdraw","line":1207,"loc":{"start":{"line":1207,"column":4},"end":{"line":1248,"column":4}}}},"statementMap":{"1":{"start":{"line":176,"column":8},"end":{"line":176,"column":68}},"2":{"start":{"line":177,"column":8},"end":{"line":177,"column":71}},"3":{"start":{"line":178,"column":8},"end":{"line":178,"column":49}},"4":{"start":{"line":179,"column":8},"end":{"line":179,"column":29}},"5":{"start":{"line":188,"column":8},"end":{"line":188,"column":66}},"6":{"start":{"line":189,"column":8},"end":{"line":189,"column":72}},"7":{"start":{"line":190,"column":8},"end":{"line":190,"column":58}},"8":{"start":{"line":191,"column":8},"end":{"line":191,"column":47}},"9":{"start":{"line":207,"column":8},"end":{"line":207,"column":72}},"10":{"start":{"line":210,"column":8},"end":{"line":210,"column":26}},"11":{"start":{"line":214,"column":8},"end":{"line":214,"column":56}},"12":{"start":{"line":217,"column":8},"end":{"line":217,"column":62}},"13":{"start":{"line":221,"column":8},"end":{"line":221,"column":62}},"14":{"start":{"line":224,"column":8},"end":{"line":224,"column":30}},"15":{"start":{"line":228,"column":8},"end":{"line":228,"column":58}},"16":{"start":{"line":232,"column":8},"end":{"line":232,"column":79}},"17":{"start":{"line":236,"column":8},"end":{"line":236,"column":139}},"18":{"start":{"line":240,"column":8},"end":{"line":240,"column":97}},"19":{"start":{"line":243,"column":8},"end":{"line":243,"column":40}},"20":{"start":{"line":247,"column":8},"end":{"line":247,"column":64}},"21":{"start":{"line":250,"column":8},"end":{"line":250,"column":26}},"22":{"start":{"line":254,"column":8},"end":{"line":254,"column":64}},"23":{"start":{"line":255,"column":8},"end":{"line":255,"column":66}},"24":{"start":{"line":269,"column":8},"end":{"line":269,"column":38}},"25":{"start":{"line":272,"column":8},"end":{"line":272,"column":48}},"26":{"start":{"line":275,"column":8},"end":{"line":275,"column":39}},"27":{"start":{"line":278,"column":8},"end":{"line":278,"column":48}},"28":{"start":{"line":282,"column":8},"end":{"line":282,"column":54}},"29":{"start":{"line":285,"column":8},"end":{"line":285,"column":34}},"30":{"start":{"line":288,"column":8},"end":{"line":288,"column":35}},"31":{"start":{"line":291,"column":8},"end":{"line":291,"column":45}},"32":{"start":{"line":298,"column":8},"end":{"line":298,"column":117}},"33":{"start":{"line":298,"column":109},"end":{"line":298,"column":117}},"34":{"start":{"line":301,"column":8},"end":{"line":301,"column":95}},"35":{"start":{"line":314,"column":8},"end":{"line":314,"column":57}},"36":{"start":{"line":315,"column":8},"end":{"line":315,"column":64}},"37":{"start":{"line":316,"column":8},"end":{"line":316,"column":69}},"38":{"start":{"line":319,"column":8},"end":{"line":319,"column":73}},"39":{"start":{"line":322,"column":8},"end":{"line":322,"column":67}},"40":{"start":{"line":325,"column":8},"end":{"line":325,"column":13709}},"41":{"start":{"line":328,"column":12},"end":{"line":328,"column":13890}},"42":{"start":{"line":329,"column":16},"end":{"line":329,"column":62}},"43":{"start":{"line":333,"column":16},"end":{"line":333,"column":127}},"44":{"start":{"line":338,"column":8},"end":{"line":338,"column":27}},"45":{"start":{"line":352,"column":8},"end":{"line":352,"column":42}},"46":{"start":{"line":352,"column":36},"end":{"line":352,"column":42}},"47":{"start":{"line":354,"column":8},"end":{"line":354,"column":80}},"48":{"start":{"line":356,"column":8},"end":{"line":356,"column":28}},"49":{"start":{"line":357,"column":8},"end":{"line":357,"column":14769}},"50":{"start":{"line":358,"column":12},"end":{"line":358,"column":38}},"51":{"start":{"line":360,"column":12},"end":{"line":360,"column":41}},"52":{"start":{"line":374,"column":8},"end":{"line":374,"column":29}},"53":{"start":{"line":377,"column":8},"end":{"line":377,"column":15380}},"54":{"start":{"line":395,"column":8},"end":{"line":395,"column":58}},"55":{"start":{"line":395,"column":19},"end":{"line":395,"column":57}},"56":{"start":{"line":406,"column":8},"end":{"line":406,"column":57}},"57":{"start":{"line":407,"column":8},"end":{"line":407,"column":25}},"58":{"start":{"line":410,"column":8},"end":{"line":410,"column":46}},"59":{"start":{"line":410,"column":19},"end":{"line":410,"column":45}},"60":{"start":{"line":414,"column":8},"end":{"line":414,"column":34}},"61":{"start":{"line":417,"column":8},"end":{"line":417,"column":24}},"62":{"start":{"line":428,"column":8},"end":{"line":428,"column":17104}},"63":{"start":{"line":441,"column":8},"end":{"line":441,"column":17462}},"64":{"start":{"line":442,"column":12},"end":{"line":442,"column":43}},"65":{"start":{"line":453,"column":8},"end":{"line":453,"column":57}},"66":{"start":{"line":456,"column":8},"end":{"line":456,"column":63}},"67":{"start":{"line":456,"column":57},"end":{"line":456,"column":63}},"68":{"start":{"line":460,"column":8},"end":{"line":460,"column":18114}},"69":{"start":{"line":461,"column":12},"end":{"line":461,"column":53}},"70":{"start":{"line":462,"column":12},"end":{"line":462,"column":18}},"71":{"start":{"line":466,"column":8},"end":{"line":466,"column":111}},"72":{"start":{"line":469,"column":8},"end":{"line":469,"column":66}},"73":{"start":{"line":472,"column":8},"end":{"line":472,"column":40}},"74":{"start":{"line":475,"column":8},"end":{"line":475,"column":18900}},"75":{"start":{"line":476,"column":12},"end":{"line":476,"column":90}},"76":{"start":{"line":480,"column":8},"end":{"line":480,"column":49}},"77":{"start":{"line":501,"column":8},"end":{"line":501,"column":57}},"78":{"start":{"line":502,"column":8},"end":{"line":502,"column":58}},"79":{"start":{"line":505,"column":8},"end":{"line":505,"column":55}},"80":{"start":{"line":518,"column":8},"end":{"line":518,"column":29}},"81":{"start":{"line":521,"column":8},"end":{"line":521,"column":83}},"82":{"start":{"line":522,"column":8},"end":{"line":522,"column":20558}},"83":{"start":{"line":524,"column":12},"end":{"line":524,"column":20670}},"84":{"start":{"line":531,"column":8},"end":{"line":531,"column":24}},"85":{"start":{"line":548,"column":8},"end":{"line":548,"column":69}},"86":{"start":{"line":548,"column":56},"end":{"line":548,"column":69}},"87":{"start":{"line":549,"column":8},"end":{"line":549,"column":59}},"88":{"start":{"line":552,"column":8},"end":{"line":552,"column":45}},"89":{"start":{"line":553,"column":8},"end":{"line":553,"column":36}},"90":{"start":{"line":554,"column":8},"end":{"line":554,"column":42}},"91":{"start":{"line":555,"column":8},"end":{"line":555,"column":21955}},"92":{"start":{"line":557,"column":12},"end":{"line":557,"column":22139}},"93":{"start":{"line":562,"column":12},"end":{"line":562,"column":64}},"94":{"start":{"line":563,"column":12},"end":{"line":563,"column":42}},"95":{"start":{"line":564,"column":12},"end":{"line":564,"column":58}},"96":{"start":{"line":568,"column":8},"end":{"line":568,"column":117}},"97":{"start":{"line":570,"column":8},"end":{"line":570,"column":22755}},"98":{"start":{"line":588,"column":8},"end":{"line":588,"column":79}},"99":{"start":{"line":591,"column":8},"end":{"line":591,"column":23653}},"100":{"start":{"line":610,"column":8},"end":{"line":610,"column":73}},"101":{"start":{"line":613,"column":8},"end":{"line":613,"column":24552}},"102":{"start":{"line":628,"column":8},"end":{"line":628,"column":66}},"103":{"start":{"line":629,"column":8},"end":{"line":629,"column":25314}},"104":{"start":{"line":654,"column":8},"end":{"line":654,"column":57}},"105":{"start":{"line":656,"column":8},"end":{"line":656,"column":102}},"106":{"start":{"line":658,"column":8},"end":{"line":658,"column":26911}},"107":{"start":{"line":695,"column":8},"end":{"line":695,"column":66}},"108":{"start":{"line":696,"column":8},"end":{"line":696,"column":83}},"109":{"start":{"line":699,"column":8},"end":{"line":699,"column":36}},"110":{"start":{"line":700,"column":8},"end":{"line":700,"column":39}},"111":{"start":{"line":701,"column":8},"end":{"line":701,"column":53}},"112":{"start":{"line":702,"column":8},"end":{"line":702,"column":28944}},"113":{"start":{"line":704,"column":12},"end":{"line":704,"column":35}},"114":{"start":{"line":707,"column":12},"end":{"line":707,"column":66}},"115":{"start":{"line":708,"column":12},"end":{"line":708,"column":88}},"116":{"start":{"line":712,"column":8},"end":{"line":712,"column":111}},"117":{"start":{"line":715,"column":8},"end":{"line":715,"column":29619}},"118":{"start":{"line":717,"column":12},"end":{"line":717,"column":70}},"119":{"start":{"line":729,"column":8},"end":{"line":729,"column":57}},"120":{"start":{"line":732,"column":8},"end":{"line":732,"column":52}},"121":{"start":{"line":732,"column":24},"end":{"line":732,"column":51}},"122":{"start":{"line":735,"column":8},"end":{"line":735,"column":30505}},"123":{"start":{"line":736,"column":12},"end":{"line":736,"column":31}},"124":{"start":{"line":737,"column":12},"end":{"line":737,"column":38}},"125":{"start":{"line":738,"column":12},"end":{"line":738,"column":18}},"126":{"start":{"line":742,"column":8},"end":{"line":742,"column":124}},"127":{"start":{"line":743,"column":8},"end":{"line":743,"column":94}},"128":{"start":{"line":746,"column":8},"end":{"line":746,"column":120}},"129":{"start":{"line":749,"column":8},"end":{"line":749,"column":31265}},"130":{"start":{"line":756,"column":8},"end":{"line":756,"column":28}},"131":{"start":{"line":757,"column":8},"end":{"line":757,"column":84}},"132":{"start":{"line":777,"column":8},"end":{"line":777,"column":97}},"133":{"start":{"line":777,"column":89},"end":{"line":777,"column":97}},"134":{"start":{"line":779,"column":8},"end":{"line":779,"column":133}},"135":{"start":{"line":792,"column":8},"end":{"line":792,"column":66}},"136":{"start":{"line":795,"column":8},"end":{"line":795,"column":77}},"137":{"start":{"line":795,"column":69},"end":{"line":795,"column":77}},"138":{"start":{"line":797,"column":8},"end":{"line":797,"column":45}},"139":{"start":{"line":798,"column":8},"end":{"line":798,"column":29}},"140":{"start":{"line":801,"column":8},"end":{"line":801,"column":119}},"141":{"start":{"line":804,"column":8},"end":{"line":804,"column":71}},"142":{"start":{"line":804,"column":55},"end":{"line":804,"column":71}},"143":{"start":{"line":807,"column":8},"end":{"line":807,"column":34001}},"144":{"start":{"line":810,"column":8},"end":{"line":810,"column":118}},"145":{"start":{"line":813,"column":8},"end":{"line":813,"column":124}},"146":{"start":{"line":815,"column":8},"end":{"line":815,"column":24}},"147":{"start":{"line":830,"column":8},"end":{"line":830,"column":35119}},"148":{"start":{"line":848,"column":8},"end":{"line":848,"column":68}},"149":{"start":{"line":851,"column":8},"end":{"line":851,"column":35895}},"150":{"start":{"line":852,"column":12},"end":{"line":852,"column":78}},"151":{"start":{"line":855,"column":8},"end":{"line":855,"column":24}},"152":{"start":{"line":868,"column":8},"end":{"line":868,"column":66}},"153":{"start":{"line":871,"column":8},"end":{"line":871,"column":36708}},"154":{"start":{"line":872,"column":12},"end":{"line":872,"column":90}},"155":{"start":{"line":875,"column":15},"end":{"line":875,"column":36927}},"156":{"start":{"line":876,"column":12},"end":{"line":876,"column":28}},"157":{"start":{"line":881,"column":12},"end":{"line":881,"column":111}},"158":{"start":{"line":884,"column":12},"end":{"line":884,"column":102}},"159":{"start":{"line":888,"column":8},"end":{"line":888,"column":37817}},"160":{"start":{"line":888,"column":24},"end":{"line":888,"column":45}},"161":{"start":{"line":889,"column":13},"end":{"line":889,"column":34}},"162":{"start":{"line":892,"column":8},"end":{"line":892,"column":67}},"163":{"start":{"line":895,"column":8},"end":{"line":895,"column":67}},"164":{"start":{"line":898,"column":8},"end":{"line":898,"column":43}},"165":{"start":{"line":914,"column":8},"end":{"line":914,"column":83}},"166":{"start":{"line":914,"column":77},"end":{"line":914,"column":83}},"167":{"start":{"line":917,"column":8},"end":{"line":917,"column":109}},"168":{"start":{"line":919,"column":8},"end":{"line":919,"column":39002}},"169":{"start":{"line":920,"column":12},"end":{"line":920,"column":53}},"170":{"start":{"line":922,"column":12},"end":{"line":922,"column":56}},"171":{"start":{"line":934,"column":8},"end":{"line":934,"column":49}},"172":{"start":{"line":937,"column":8},"end":{"line":937,"column":85}},"173":{"start":{"line":940,"column":8},"end":{"line":940,"column":29}},"174":{"start":{"line":941,"column":8},"end":{"line":941,"column":83}},"175":{"start":{"line":942,"column":8},"end":{"line":942,"column":39986}},"176":{"start":{"line":943,"column":12},"end":{"line":943,"column":97}},"177":{"start":{"line":947,"column":8},"end":{"line":947,"column":49}},"178":{"start":{"line":948,"column":8},"end":{"line":948,"column":55}},"179":{"start":{"line":949,"column":8},"end":{"line":949,"column":95}},"180":{"start":{"line":962,"column":8},"end":{"line":962,"column":58}},"181":{"start":{"line":963,"column":8},"end":{"line":963,"column":57}},"182":{"start":{"line":965,"column":8},"end":{"line":965,"column":40953}},"183":{"start":{"line":973,"column":8},"end":{"line":973,"column":52}},"184":{"start":{"line":974,"column":8},"end":{"line":974,"column":51}},"185":{"start":{"line":975,"column":8},"end":{"line":975,"column":58}},"186":{"start":{"line":976,"column":8},"end":{"line":976,"column":57}},"187":{"start":{"line":978,"column":8},"end":{"line":978,"column":24}},"188":{"start":{"line":1002,"column":8},"end":{"line":1002,"column":48}},"189":{"start":{"line":1016,"column":8},"end":{"line":1016,"column":29}},"190":{"start":{"line":1019,"column":8},"end":{"line":1019,"column":83}},"191":{"start":{"line":1020,"column":8},"end":{"line":1020,"column":43151}},"192":{"start":{"line":1022,"column":12},"end":{"line":1022,"column":43263}},"193":{"start":{"line":1030,"column":8},"end":{"line":1030,"column":24}},"194":{"start":{"line":1039,"column":8},"end":{"line":1039,"column":77}},"195":{"start":{"line":1045,"column":6},"end":{"line":1045,"column":12}},"196":{"start":{"line":1060,"column":8},"end":{"line":1060,"column":41}},"197":{"start":{"line":1063,"column":8},"end":{"line":1063,"column":44759}},"198":{"start":{"line":1071,"column":8},"end":{"line":1071,"column":44959}},"199":{"start":{"line":1090,"column":8},"end":{"line":1090,"column":45545}},"200":{"start":{"line":1113,"column":8},"end":{"line":1113,"column":46353}},"201":{"start":{"line":1121,"column":8},"end":{"line":1121,"column":46554}},"202":{"start":{"line":1142,"column":8},"end":{"line":1142,"column":29}},"203":{"start":{"line":1145,"column":8},"end":{"line":1145,"column":64}},"204":{"start":{"line":1148,"column":8},"end":{"line":1148,"column":63}},"205":{"start":{"line":1151,"column":8},"end":{"line":1151,"column":89}},"206":{"start":{"line":1154,"column":8},"end":{"line":1154,"column":24}},"207":{"start":{"line":1169,"column":8},"end":{"line":1169,"column":29}},"208":{"start":{"line":1170,"column":8},"end":{"line":1170,"column":45}},"209":{"start":{"line":1172,"column":8},"end":{"line":1172,"column":40}},"210":{"start":{"line":1175,"column":8},"end":{"line":1175,"column":48683}},"211":{"start":{"line":1178,"column":12},"end":{"line":1178,"column":48851}},"212":{"start":{"line":1179,"column":16},"end":{"line":1179,"column":86}},"213":{"start":{"line":1182,"column":12},"end":{"line":1182,"column":54}},"214":{"start":{"line":1183,"column":12},"end":{"line":1183,"column":40}},"215":{"start":{"line":1185,"column":12},"end":{"line":1185,"column":38}},"216":{"start":{"line":1189,"column":8},"end":{"line":1189,"column":75}},"217":{"start":{"line":1192,"column":8},"end":{"line":1192,"column":89}},"218":{"start":{"line":1195,"column":8},"end":{"line":1195,"column":29}},"219":{"start":{"line":1212,"column":8},"end":{"line":1212,"column":71}},"220":{"start":{"line":1214,"column":8},"end":{"line":1214,"column":45}},"221":{"start":{"line":1216,"column":8},"end":{"line":1216,"column":50342}},"222":{"start":{"line":1219,"column":12},"end":{"line":1219,"column":54}},"223":{"start":{"line":1224,"column":12},"end":{"line":1224,"column":33}},"224":{"start":{"line":1227,"column":12},"end":{"line":1227,"column":73}},"225":{"start":{"line":1232,"column":8},"end":{"line":1232,"column":40}},"226":{"start":{"line":1233,"column":8},"end":{"line":1233,"column":51015}},"227":{"start":{"line":1234,"column":12},"end":{"line":1234,"column":97}},"228":{"start":{"line":1238,"column":8},"end":{"line":1238,"column":43}},"229":{"start":{"line":1239,"column":8},"end":{"line":1239,"column":29}},"230":{"start":{"line":1241,"column":8},"end":{"line":1241,"column":34}},"231":{"start":{"line":1244,"column":8},"end":{"line":1244,"column":89}},"232":{"start":{"line":1247,"column":8},"end":{"line":1247,"column":29}}},"branchMap":{"1":{"line":176,"type":"if","locations":[{"start":{"line":176,"column":8},"end":{"line":176,"column":8}},{"start":{"line":176,"column":8},"end":{"line":176,"column":8}}]},"2":{"line":177,"type":"if","locations":[{"start":{"line":177,"column":8},"end":{"line":177,"column":8}},{"start":{"line":177,"column":8},"end":{"line":177,"column":8}}]},"3":{"line":188,"type":"if","locations":[{"start":{"line":188,"column":8},"end":{"line":188,"column":8}},{"start":{"line":188,"column":8},"end":{"line":188,"column":8}}]},"4":{"line":189,"type":"if","locations":[{"start":{"line":189,"column":8},"end":{"line":189,"column":8}},{"start":{"line":189,"column":8},"end":{"line":189,"column":8}}]},"5":{"line":207,"type":"if","locations":[{"start":{"line":207,"column":8},"end":{"line":207,"column":8}},{"start":{"line":207,"column":8},"end":{"line":207,"column":8}}]},"6":{"line":217,"type":"if","locations":[{"start":{"line":217,"column":8},"end":{"line":217,"column":8}},{"start":{"line":217,"column":8},"end":{"line":217,"column":8}}]},"7":{"line":221,"type":"if","locations":[{"start":{"line":221,"column":8},"end":{"line":221,"column":8}},{"start":{"line":221,"column":8},"end":{"line":221,"column":8}}]},"8":{"line":228,"type":"if","locations":[{"start":{"line":228,"column":8},"end":{"line":228,"column":8}},{"start":{"line":228,"column":8},"end":{"line":228,"column":8}}]},"9":{"line":232,"type":"if","locations":[{"start":{"line":232,"column":8},"end":{"line":232,"column":8}},{"start":{"line":232,"column":8},"end":{"line":232,"column":8}}]},"10":{"line":236,"type":"if","locations":[{"start":{"line":236,"column":8},"end":{"line":236,"column":8}},{"start":{"line":236,"column":8},"end":{"line":236,"column":8}}]},"11":{"line":240,"type":"if","locations":[{"start":{"line":240,"column":8},"end":{"line":240,"column":8}},{"start":{"line":240,"column":8},"end":{"line":240,"column":8}}]},"12":{"line":247,"type":"if","locations":[{"start":{"line":247,"column":8},"end":{"line":247,"column":8}},{"start":{"line":247,"column":8},"end":{"line":247,"column":8}}]},"13":{"line":254,"type":"if","locations":[{"start":{"line":254,"column":8},"end":{"line":254,"column":8}},{"start":{"line":254,"column":8},"end":{"line":254,"column":8}}]},"14":{"line":255,"type":"if","locations":[{"start":{"line":255,"column":8},"end":{"line":255,"column":8}},{"start":{"line":255,"column":8},"end":{"line":255,"column":8}}]},"15":{"line":298,"type":"if","locations":[{"start":{"line":298,"column":8},"end":{"line":298,"column":8}},{"start":{"line":298,"column":8},"end":{"line":298,"column":8}}]},"16":{"line":328,"type":"if","locations":[{"start":{"line":328,"column":12},"end":{"line":328,"column":12}},{"start":{"line":328,"column":12},"end":{"line":328,"column":12}}]},"17":{"line":352,"type":"if","locations":[{"start":{"line":352,"column":8},"end":{"line":352,"column":8}},{"start":{"line":352,"column":8},"end":{"line":352,"column":8}}]},"18":{"line":354,"type":"if","locations":[{"start":{"line":354,"column":8},"end":{"line":354,"column":8}},{"start":{"line":354,"column":8},"end":{"line":354,"column":8}}]},"19":{"line":357,"type":"if","locations":[{"start":{"line":357,"column":8},"end":{"line":357,"column":8}},{"start":{"line":357,"column":8},"end":{"line":357,"column":8}}]},"20":{"line":395,"type":"if","locations":[{"start":{"line":395,"column":8},"end":{"line":395,"column":8}},{"start":{"line":395,"column":8},"end":{"line":395,"column":8}}]},"21":{"line":410,"type":"if","locations":[{"start":{"line":410,"column":8},"end":{"line":410,"column":8}},{"start":{"line":410,"column":8},"end":{"line":410,"column":8}}]},"22":{"line":456,"type":"if","locations":[{"start":{"line":456,"column":8},"end":{"line":456,"column":8}},{"start":{"line":456,"column":8},"end":{"line":456,"column":8}}]},"23":{"line":460,"type":"if","locations":[{"start":{"line":460,"column":8},"end":{"line":460,"column":8}},{"start":{"line":460,"column":8},"end":{"line":460,"column":8}}]},"24":{"line":548,"type":"if","locations":[{"start":{"line":548,"column":8},"end":{"line":548,"column":8}},{"start":{"line":548,"column":8},"end":{"line":548,"column":8}}]},"25":{"line":732,"type":"if","locations":[{"start":{"line":732,"column":8},"end":{"line":732,"column":8}},{"start":{"line":732,"column":8},"end":
[...]
:"hasEpochMatured","line":95,"loc":{"start":{"line":95,"column":4},"end":{"line":100,"column":4}}},"6":{"name":"getEpochStartTimestamp","line":102,"loc":{"start":{"line":102,"column":4},"end":{"line":107,"column":4}}},"7":{"name":"getEpochMatureTimestamp","line":110,"loc":{"start":{"line":110,"column":4},"end":{"line":115,"column":4}}},"8":{"name":"getUserInteractingEpochs","line":117,"loc":{"start":{"line":117,"column":4},"end":{"line":122,"column":4}}},"9":{"name":"setYieldLockEpochCount","line":131,"loc":{"start":{"line":130,"column":4},"end":{"line":136,"column":4}}},"10":{"name":"addLockedWinnings","line":140,"loc":{"start":{"line":138,"column":4},"end":{"line":151,"column":4}}},"11":{"name":"harvestWinnings","line":156,"loc":{"start":{"line":154,"column":4},"end":{"line":193,"column":4}}}},"statementMap":{"1":{"start":{"line":54,"column":8},"end":{"line":54,"column":60}},"2":{"start":{"line":55,"column":8},"end":{"line":55,"column":62}},"3":{"start":{"line":56,"column":8},"end":{"line":56,"column":67}},"4":{"start":{"line":57,"column":8},"end":{"line":57,"column":67}},"5":{"start":{"line":58,"column":8},"end":{"line":58,"column":36}},"6":{"start":{"line":59,"column":8},"end":{"line":59,"column":39}},"7":{"start":{"line":60,"column":8},"end":{"line":60,"column":49}},"8":{"start":{"line":61,"column":8},"end":{"line":61,"column":49}},"9":{"start":{"line":63,"column":8},"end":{"line":63,"column":50}},"10":{"start":{"line":71,"column":8},"end":{"line":71,"column":21}},"11":{"start":{"line":72,"column":8},"end":{"line":72,"column":29}},"12":{"start":{"line":80,"column":8},"end":{"line":80,"column":125}},"13":{"start":{"line":91,"column":8},"end":{"line":91,"column":46}},"14":{"start":{"line":99,"column":8},"end":{"line":99,"column":66}},"15":{"start":{"line":106,"column":8},"end":{"line":106,"column":37}},"16":{"start":{"line":114,"column":8},"end":{"line":114,"column":85}},"17":{"start":{"line":121,"column":8},"end":{"line":121,"column":55}},"18":{"start":{"line":133,"column":8},"end":{"line":133,"column":56}},"19":{"start":{"line":134,"column":8},"end":{"line":134,"column":35}},"20":{"start":{"line":135,"column":8},"end":{"line":135,"column":43}},"21":{"start":{"line":142,"column":8},"end":{"line":142,"column":48}},"22":{"start":{"line":143,"column":8},"end":{"line":143,"column":97}},"23":{"start":{"line":144,"column":8},"end":{"line":144,"column":52}},"24":{"start":{"line":145,"column":8},"end":{"line":145,"column":56}},"25":{"start":{"line":146,"column":8},"end":{"line":146,"column":54}},"26":{"start":{"line":147,"column":8},"end":{"line":147,"column":60}},"27":{"start":{"line":148,"column":8},"end":{"line":148,"column":56}},"28":{"start":{"line":150,"column":8},"end":{"line":150,"column":70}},"29":{"start":{"line":158,"column":8},"end":{"line":158,"column":93}},"30":{"start":{"line":161,"column":8},"end":{"line":161,"column":98}},"31":{"start":{"line":164,"column":8},"end":{"line":164,"column":74}},"32":{"start":{"line":167,"column":8},"end":{"line":167,"column":5529}},"33":{"start":{"line":168,"column":12},"end":{"line":168,"column":5568}},"34":{"start":{"line":176,"column":12},"end":{"line":176,"column":55}},"35":{"start":{"line":177,"column":12},"end":{"line":177,"column":5966}},"36":{"start":{"line":178,"column":16},"end":{"line":178,"column":63}},"37":{"start":{"line":180,"column":16},"end":{"line":180,"column":67}},"38":{"start":{"line":181,"column":16},"end":{"line":181,"column":64}},"39":{"start":{"line":182,"column":16},"end":{"line":182,"column":93}},"40":{"start":{"line":186,"column":8},"end":{"line":186,"column":51}},"41":{"start":{"line":188,"column":8},"end":{"line":188,"column":6399}},"42":{"start":{"line":189,"column":12},"end":{"line":189,"column":59}},"43":{"start":{"line":192,"column":8},"end":{"line":192,"column":76}}},"branchMap":{"1":{"line":54,"type":"if","locations":[{"start":{"line":54,"column":8},"end":{"line":54,"column":8}},{"start":{"line":54,"column":8},"end":{"line":54,"column":8}}]},"2":{"line":55,"type":"if","locations":[{"start":{"line":55,"column":8},"end":{"line":55,"column":8}},{"start":{"line":55,"column":8},"end":{"line":55,"column":8}}]},"3":{"line":56,"type":"if","locations":[{"start":{"line":56,"column":8},"end":{"line":56,"column":8}},{"start":{"line":56,"column":8},"end":{"line":56,"column":8}}]},"4":{"line":57,"type":"if","locations":[{"start":{"line":57,"column":8},"end":{"line":57,"column":8}},{"start":{"line":57,"column":8},"end":{"line":57,"column":8}}]},"5":{"line":80,"type":"if","locations":[{"start":{"line":80,"column":8},"end":{"line":80,"column":8}},{"start":{"line":80,"column":8},"end":{"line":80,"column":8}}]},"6":{"line":133,"type":"if","locations":[{"start":{"line":133,"column":8},"end":{"line":133,"column":8}},{"start":{"line":133,"column":8},"end":{"line":133,"column":8}}]},"7":{"line":164,"type":"if","locations":[{"start":{"line":164,"column":8},"end":{"line":164,"column":8}},{"start":{"line":164,"column":8},"end":{"line":164,"column":8}}]},"8":{"line":167,"type":"if","locations":[{"start":{"line":167,"column":8},"end":{"line":167,"column":8}},{"start":{"line":167,"column":8},"end":{"line":167,"column":8}}]},"9":{"line":177,"type":"if","locations":[{"start":{"line":177,"column":12},"end":{"line":177,"column":12}},{"start":{"line":177,"column":12},"end":{"line":177,"column":12}}]},"10":{"line":188,"type":"if","locations":[{"start":{"line":188,"column":8},"end":{"line":188,"column":8}},{"start":{"line":188,"column":8},"end":{"line":188,"column":8}}]}}},"contracts/SummitReferrals.sol":{"l":{"13":3,"14":3,"18":5,"19":5,"35":6,"36":5,"37":4,"38":3,"39":3,"40":3,"44":157,"45":157,"48":150,"49":5,"50":5,"51":5,"52":5,"53":5,"57":0,"62":2,"64":2,"65":1,"68":2,"70":2,"75":3,"76":2,"79":2,"80":2,"83":2,"84":2,"86":2,"90":0,"94":9,"100":2,"101":2,"102":2,"103":0,"105":2,"107":2},"path":"/Users/roguerotkosky/Development/Summit/summit-contracts-v2/contracts/SummitReferrals.sol","s":{"1":3,"2":3,"3":5,"4":5,"5":6,"6":5,"7":4,"8":3,"9":3,"10":3,"11":157,"12":150,"13":145,"14":5,"15":5,"16":5,"17":5,"18":5,"19":0,"20":2,"21":2,"22":1,"23":2,"24":2,"25":3,"26":2,"27":2,"28":2,"29":2,"30":2,"31":2,"32":0,"33":9,"34":2,"35":2,"36":2,"37":0,"38":2,"39":2},"b":{"1":[3,0],"2":[5,1],"3":[4,1],"4":[3,1],"5":[3,0],"6":[157,0],"7":[145,5],"8":[1,1],"9":[2,1],"10":[2,0],"11":[0,2],"12":[2,0]},"f":{"1":3,"2":5,"3":6,"4":157,"5":150,"6":0,"7":2,"8":3,"9":0,"10":9,"11":2},"fnMap":{"1":{"name":"constructor","line":12,"loc":{"start":{"line":12,"column":4},"end":{"line":15,"column":4}}},"2":{"name":"enable","line":17,"loc":{"start":{"line":17,"column":4},"end":{"line":20,"column":4}}},"3":{"name":"createReferral","line":34,"loc":{"start":{"line":34,"column":4},"end":{"line":41,"column":4}}},"4":{"name":"onlyCartographer","line":43,"loc":{"start":{"line":43,"column":4},"end":{"line":46,"column":4}}},"5":{"name":"addReferralRewardsIfNecessary","line":47,"loc":{"start":{"line":47,"column":4},"end":{"line":54,"column":4}}},"6":{"name":"getReferralRound","line":56,"loc":{"start":{"line":56,"column":4},"end":{"line":58,"column":4}}},"7":{"name":"burnUnclaimedReferralRewardsAndRolloverRound","line":61,"loc":{"start":{"line":61,"column":4},"end":{"line":71,"column":4}}},"8":{"name":"redeemReferralRewards","line":74,"loc":{"start":{"line":74,"column":4},"end":{"line":87,"column":4}}},"9":{"name":"getReferralRewardsToBeBurned","line":89,"loc":{"start":{"line":89,"column":4},"end":{"line":91,"column":4}}},"10":{"name":"getPendingReferralRewards","line":93,"loc":{"start":{"line":93,"column":4},"end":{"line":95,"column":4}}},"11":{"name":"safeSummitTransfer","line":99,"loc":{"start":{"line":99,"column":4},"end":{"line":108,"column":4}}}},"statementMap":{"1":{"start":{"line":13,"column":8},"end":{"line":13,"column":60}},"2":{"start":{"line":14,"column":8},"end":{"line":14,"column":35}},"3":{"start":{"line":18,"column":8},"end":{"line":18,"column":36}},"4":{"start":{"line":19,"column":8},"end":{"line":19,"column":49}},"5":{"start":{"line":35,"column":8},"end":{"line":35,"column":68}},"6":{"start":{"line":36,"column":8},"end":{"line":36,"column":77}},"7":{"start":{"line":37,"column":8},"end":{"line":37,"column":84}},"8":{"start":{"line":38,"column":8},"end":{"line":38,"column":101}},"9":{"start":{"line":39,"column":8},"end":{"line":39,"column":47}},"10":{"start":{"line":40,"column":8},"end":{"line":40,"column":57}},"11":{"start":{"line":44,"column":8},"end":{"line":44,"column":82}},"12":{"start":{"line":48,"column":8},"end":{"line":48,"column":57}},"13":{"start":{"line":48,"column":49},"end":{"line":48,"column":55}},"14":{"start":{"line":49,"column":8},"end":{"line":49,"column":47}},"15":{"start":{"line":50,"column":8},"end":{"line":50,"column":82}},"16":{"start":{"line":51,"column":8},"end":{"line":51,"column":70}},"17":{"start":{"line":52,"column":8},"end":{"line":52,"column":68}},"18":{"start":{"line":53,"column":8},"end":{"line":53,"column":56}},"19":{"start":{"line":57,"column":8},"end":{"line":57,"column":25}},"20":{"start":{"line":62,"column":8},"end":{"line":62,"column":60}},"21":{"start":{"line":64,"column":8},"end":{"line":64,"column":2666}},"22":{"start":{"line":65,"column":12},"end":{"line":65,"column":47}},"23":{"start":{"line":68,"column":8},"end":{"line":68,"column":22}},"24":{"start":{"line":70,"column":8},"end":{"line":70,"column":79}},"25":{"start":{"line":75,"column":8},"end":{"line":75,"column":99}},"26":{"start":{"line":76,"column":8},"end":{"line":76,"column":77}},"27":{"start":{"line":79,"column":8},"end":{"line":79,"column":3273}},"28":{"start":{"line":80,"column":12},"end":{"line":80,"column":82}},"29":{"start":{"line":83,"column":8},"end":{"line":83,"column":51}},"30":{"start":{"line":84,"column":8},"end":{"line":84,"column":57}},"31":{"start":{"line":86,"column":8},"end":{"line":86,"column":62}},"32":{"start":{"line":90,"column":8},"end":{"line":90,"column":46}},"33":{"start":{"line":94,"column":8},"end":{"line":94,"column":55}},"34":{"start":{"line":100,"column":8},"end":{"line":100,"column":59}},"35":{"start":{"line":101,"column":8},"end":{"line":101,"column":36}},"36":{"start":{"line":102,"column":8},"end":{"line":102,"column":4086}},"37":{"start":{"line":103,"column":12},"end":{"line":103,"column":60}},"38":{"start":{"line":105,"column":12},"end":{"line":105,"column":58}},"39":{"start":{"line":107,"column":8},"end":{"line":107,"column":61}}},"branchMap":{"1":{"line":13,"type":"if","locations":[{"start":{"line":13,"column":8},"end":{"line":13,"column":8}},{"start":{"line":13,"column":8},"end":{"line":13,"column":8}}]},"2":{"line":35,"type":"if","locations":[{"start":{"line":35,"column":8},"end":{"line":35,"column":8}},{"start":{"line":35,"column":8},"end":{"line":35,"column":8}}]},"3":{"line":36,"type":"if","locations":[{"start":{"line":36,"column":8},"end":{"line":36,"column":8}},{"start":{"line":36,"column":8},"end":{"line":36,"column":8}}]},"4":{"line":37,"type":"if","locations":[{"start":{"line":37,"column":8},"end":{"line":37,"column":8}},{"start":{"line":37,"column":8},"end":{"line":37,"column":8}}]},"5":{"line":38,"type":"if","locations":[{"start":{"line":38,"column":8},"end":{"line":38,"column":8}},{"start":{"line":38,"column":8},"end":{"line":38,"column":8}}]},"6":{"line":44,"type":"if","locations":[{"start":{"line":44,"column":8},"end":{"line":44,"column":8}},{"start":{"line":44,"column":8},"end":{"line":44,"column":8}}]},"7":{"line":48,"type":"if","locations":[{"start":{"line":48,"column":8},"end":{"line":48,"column":8}},{"start":{"line":48,"column":8},"end":{"line":48,"column":8}}]},"8":{"line":64,"type":"if","locations":[{"start":{"line":64,"column":8},"end":{"line":64,"column":8}},{"start":{"line":64,"column":8},"end":{"line":64,"column":8}}]},"9":{"line":75,"type":"if","locations":[{"start":{"line":75,"column":8},"end":{"line":75,"column":8}},{"start":{"line":75,"column":8},"end":{"line":75,"column":8}}]},"10":{"line":79,"type":"if","locations":[{"start":{"line":79,"column":8},"end":{"line":79,"column":8}},{"start":{"line":79,"column":8},"end":{"line":79,"column":8}}]},"11":{"line":102,"type":"if","locations":[{"start":{"line":102,"column":8},"end":{"line":102,"column":8}},{"start":{"line":102,"column":8},"end":{"line":102,"column":8}}]},"12":{"line":107,"type":"if","locations":[{"start":{"line":107,"column":8},"end":{"line":107,"column":8}},{"start":{"line":107,"column":8},"end":{"line":107,"column":8}}]}}},"contracts/SummitToken.sol":{"l":{"24":2,"25":1,"33":3,"34":2,"36":1,"37":1,"39":1,"40":1,"42":1},"path":"/Users/roguerotkosky/Development/Summit/summit-contracts-v2/contracts/SummitToken.sol","s":{"1":2,"2":1,"3":3,"4":2,"5":1,"6":1,"7":1,"8":1,"9":1},"b":{"1":[1,1],"2":[2,1],"3":[1,1]},"f":{"1":2,"2":3},"fnMap":{"1":{"name":"initialize","line":22,"loc":{"start":{"line":20,"column":4},"end":{"line":26,"column":4}}},"2":{"name":"tokenSwap","line":31,"loc":{"start":{"line":29,"column":4},"end":{"line":43,"column":4}}}},"statementMap":{"1":{"start":{"line":24,"column":8},"end":{"line":24,"column":62}},"2":{"start":{"line":25,"column":8},"end":{"line":25,"column":37}},"3":{"start":{"line":33,"column":8},"end":{"line":33,"column":70}},"4":{"start":{"line":34,"column":8},"end":{"line":34,"column":79}},"5":{"start":{"line":36,"column":8},"end":{"line":36,"column":69}},"6":{"start":{"line":37,"column":8},"end":{"line":37,"column":47}},"7":{"start":{"line":39,"column":8},"end":{"line":39,"column":61}},"8":{"start":{"line":40,"column":8},"end":{"line":40,"column":41}},"9":{"start":{"line":42,"column":8},"end":{"line":42,"column":66}}},"branchMap":{"1":{"line":24,"type":"if","locations":[{"start":{"line":24,"column":8},"end":{"line":24,"column":8}},{"start":{"line":24,"column":8},"end":{"line":24,"column":8}}]},"2":{"line":33,"type":"if","locations":[{"start":{"line":33,"column":8},"end":{"line":33,"column":8}},{"start":{"line":33,"column":8},"end":{"line":33,"column":8}}]},"3":{"line":34,"type":"if","locations":[{"start":{"line":34,"column":8},"end":{"line":34,"column":8}},{"start":{"line":34,"column":8},"end":{"line":34,"column":8}}]}}},"contracts/SummitTrustedSeederRNGModule.sol":{"l":{"75":0,"76":0,"79":5,"80":5,"81":5,"84":20,"85":18,"96":3,"97":3,"106":3,"107":3,"108":3,"117":4,"118":4,"119":4,"126":5,"127":5,"147":10,"155":12,"161":78,"172":9,"175":7,"176":7,"179":7,"180":7,"190":9,"191":8,"192":7,"193":6,"194":6},"path":"/Users/roguerotkosky/Development/Summit/summit-contracts-v2/contracts/SummitTrustedSeederRNGModule.sol","s":{"1":0,"2":5,"3":5,"4":20,"5":3,"6":3,"7":3,"8":3,"9":3,"10":4,"11":4,"12":4,"13":5,"14":5,"15":10,"16":12,"17":78,"18":9,"19":7,"20":7,"21":7,"22":7,"23":9,"24":8,"25":7,"26":6,"27":6},"b":{"1":[0,0],"2":[5,0],"3":[5,0],"4":[18,2],"5":[3,0],"6":[3,0],"7":[4,0],"8":[7,2],"9":[8,1],"10":[7,1],"11":[6,1]},"f":{"1":0,"2":5,"3":20,"4":3,"5":3,"6":4,"7":5,"8":10,"9":12,"10":78,"11":9,"12":9},"fnMap":{"1":{"name":"onlyCartographer","line":74,"loc":{"start":{"line":74,"column":4},"end":{"line":77,"column":4}}},"2":{"name":"onlyElevationHelper","line":78,"loc":{"start":{"line":78,"column":4},"end":{"line":82,"column":4}}},"3":{"name":"onlyTrustedSeeder","line":83,"loc":{"start":{"line":83,"column":4},"end":{"line":86,"column":4}}},"4":{"name":"constructor","line":95,"loc":{"start":{"line":95,"column":4},"end":{"line":98,"column":4}}},"5":{"name":"setElevationHelper","line":104,"loc":{"start":{"line":103,"column":4},"end":{"line":109,"column":4}}},"6":{"name":"setTrustedSeederAdd","line":115,"loc":{"start":{"line":114,"column":4},"end":{"line":120,"column":4}}},"7":{"name":"setSeedRoundEndTimestamp","line":125,"loc":{"start":{"line":125,"column":4},"end":{"line":128,"column":4}}},"8":{"name":"futureBlockMined","line":146,"loc":{"start":{"line":146,"column":4},"end":{"line":150,"column":4}}},"9":{"name":"nextSeedRoundAvailable","line":154,"loc":{"start":{"line":154,"column":4},"end":{"line":156,"column":4}}},"10":{"name":"getRandomNumber","line":160,"loc":{"start":{"line":160,"column":4},"end":{"line":162,"column":4}}},"11":{"name":"receiveSealedSeed","line":170,"loc":{"start":{"line":168,"column":4},"end":{"line":181,"column":4}}},"12":{"name":"receiveUnsealedSeed","line":188,"loc":{"start":{"line":186,"column":4},"end":{"line":195,"column":4}}}},"statementMap":{"1":{"start":{"line":75,"column":8},"end":{"line":75,"column":63}},"2":{"start":{"line":79,"column":8},"end":{"line":79,"column":71}},"3":{"start":{"line":80,"column":8},"end":{"line":80,"column":69}},"4":{"start":{"line":84,"column":8},"end":{"line":84,"column":66}},"5":{"start":{"line":96,"column":8},"end":{"line":96,"column":67}},"6":{"start":{"line":97,"column":8},"end":{"line":97,"column":35}},"7":{"start":{"line":106,"column":8},"end":{"line":106,"column":73}},"8":{"start":{"line":107,"column":8},"end":{"line":107,"column":41}},"9":{"start":{"line":108,"column":8},"end":{"line":108,"column":49}},"10":{"start":{"line":117,"column":8},"end":{"line":117,"column":70}},"11":{"start":{"line":118,"column":8},"end":{"line":118,"column":37}},"12":{"start":{"line":119,"column":8},"end":{"line":119,"column":48}},"13":{"start":{"line":126,"column":8},"end":{"line":126,"column":53}},"14":{"start":{"line":127,"column":8},"end":{"line":127,"column":61}},"15":{"start":{"line":147,"column":8},"end":{"line":147,"column":6183}},"16":{"start":{"line":155,"column":8},"end":{"line":155,"column":55}},"17":{"start":{"line":161,"column":8},"end":{"line":161,"column":128}},"18":{"start":{"line":172,"column":8},"end":{"line":172,"column":65}},"19":{"start":{"line":175,"column":8},"end":{"line":175,"column":21}},"20":{"start":{"line":176,"column":8},"end":{"line":176,"column":75}},"21":{"start":{"line":179,"column":8},"end":{"line":179,"column":42}},"22":{"start":{"line":180,"column":8},"end":{"line":180,"column":54}},"23":{"start":{"line":190,"column":8},"end":{"line":190,"column":72}},"24":{"start":{"line":191,"column":8},"end":{"line":191,"column":62}},"25":{"start":{"line":192,"column":8},"end":{"line":192,"column":127}},"26":{"start":{"line":193,"column":8},"end":{"line":193,"column":46}},"27":{"start":{"line":194,"column":8},"end":{"line":194,"column":75}}},"branchMap":{"1":{"line":75,"type":"if","locations":[{"start":{"line":75,"column":8},"end":{"line":75,"column":8}},{"start":{"line":75,"column":8},"end":{"line":75,"column":8}}]},"2":{"line":79,"type":"if","locations":[{"start":{"line":79,"column":8},"end":{"line":79,"column":8}},{"start":{"line":79,"column":8},"end":{"line":79,"column":8}}]},"3":{"line":80,"type":"if","locations":[{"start":{"line":80,"column":8},"end":{"line":80,"column":8}},{"start":{"line":80,"column":8},"end":{"line":80,"column":8}}]},"4":{"line":84,"type":"if","locations":[{"start":{"line":84,"column":8},"end":{"line":84,"column":8}},{"start":{"line":84,"column":8},"end":{"line":84,"column":8}}]},"5":{"line":96,"type":"if","locations":[{"start":{"line":96,"column":8},"end":{"line":96,"column":8}},{"start":{"line":96,"column":8},"end":{"line":96,"column":8}}]},"6":{"line":106,"type":"if","locations":[{"start":{"line":106,"column":8},"end":{"line":106,"column":8}},{"start":{"line":106,"column":8},"end":{"line":106,"column":8}}]},"7":{"line":117,"type":"if","locations":[{"start":{"line":117,"column":8},"end":{"line":117,"column":8}},{"start":{"line":117,"column":8},"end":{"line":117,"column":8}}]},"8":{"line":172,"type":"if","locations":[{"start":{"line":172,"column":8},"end":{"line":172,"column":8}},{"start":{"line":172,"column":8},"end":{"line":172,"column":8}}]},"9":{"line":190,"type":"if","locations":[{"start":{"line":190,"column":8},"end":{"line":190,"column":8}},{"start":{"line":190,"column":8},"end":{"line":190,"column":8}}]},"10":{"line":191,"type":"if","locations":[{"start":{"line":191,"column":8},"end":{"line":191,"column":8}},{"start":{"line":191,"column":8},"end":{"line":191,"column":8}}]},"11":{"line":192,"type":"if","locations":[{"start":{"line":192,"column":8},"end":{"line":192,"column":8}},{"start":{"line":192,"column":8},"end":{"line":192,"column":8}}]}}}}