{
"contracts/BaseEverestExtension.sol":{"l":{"12":52,"13":52,"20":2},"path":"/Users/roguerotkosky/Development/Summit/summit-contracts-v2/contracts/BaseEverestExtension.sol","s":{"1":52,"2":2},"b":{"1":[52,0]},"f":{"1":52,"2":2},"fnMap":{"1":{"name":"onlyEverestToken","line":11,"loc":{"start":{"line":11,"column":4},"end":{"line":14,"column":4}}},"2":{"name":"_getUserEverest","line":16,"loc":{"start":{"line":16,"column":4},"end":{"line":21,"column":4}}}},"statementMap":{"1":{"start":{"line":12,"column":8},"end":{"line":12,"column":79}},"2":{"start":{"line":20,"column":8},"end":{"line":20,"column":52}}},"branchMap":{"1":{"line":12,"type":"if","locations":[{"start":{"line":12,"column":8},"end":{"line":12,"column":8}},{"start":{"line":12,"column":8},"end":{"line":12,"column":8}}]}}},
"contracts/BeefyVaultV2Passthrough.sol":{"l":{"37":0,"38":0,"39":0,"40":0,"42":0,"43":0,"44":0,"46":0,"51":0,"52":0,"57":0,"64":0,"73":0,"74":0,"75":0,"76":0,"87":0,"88":0,"91":0,"92":0,"93":0,"96":0,"99":0,"100":0,"102":0,"106":0,"108":0,"110":0,"111":0,"125":0,"128":0,"131":0,"134":0,"135":0,"136":0,"137":0,"140":0,"143":0,"146":0,"148":0,"156":0,"158":0,"161":0,"162":0,"165":0,"168":0},"path":"/Users/roguerotkosky/Development/Summit/summit-contracts-v2/contracts/BeefyVaultV2Passthrough.sol","s":{"1":0,"2":0,"3":0,"4":0,"5":0,"6":0,"7":0,"8":0,"9":0,"10":0,"11":0,"12":0,"13":0,"14":0,"15":0,"16":0,"17":0,"18":0,"19":0,"20":0,"21":0,"22":0,"23":0,"24":0,"25":0,"26":0,"27":0,"28":0,"29":0,"30":0,"31":0,"32":0,"33":0,"34":0,"35":0,"36":0,"37":0,"38":0,"39":0,"40":0,"41":0,"42":0,"43":0,"44":0,"45":0,"46":0},"b":{"1":[0,0],"2":[0,0],"3":[0,0],"4":[0,0],"5":[0,0],"6":[0,0]},"f":{"1":0,"2":0,"3":0,"4":0,"5":0,"6":0,"7":0,"8":0,"9":0},"fnMap":{"1":{"name":"constructor","line":32,"loc":{"start":{"line":32,"column":4},"end":{"line":47,"column":4}}},"2":{"name":"onlyCartographer","line":50,"loc":{"start":{"line":50,"column":4},"end":{"line":53,"column":4}}},"3":{"name":"token","line":56,"loc":{"start":{"line":56,"column":4},"end":{"line":58,"column":4}}},"4":{"name":"vaultBalance","line":63,"loc":{"start":{"line":63,"column":4},"end":{"line":65,"column":4}}},"5":{"name":"enact","line":71,"loc":{"start":{"line":69,"column":4},"end":{"line":77,"column":4}}},"6":{"name":"deposit","line":83,"loc":{"start":{"line":81,"column":4},"end":{"line":103,"column":4}}},"7":{"name":"distributeRemainingBalance","line":105,"loc":{"start":{"line":105,"column":4},"end":{"line":112,"column":4}}},"8":{"name":"withdraw","line":121,"loc":{"start":{"line":119,"column":4},"end":{"line":149,"column":4}}},"9":{"name":"retire","line":153,"loc":{"start":{"line":151,"column":4},"end":{"line":169,"column":4}}}},"statementMap":{"1":{"start":{"line":37,"column":8},"end":{"line":37,"column":67}},"2":{"start":{"line":38,"column":8},"end":{"line":38,"column":53}},"3":{"start":{"line":39,"column":8},"end":{"line":39,"column":74}},"4":{"start":{"line":40,"column":8},"end":{"line":40,"column":99}},"5":{"start":{"line":42,"column":8},"end":{"line":42,"column":35}},"6":{"start":{"line":43,"column":8},"end":{"line":43,"column":21}},"7":{"start":{"line":44,"column":8},"end":{"line":44,"column":32}},"8":{"start":{"line":46,"column":8},"end":{"line":46,"column":57}},"9":{"start":{"line":51,"column":8},"end":{"line":51,"column":63}},"10":{"start":{"line":57,"column":8},"end":{"line":57,"column":31}},"11":{"start":{"line":64,"column":8},"end":{"line":64,"column":104}},"12":{"start":{"line":73,"column":8},"end":{"line":73,"column":78}},"13":{"start":{"line":74,"column":8},"end":{"line":74,"column":90}},"14":{"start":{"line":75,"column":8},"end":{"line":75,"column":38}},"15":{"start":{"line":76,"column":8},"end":{"line":76,"column":36}},"16":{"start":{"line":87,"column":8},"end":{"line":87,"column":78}},"17":{"start":{"line":88,"column":8},"end":{"line":88,"column":90}},"18":{"start":{"line":91,"column":8},"end":{"line":91,"column":44}},"19":{"start":{"line":92,"column":8},"end":{"line":92,"column":38}},"20":{"start":{"line":93,"column":8},"end":{"line":93,"column":45}},"21":{"start":{"line":96,"column":8},"end":{"line":96,"column":64}},"22":{"start":{"line":99,"column":8},"end":{"line":99,"column":98}},"23":{"start":{"line":100,"column":8},"end":{"line":100,"column":36}},"24":{"start":{"line":102,"column":8},"end":{"line":102,"column":33}},"25":{"start":{"line":106,"column":8},"end":{"line":106,"column":72}},"26":{"start":{"line":108,"column":8},"end":{"line":108,"column":37}},"27":{"start":{"line":108,"column":31},"end":{"line":108,"column":37}},"28":{"start":{"line":110,"column":8},"end":{"line":110,"column":85}},"29":{"start":{"line":111,"column":8},"end":{"line":111,"column":74}},"30":{"start":{"line":125,"column":8},"end":{"line":125,"column":25}},"31":{"start":{"line":128,"column":8},"end":{"line":128,"column":69}},"32":{"start":{"line":131,"column":8},"end":{"line":131,"column":124}},"33":{"start":{"line":134,"column":8},"end":{"line":134,"column":87}},"34":{"start":{"line":135,"column":8},"end":{"line":135,"column":62}},"35":{"start":{"line":136,"column":8},"end":{"line":136,"column":88}},"36":{"start":{"line":137,"column":8},"end":{"line":137,"column":96}},"37":{"start":{"line":140,"column":8},"end":{"line":140,"column":104}},"38":{"start":{"line":143,"column":8},"end":{"line":143,"column":76}},"39":{"start":{"line":146,"column":8},"end":{"line":146,"column":71}},"40":{"start":{"line":148,"column":8},"end":{"line":148,"column":39}},"41":{"start":{"line":156,"column":8},"end":{"line":156,"column":39}},"42":{"start":{"line":158,"column":8},"end":{"line":158,"column":72}},"43":{"start":{"line":161,"column":8},"end":{"line":161,"column":80}},"44":{"start":{"line":162,"column":8},"end":{"line":162,"column":66}},"45":{"start":{"line":165,"column":8},"end":{"line":165,"column":18}},"46":{"start":{"line":168,"column":8},"end":{"line":168,"column":71}}},"branchMap":{"1":{"line":37,"type":"if","locations":[{"start":{"line":37,"column":8},"end":{"line":37,"column":8}},{"start":{"line":37,"column":8},"end":{"line":37,"column":8}}]},"2":{"line":38,"type":"if","locations":[{"start":{"line":38,"column":8},"end":{"line":38,"column":8}},{"start":{"line":38,"column":8},"end":{"line":38,"column":8}}]},"3":{"line":39,"type":"if","locations":[{"start":{"line":39,"column":8},"end":{"line":39,"column":8}},{"start":{"line":39,"column":8},"end":{"line":39,"column":8}}]},"4":{"line":40,"type":"if","locations":[{"start":{"line":40,"column":8},"end":{"line":40,"column":8}},{"start":{"line":40,"column":8},"end":{"line":40,"column":8}}]},"5":{"line":51,"type":"if","locations":[{"start":{"line":51,"column":8},"end":{"line":51,"column":8}},{"start":{"line":51,"column":8},"end":{"line":51,"column":8}}]},"6":{"line":108,"type":"if","locations":[{"start":{"line":108,"column":8},"end":{"line":108,"column":8}},{"start":{"line":108,"column":8},"end":{"line":108,"column":8}}]}}},
"contracts/BeefyVaultV6Passthrough.sol":{"l":{"37":3,"38":3,"39":3,"40":3,"42":3,"43":3,"44":3,"46":3,"51":40,"52":40,"57":16,"64":44,"72":8,"73":8,"74":8,"75":8,"86":16,"87":16,"90":16,"91":16,"92":16,"95":16,"98":16,"99":16,"101":16,"105":16,"107":16,"109":16,"110":16,"124":12,"127":12,"130":12,"133":12,"134":12,"135":12,"136":12,"139":12,"142":12,"145":12,"147":12,"155":4,"156":4,"157":4,"160":4,"163":4,"164":4,"167":4,"170":4},"path":"/Users/roguerotkosky/Development/Summit/summit-contracts-v2/contracts/BeefyVaultV6Passthrough.sol","s":{"1":3,"2":3,"3":3,"4":3,"5":3,"6":3,"7":3,"8":3,"9":40,"10":16,"11":44,"12":8,"13":8,"14":8,"15":8,"16":16,"17":16,"18":16,"19":16,"20":16,"21":16,"22":16,"23":16,"24":16,"25":16,"26":16,"27":0,"28":16,"29":16,"30":12,"31":12,"32":12,"33":12,"34":12,"35":12,"36":12,"37":12,"38":12,"39":12,"40":12,"41":4,"42":4,"43":4,"44":4,"45":4,"46":4,"47":4,"48":4},"b":{"1":[3,0],"2":[3,0],"3":[3,0],"4":[3,0],"5":[40,0],"6":[0,16],"7":[4,0]},"f":{"1":3,"2":40,"3":16,"4":44,"5":8,"6":16,"7":16,"8":12,"9":4},"fnMap":{"1":{"name":"constructor","line":32,"loc":{"start":{"line":32,"column":4},"end":{"line":47,"column":4}}},"2":{"name":"onlyCartographer","line":50,"loc":{"start":{"line":50,"column":4},"end":{"line":53,"column":4}}},"3":{"name":"token","line":56,"loc":{"start":{"line":56,"column":4},"end":{"line":58,"column":4}}},"4":{"name":"vaultBalance","line":63,"loc":{"start":{"line":63,"column":4},"end":{"line":65,"column":4}}},"5":{"name":"enact","line":70,"loc":{"start":{"line":68,"column":4},"end":{"line":76,"column":4}}},"6":{"name":"deposit","line":82,"loc":{"start":{"line":80,"column":4},"end":{"line":102,"column":4}}},"7":{"name":"distributeRemainingBalance","line":104,"loc":{"start":{"line":104,"column":4},"end":{"line":111,"column":4}}},"8":{"name":"withdraw","line":120,"loc":{"start":{"line":118,"column":4},"end":{"line":148,"column":4}}},"9":{"name":"retire","line":152,"loc":{"start":{"line":150,"column":4},"end":{"line":171,"column":4}}}},"statementMap":{"1":{"start":{"line":37,"column":8},"end":{"line":37,"column":67}},"2":{"start":{"line":38,"column":8},"end":{"line":38,"column":53}},"3":{"start":{"line":39,"column":8},"end":{"line":39,"column":74}},"4":{"start":{"line":40,"column":8},"end":{"line":40,"column":98}},"5":{"start":{"line":42,"column":8},"end":{"line":42,"column":35}},"6":{"start":{"line":43,"column":8},"end":{"line":43,"column":21}},"7":{"start":{"line":44,"column":8},"end":{"line":44,"column":32}},"8":{"start":{"line":46,"column":8},"end":{"line":46,"column":57}},"9":{"start":{"line":51,"column":8},"end":{"line":51,"column":63}},"10":{"start":{"line":57,"column":8},"end":{"line":57,"column":31}},"11":{"start":{"line":64,"column":8},"end":{"line":64,"column":104}},"12":{"start":{"line":72,"column":8},"end":{"line":72,"column":78}},"13":{"start":{"line":73,"column":8},"end":{"line":73,"column":90}},"14":{"start":{"line":74,"column":8},"end":{"line":74,"column":38}},"15":{"start":{"line":75,"column":8},"end":{"line":75,"column":36}},"16":{"start":{"line":86,"column":8},"end":{"line":86,"column":78}},"17":{"start":{"line":87,"column":8},"end":{"line":87,"column":90}},"18":{"start":{"line":90,"column":8},"end":{"line":90,"column":44}},"19":{"start":{"line":91,"column":8},"end":{"line":91,"column":38}},"20":{"start":{"line":92,"column":8},"end":{"line":92,"column":45}},"21":{"start":{"line":95,"column":8},"end":{"line":95,"column":64}},"22":{"start":{"line":98,"column":8},"end":{"line":98,"column":98}},"23":{"start":{"line":99,"column":8},"end":{"line":99,"column":36}},"24":{"start":{"line":101,"column":8},"end":{"line":101,"column":33}},"25":{"start":{"line":105,"column":8},"end":{"line":105,"column":72}},"26":{"start":{"line":107,"column":8},"end":{"line":107,"column":37}},"27":{"start":{"line":107,"column":31},"end":{"line":107,"column":37}},"28":{"start":{"line":109,"column":8},"end":{"line":109,"column":85}},"29":{"start":{"line":110,"column":8},"end":{"line":110,"column":74}},"30":{"start":{"line":124,"column":8},"end":{"line":124,"column":25}},"31":{"start":{"line":127,"column":8},"end":{"line":127,"column":69}},"32":{"start":{"line":130,"column":8},"end":{"line":130,"column":124}},"33":{"start":{"line":133,"column":8},"end":{"line":133,"column":87}},"34":{"start":{"line":134,"column":8},"end":{"line":134,"column":62}},"35":{"start":{"line":135,"column":8},"end":{"line":135,"column":88}},"36":{"start":{"line":136,"column":8},"end":{"line":136,"column":96}},"37":{"start":{"line":139,"column":8},"end":{"line":139,"column":104}},"38":{"start":{"line":142,"column":8},"end":{"line":142,"column":76}},"39":{"start":{"line":145,"column":8},"end":{"line":145,"column":71}},"40":{"start":{"line":147,"column":8},"end":{"line":147,"column":39}},"41":{"start":{"line":155,"column":8},"end":{"line":155,"column":70}},"42":{"start":{"line":156,"column":8},"end":{"line":156,"column":6085}},"43":{"start":{"line":157,"column":12},"end":{"line":157,"column":43}},"44":{"start":{"line":160,"column":8},"end":{"line":160,"column":72}},"45":{"start":{"line":163,"column":8},"end":{"line":163,"column":80}},"46":{"start":{"line":164,"column":8},"end":{"line":164,"column":66}},"47":{"start":{"line":167,"column":8},"end":{"line":167,"column":18}},"48":{"start":{"line":170,"column":8},"end":{"line":170,"column":71}}},"branchMap":{"1":{"line":37,"type":"if","locations":[{"start":{"line":37,"column":8},"end":{"line":37,"column":8}},{"start":{"line":37,"column":8},"end":{"line":37,"column":8}}]},"2":{"line":38,"type":"if","locations":[{"start":{"line":38,"column":8},"end":{"line":38,"column":8}},{"start":{"line":38,"column":8},"end":{"line":38,"column":8}}]},"3":{"line":39,"type":"if","locations":[{"start":{"line":39,"column":8},"end":{"line":39,"column":8}},{"start":{"line":39,"column":8},"end":{"line":39,"column":8}}]},"4":{"line":40,"type":"if","locations":[{"start":{"line":40,"column":8},"end":{"line":40,"column":8}},{"start":{"line":40,"column":8},"end":{"line":40,"column":8}}]},"5":{"line":51,"type":"if","locations":[{"start":{"line":51,"column":8},"end":{"line":51,"column":8}},{"start":{"line":51,"column":8},"end":{"line":51,"column":8}}]},"6":{"line":107,"type":"if","locations":[{"start":{"line":107,"column":8},"end":{"line":107,"column":8}},{"start":{"line":107,"column":8},"end":{"line":107,"column":8}}]},"7":{"line":156,"type":"if","locations":[{"start":{"line":156,"column":8},"end":{"line":156,"column":8}},{"start":{"line":156,"column":8},"end":{"line":156,"column":8}}]}}},
"contracts/Cartographer.sol":{"l":{"186":3,"187":3,"205":14,"218":14,"220":14,"221":14,"223":14,"224":14,"225":14,"226":14,"228":14,"229":14,"230":14,"233":14,"234":56,"242":3,"243":3,"246":3,"247":3,"248":3,"249":3,"256":0,"257":0,"259":0,"260":0,"267":0,"268":0,"269":0,"274":0,"275":0,"282":0,"284":0,"292":0,"294":0,"295":0,"308":2171,"317":2171,"318":2171,"323":46,"324":45,"328":34,"329":33,"332":53,"333":51,"336":38,"337":38,"341":534,"345":534,"346":532,"351":294,"354":74,"355":74,"358":220,"359":220,"364":101,"365":100,"377":5462,"378":5462,"395":2,"396":2,"397":8,"399":2,"411":33,"412":33,"415":33,"417":33,"428":5,"429":20,"430":5,"435":5,"437":5,"450":537,"453":185,"454":141,"458":44,"462":185,"474":12,"475":12,"477":12,"487":4,"488":4,"489":4,"491":4,"499":12,"502":12,"503":12,"506":12,"508":12,"515":16,"517":8,"518":8,"541":45,"542":45,"546":45,"547":45,"550":45,"552":44,"566":6,"567":4,"571":6,"573":6,"579":49,"580":196,"602":119,"605":116,"608":116,"611":116,"614":116,"616":116,"630":1060,"639":3097,"642":3096,"650":5923,"653":4669,"655":3083,"675":1185,"683":1185,"686":1183,"697":1165,"698":1165,"699":1165,"700":4660,"701":1820,"703":4660,"706":1165,"708":1163,"724":1060,"738":1060,"741":1060,"761":100,"763":100,"782":183,"788":338,"790":338,"791":338,"794":338,"796":9,"797":9,"799":9,"814":36,"820":193,"823":193,"825":192,"839":0,"846":324,"847":324,"848":1296,"850":324,"862":343,"871":324,"872":98,"876":324,"877":261,"880":324,"891":22,"893":22,"904":39,"912":39,"913":39,"915":39,"927":119,"937":116,"938":116,"940":116,"951":1,"954":1,"963":1,"969":1,"982":12,"983":11,"984":10,"1001":12,"1004":9,"1013":8,"1021":8,"1040":157,"1041":157,"1042":157,"1045":157,"1046":157,"1047":157,"1050":157,"1053":157,"1055":157,"1057":157,"1068":262,"1069":28,"1077":155,"1078":24,"1093":262,"1096":262,"1097":262,"1098":1,"1099":1,"1103":262,"1113":156,"1114":156,"1128":155,"1131":155,"1134":155,"1135":155,"1136":155,"1140":155,"1142":155,"1159":4,"1162":2,"1165":2,"1168":2,"1170":2,"1175":0,"1181":2,"1182":2,"1184":2,"1203":10,"1204":10,"1205":10,"1215":9,"1216":9,"1217":9,"1225":0,"1226":0,"1234":0,"1235":0,"1236":0,"1244":3,"1245":3,"1253":1,"1254":1,"1255":1},"path":"/Users/roguerotkosky/Development/Summit/summit-contracts-v2/contracts/Cartographer.sol","s":{"1":3,"2":3,"3":14,"4":14,"5":14,"6":14,"7":14,"8":14,"9":14,"10":14,"11":14,"12":14,"13":14,"14":14,"15":56,"16":3,"17":3,"18":3,"19":3,"20":3,"21":3,"22":0,"23":0,"24":0,"25":0,"26":0,"27":0,"28":0,"29":0,"30":0,"31":0,"32":0,"33":0,"34":0,"35":0,"36":2171,"37":2171,"38":46,"39":34,"40":53,"41":38,"42":534,"43":534,"44":294,"45":74,"46":220,"47":101,"48":5462,"49":5462,"50":2,"51":2,"52":8,"53":2,"54":33,"55":33,"56":33,"57":33,"58":5,"59":20,"60":5,"61":5,"62":5,"63":537,"64":352,"65":185,"66":141,"67":44,"68":185,"69":12,"70":12,"71":12,"72":4,"73":4,"74":4,"75":4,"76":12,"77":12,"78":12,"79":12,"80":12,"81":16,"82":8,"83":8,"84":8,"85":45,"86":45,"87":45,"88":45,"89":45,"90":44,"91":6,"92":4,"93":6,"94":6,"95":49,"96":196,"97":119,"98":116,"99":116,"100":116,"101":116,"102":116,"103":1060,"104":3097,"105":1,"106":3096,"107":5923,"108":1254,"109":4669,"110":1586,"111":3083,"112":1185,"113":1185,"114":2,"115":1183,"116":1165,"117":1165,"118":1165,"119":4660,"120":1820,"121":4660,"122":1165,"123":2,"124":1163,"125":1060,"126":1060,"127":0,"128":1060,"129":100,"130":100,"131":183,"132":338,"133":338,"134":338,"135":338,"136":329,"137":9,"138":9,"139":9,"140":36,"141":193,"142":193,"143":1,"144":192,"145":0,"146":324,"147":324,"148":1296,"149":324,"150":343,"151":324,"152":98,"153":324,"154":261,"155":324,"156":22,"157":22,"158":39,"159":39,"160":39,"161":39,"162":119,"163":116,"164":116,"165":116,"166":1,"167":1,"168":1,"169":1,"170":12,"171":11,"172":10,"173":12,"174":9,"175":8,"176":8,"177":157,"178":157,"179":157,"180":157,"181":157,"182":157,"183":157,"184":157,"185":157,"186":157,"187":262,"188":234,"189":28,"190":155,"191":131,"192":24,"193":262,"194":262,"195":262,"196":1,"197":1,"198":262,"199":156,"200":156,"201":155,"202":155,"203":155,"204":155,"205":155,"206":155,"207":155,"208":4,"209":2,"210":2,"211":2,"212":2,"213":0,"214":2,"215":2,"216":2,"217":10,"218":10,"219":10,"220":9,"221":9,"222":9,"223":0,"224":0,"225":0,"226":0,"227":0,"228":3,"229":3,"230":1,"231":1,"232":1},"b":{"1":[14,0],"2":[3,0],"3":[0,0],"4":[0,0],"5":[0,0],"6":[0,0],"7":[0,0],"8":[0,0],"9":[2171,0],"10":[45,1],"11":[33,1],"12":[51,2],"13":[38,0],"14":[532,2],"15":[294,0],"16":[100,1],"17":[5462,0],"18":[5,15],"19":[352,185],"20":[141,44],"21":[12,0],"22":[12,0],"23":[4,0],"24":[8,8],"25":[45,0],"26":[4,2],"27":[1,3096],"28":[1254,4669],"29":[1586,3083],"30":[2,1183],"31":[1820,2840],"32":[2,1163],"33":[0,1060],"34":[329,9],"35":[1,192],"36":[98,226],"37":[261,63],"38":[1,0],"39":[11,1],"40":[10,1],"41":[9,1],"42":[234,28],"43":[131,24],"44":[1,261],"45":[155,0],"46":[2,0],"47":[2,0],"48":[10,0],"49":[9,0],"50":[0,0],"51":[1,0]},"f":{"1":3,"2":14,"3":3,"4":0,"5":0,"6":0,"7":0,"8":0,"9":2171,"10":2171,"11":46,"12":34,"13":53,"14":38,"15":534,"16":534,"17":294,"18":74,"19":220,"20":101,"21":5462,"22":2,"23":33,"24":5,"25":537,"26":12,"27":4,"28":12,"29":16,"30":45,"31":6,"32":49,"33":119,"34":1060,"35":3097,"36":5923,"37":1185,"38":1165,"39":1060,"40":1060,"41":100,"42":183,"43":338,"44":36,"45":193,"46":0,"47":324,"48":343,"49":22,"50":39,"51":119,"52":1,"53":12,"54":12,"55":157,"56":262,"57":155,"58":262,"59":156,"60":155,"61":4,"62":0,"63":2,"64":10,"65":9,"66":0,"67":0,"68":3,"69":1},"fnMap":{"1":{"name":"constructor","line":182,"loc":{"start":{"line":182,"column":4},"end":{"line":188,"column":4}}},"2":{"name":"initialize","line":203,"loc":{"start":{"line":191,"column":4},"end":{"line":236,"column":4}}},"3":{"name":"enable","line":240,"loc":{"start":{"line":240,"column":4},"end":{"line":250,"column":4}}},"4":{"name":"setTreasuryAdd","line":255,"loc":{"start":{"line":255,"column":4},"end":{"line":261,"column":4}}},"5":{"name":"setExpeditionTreasuryAdd","line":266,"loc":{"start":{"line":266,"column":4},"end":{"line":270,"column":4}}},"6":{"name":"setRolloverRewardInNativeToken","line":273,"loc":{"start":{"line":273,"column":4},"end":{"line":276,"column":4}}},"7":{"name":"setTotalSummitPerSecond","line":280,"loc":{"start":{"line":280,"column":4},"end":{"line":285,"column":4}}},"8":{"name":"setSummitDistributionBPs","line":290,"loc":{"start":{"line":290,"column":4},"end":{"line":296,"column":4}}},"9":{"name":"_onlySubCartographer","line":307,"loc":{"start":{"line":307,"column":4},"end":{"line":315,"column":4}}},"10":{"name":"onlySubCartographer","line":316,"loc":{"start":{"line":316,"column":4},"end":{"line":319,"column":4}}},"11":{"name":"nonDuplicated","line":322,"loc":{"start":{"line":322,"column":4},"end":{"line":325,"column":4}}},"12":{"name":"nonDuplicatedTokenAlloc","line":327,"loc":{"start":{"line":327,"column":4},"end":{"line":330,"column":4}}},"13":{"name":"tokenAllocExists","line":331,"loc":{"start":{"line":331,"column":4},"end":{"line":334,"column":4}}},"14":{"name":"validAllocation","line":335,"loc":{"start":{"line":335,"column":4},"end":{"line":338,"column":4}}},"15":{"name":"_poolExists","line":340,"loc":{"start":{"line":340,"column":4},"end":{"line":343,"column":4}}},"16":{"name":"poolExists","line":344,"loc":{"start":{"line":344,"column":4},"end":{"line":347,"column":4}}},"17":{"name":"_validElev","line":350,"loc":{"start":{"line":350,"column":4},"end":{"line":352,"column":4}}},"18":{"name":"isOasisOrElevation","line":353,"loc":{"start":{"line":353,"column":4},"end":{"line":356,"column":4}}},"19":{"name":"isElevation","line":357,"loc":{"start":{"line":357,"column":4},"end":{"line":360,"column":4}}},"20":{"name":"validTotem","line":363,"loc":{"start":{"line":363,"column":4},"end":{"line":366,"column":4}}},"21":{"name":"subCartographer","line":376,"loc":{"start":{"line":376,"column":4},"end":{"line":379,"column":4}}},"22":{"name":"poolsCount","line":391,"loc":{"start":{"line":391,"column":4},"end":{"line":400,"column":4}}},"23":{"name":"createTokenAllocation","line":408,"loc":{"start":{"line":406,"column":4},"end":{"line":418,"column":4}}},"24":{"name":"setTokenAllocation","line":425,"loc":{"start":{"line":423,"column":4},"end":{"line":438,"column":4}}},"25":{"name":"setIsTokenEarningAtElevation","line":447,"loc":{"start":{"line":445,"column":4},"end":{"line":463,"column":4}}},"26":{"name":"setTokenPassthroughStrategy","line":471,"loc":{"start":{"line":469,"column":4},"end":{"line":478,"column":4}}},"27":{"name":"retireTokenPassthroughStrategy","line":485,"loc":{"start":{"line":483,"column":4},"end":{"line":492,"column":4}}},"28":{"name":"_enactTokenPassthroughStrategy","line":495,"loc":{"start":{"line":495,"column":4},"end":{"line":509,"column":4}}},"29":{"name":"_retireTokenPassthroughStrategy","line":513,"loc":{"start":{"line":513,"column":4},"end":{"line":519,"column":4}}},"30":{"name":"add","line":537,"loc":{"start":{"line":535,"column":4},"end":{"line":553,"column":4}}},"31":{"name":"set","line":563,"loc":{"start":{"line":561,"column":4},"end":{"line":574,"column":4}}},"32":{"name":"massUpdatePools","line":578,"loc":{"start":{"line":578,"column":4},"end":{"line":582,"column":4}}},"33":{"name":"rollover","line":599,"loc":{"start":{"line":597,"column":4},"end":{"line":617,"column":4}}},"34":{"name":"timeDiffSeconds","line":629,"loc":{"start":{"line":629,"column":4},"end":{"line":631,"column":4}}},"35":{"name":"elevationModulatedAllocation","line":637,"loc":{"start":{"line":637,"column":4},"end":{"line":643,"column":4}}},"36":{"name":"tokenElevationShares","line":648,"loc":{"start":{"line":648,"column":4},"end":{"line":659,"column":4}}},"37":{"name":"tokenElevationEmissionMultiplier","line":668,"loc":{"start":{"line":668,"column":4},"end":{"line":687,"column":4}}},"38":{"name":"tokenAllocEmissionMultiplier","line":692,"loc":{"start":{"line":692,"column":4},"end":{"line":709,"column":4}}},"39":{"name":"poolEmissionMultiplier","line":716,"loc":{"start":{"line":716,"column":4},"end":{"line":725,"column":4}}},"40":{"name":"poolSummitEmission","line":734,"loc":{"start":{"line":732,"column":4},"end":{"line":742,"column":4}}},"41":{"name":"switchTotem","line":758,"loc":{"start":{"line":756,"column":4},"end":{"line":764,"column":4}}},"42":{"name":"taxBP","line":778,"loc":{"start":{"line":778,"column":4},"end":{"line":783,"column":4}}},"43":{"name":"_getTaxBP","line":784,"loc":{"start":{"line":784,"column":4},"end":{"line":804,"column":4}}},"44":{"name":"bonusBP","line":810,"loc":{"start":{"line":810,"column":4},"end":{"line":815,"column":4}}},"45":{"name":"_getBonusBP","line":816,"loc":{"start":{"line":816,"column":4},"end":{"line":830,"column":4}}},"46":{"name":"userTokenStakedAmount","line":835,"loc":{"start":{"line":835,"column":4},"end":{"line":840,"column":4}}},"47":{"name":"_userTokenStakedAmount","line":842,"loc":{"start":{"line":842,"column":4},"end":{"line":851,"column":4}}},"48":{"name":"deposit","line":859,"loc":{"start":{"line":857,"column":4},"end":{"line":881,"column":4}}},"49":{"name":"claimElevation","line":888,"loc":{"start":{"line":886,"column":4},"end":{"line":894,"column":4}}},"50":{"name":"emergencyWithdraw","line":901,"loc":{"start":{"line":899,"column":4},"end":{"line":916,"column":4}}},"51":{"name":"withdraw","line":924,"loc":{"start":{"line":922,"column":4},"end":{"line":941,"column":4}}},"52":{"name":"elevateAndLockStakedSummit","line":949,"loc":{"start":{"line":947,"column":4},"end":{"line":970,"column":4}}},"53":{"name":"validateElevate","line":980,"loc":{"start":{"line":978,"column":4},"end":{"line":989,"column":4}}},"54":{"name":"elevate","line":999,"loc":{"start":{"line":997,"column":4},"end":{"line":1022,"column":4}}},"55":{"name":"claimWinnings","line":1037,"loc":{"start":{"line":1035,"column":4},"end":{"line":1058,"column":4}}},"56":{"name":"passthroughDeposit","line":1067,"loc":{"start":{"line":1067,"column":4},"end":{"line":1070,"column":4}}},"57":{"name":"passthroughWithdraw","line":1076,"loc":{"start":{"line":1076,"column":4},"end":{"line":1079,"column":4}}},"58":{"name":"depositTokenManagement","line":1089,"loc":{"start":{"line":1087,"column":4},"end":{"line":1104,"column":4}}},"59":{"name":"_distributeTaxesAndFees","line":1110,"loc":{"start":{"line":1110,"column":4},"end":{"line":1115,"column":4}}},"60":{"name":"withdrawalTokenManagement","line":1124,"loc":{"start":{"line":1122,"column":4},"end":{"line":1143,"column":4}}},"61":{"name":"rolloverReferral","line":1155,"loc":{"start":{"line":1155,"column":4},"end":{"line":1171,"column":4}}},"62":{"name":"referralBurnTimestamp","line":1174,"loc":{"start":{"line":1174,"column":4},"end":{"line":1176,"column":4}}},"63":{"name":"referralRewardsMintSafetyHatch","line":1179,"loc":{"start":{"line":1179,"column":4},"end":{"line":1185,"column":4}}},"64":{"name":"setTokenDepositFee","line":1200,"loc":{"start":{"line":1198,"column":4},"end":{"line":1206,"column":4}}},"65":{"name":"setTokenWithdrawTax","line":1212,"loc":{"start":{"line":1210,"column":4},"end":{"line":1218,"column":4}}},"66":{"name":"setTaxDecayDuration","line":1223,"loc":{"start":{"line":1221,"column":4},"end":{"line":1227,"column":4}}},"67":{"name":"setBaseMinimumWithdrawalTax","line":1232,"loc":{"start":{"line":1230,"column":4},"end":{"line":1237,"column":4}}},"68":{"name":"setTokenIsNativeFarm","line":1242,"loc":{"start":{"line":1240,"column":4},"end":{"line":1246,"column":4}}},"69":{"name":"setMaxBonusBP","line":1251,"loc":{"start":{"line":1249,"column":4},"end":{"line":1256,"column":4}}}},"statementMap":{"1":{"start":{"line":186,"column":8},"end":{"line":186,"column":33}},"2":{"start":{"line":187,"column":8},"end":{"line":187,"column":53}},"3":{"start":{"line":205,"column":8},"end":{"line":205,"column":9899}},"4":{"start":{"line":218,"column":8},"end":{"line":218,"column":36}},"5":{"start":{"line":220,"column":8},"end":{"line":220,"column":58}},"6":{"start":{"line":221,"column":8},"end":{"line":221,"column":58}},"7":{"start":{"line":223,"column":8},"end":{"line":223,"column":51}},"8":{"start":{"line":224,"column":8},"end":{"line":224,"column":53}},"9":{"start":{"line":225,"column":8},"end":{"line":225,"column":49}},"10":{"start":{"line":226,"column":8},"end":{"line":226,"column":53}},"11":{"start":{"line":228,"column":8},"end":{"line":228,"column":39}},"12":{"start":{"line":229,"column":8},"end":{"line":229,"column":50}},"13":{"start":{"line":230,"column":8},"end":{"line":230,"column":52}},"14":{"start":{"line":233,"column":8},"end":{"line":233,"column":10965}},"15":{"start":{"line":234,"column":12},"end":{"line":234,"column":84}},"16":{"start":{"line":242,"column":8},"end":{"line":242,"column":43}},"17":{"start":{"line":243,"column":8},"end":{"line":243,"column":21}},"18":{"start":{"line":246,"column":8},"end":{"line":246,"column":40}},"19":{"start":{"line":247,"column":8},"end":{"line":247,"column":46}},"20":{"start":{"line":248,"column":8},"end":{"line":248,"column":46}},"21":{"start":{"line":249,"column":8},"end":{"line":249,"column":53}},"22":{"start":{"line":256,"column":8},"end":{"line":256,"column":61}},"23":{"start":{"line":257,"column":8},"end":{"line":257,"column":54}},"24":{"start":{"line":259,"column":8},"end":{"line":259,"column":33}},"25":{"start":{"line":260,"column":8},"end":{"line":260,"column":57}},"26":{"start":{"line":267,"column":8},"end":{"line":267,"column":71}},"27":{"start":{"line":268,"column":8},"end":{"line":268,"column":53}},"28":{"start":{"line":269,"column":8},"end":{"line":269,"column":77}},"29":{"start":{"line":274,"column":8},"end":{"line":274,"column":53}},"30":{"start":{"line":275,"column":8},"end":{"line":275,"column":31}},"31":{"start":{"line":282,"column":8},"end":{"line":282,"column":66}},"32":{"start":{"line":284,"column":8},"end":{"line":284,"column":32}},"33":{"start":{"line":292,"column":8},"end":{"line":292,"column":81}},"34":{"start":{"line":294,"column":8},"end":{"line":294,"column":39}},"35":{"start":{"line":295,"column":8},"end":{"line":295,"column":37}},"36":{"start":{"line":308,"column":8},"end":{"line":308,"column":13955}},"37":{"start":{"line":317,"column":8},"end":{"line":317,"column":39}},"38":{"start":{"line":323,"column":8},"end":{"line":323,"column":64}},"39":{"start":{"line":328,"column":8},"end":{"line":328,"column":78}},"40":{"start":{"line":332,"column":8},"end":{"line":332,"column":74}},"41":{"start":{"line":336,"column":8},"end":{"line":336,"column":86}},"42":{"start":{"line":341,"column":8},"end":{"line":341,"column":70}},"43":{"start":{"line":345,"column":8},"end":{"line":345,"column":38}},"44":{"start":{"line":351,"column":8},"end":{"line":351,"column":80}},"45":{"start":{"line":354,"column":8},"end":{"line":354,"column":44}},"46":{"start":{"line":358,"column":8},"end":{"line":358,"column":45}},"47":{"start":{"line":364,"column":8},"end":{"line":364,"column":80}},"48":{"start":{"line":377,"column":8},"end":{"line":377,"column":75}},"49":{"start":{"line":378,"column":8},"end":{"line":378,"column":53}},"50":{"start":{"line":395,"column":8},"end":{"line":395,"column":25}},"51":{"start":{"line":396,"column":8},"end":{"line":396,"column":16595}},"52":{"start":{"line":397,"column":12},"end":{"line":397,"column":50}},"53":{"start":{"line":399,"column":8},"end":{"line":399,"column":20}},"54":{"start":{"line":411,"column":8},"end":{"line":411,"column":41}},"55":{"start":{"line":412,"column":8},"end":{"line":412,"column":40}},"56":{"start":{"line":415,"column":8},"end":{"line":415,"column":39}},"57":{"start":{"line":417,"column":8},"end":{"line":417,"column":51}},"58":{"start":{"line":428,"column":8},"end":{"line":428,"column":17929}},"59":{"start":{"line":429,"column":12},"end":{"line":429,"column":18011}},"60":{"start":{"line":430,"column":16},"end":{"line":430,"column":93}},"61":{"start":{"line":435,"column":8},"end":{"line":435,"column":39}},"62":{"start":{"line":437,"column":8},"end":{"line":437,"column":51}},"63":{"start":{"line":450,"column":8},"end":{"line":450,"column":77}},"64":{"start":{"line":450,"column":71},"end":{"line":450,"column":77}},"65":{"start":{"line":453,"column":8},"end":{"line":453,"column":18932}},"66":{"start":{"line":454,"column":12},"end":{"line":454,"column":54}},"67":{"start":{"line":458,"column":12},"end":{"line":458,"column":54}},"68":{"start":{"line":462,"column":8},"end":{"line":462,"column":63}},"69":{"start":{"line":474,"column":8},"end":{"line":474,"column":82}},"70":{"start":{"line":475,"column":8},"end":{"line":475,"column":120}},"71":{"start":{"line":477,"column":8},"end":{"line":477,"column":67}},"72":{"start":{"line":487,"column":8},"end":{"line":487,"column":99}},"73":{"start":{"line":488,"column":8},"end":{"line":488,"column":82}},"74":{"start":{"line":489,"column":8},"end":{"line":489,"column":46}},"75":{"start":{"line":491,"column":8},"end":{"line":491,"column":89}},"76":{"start":{"line":499,"column":8},"end":{"line":499,"column":46}},"77":{"start":{"line":502,"column":8},"end":{"line":502,"column":98}},"78":{"start":{"line":503,"column":8},"end":{"line":503,"column":49}},"79":{"start":{"line":506,"column":8},"end":{"line":506,"column":62}},"80":{"start":{"line":508,"column":8},"end":{"line":508,"column":74}},"81":{"start":{"line":515,"column":8},"end":{"line":515,"column":65}},"82":{"start":{"line":515,"column":59},"end":{"line":515,"column":65}},"83":{"start":{"line":517,"column":8},"end":{"line":517,"column":96}},"84":{"start":{"line":518,"column":8},"end":{"line":518,"column":52}},"85":{"start":{"line":541,"column":8},"end":{"line":541,"column":22400}},"86":{"start":{"line":542,"column":12},"end":{"line":542,"column":28}},"87":{"start":{"line":546,"column":8},"end":{"line":546,"column":47}},"88":{"start":{"line":547,"column":8},"end":{"line":547,"column":43}},"89":{"start":{"line":550,"column":8},"end":{"line":550,"column":53}},"90":{"start":{"line":552,"column":8},"end":{"line":552,"column":44}},"91":{"start":{"line":566,"column":8},"end":{"line":566,"column":23308}},"92":{"start":{"line":567,"column":12},"end":{"line":567,"column":28}},"93":{"start":{"line":571,"column":8},"end":{"line":571,"column":53}},"94":{"start":{"line":573,"column":8},"end":{"line":573,"column":51}},"95":{"start":{"line":579,"column":8},"end":{"line":579,"column":23636}},"96":{"start":{"line":580,"column":12},"end":{"line":580,"column":55}},"97":{"start":{"line":602,"column":8},"end":{"line":602,"column":60}},"98":{"start":{"line":605,"column":8},"end":{"line":605,"column":53}},"99":{"start":{"line":608,"column":8},"end":{"line":608,"column":52}},"100":{"start":{"line":611,"column":8},"end":{"line":611,"column":45}},"101":{"start":{"line":614,"column":8},"end":{"line":614,"column":46}},"102":{"start":{"line":616,"column":8},"end":{"line":616,"column":45}},"103":{"start":{"line":630,"column":8},"end":{"line":630,"column":26}},"104":{"start":{"line":639,"column":8},"end":{"line":639,"column":70}},"105":{"start":{"line":639,"column":60},"end":{"line":639,"column":68}},"106":{"start":{"line":642,"column":8},"end":{"line":642,"column":91}},"107":{"start":{"line":650,"column":8},"end":{"line":650,"column":56}},"108":{"start":{"line":650,"column":48},"end":{"line":650,"column":56}},"109":{"start":{"line":653,"column":8},"end":{"line":653,"column":66}},"110":{"start":{"line":653,"column":58},"end":{"line":653,"column":66}},"111":{"start":{"line":655,"column":8},"end":{"line":655,"column":26711}},"112":{"start":{"line":675,"column":8},"end":{"line":675,"column":27853}},"113":{"start":{"line":683,"column":8},"end":{"line":683,"column":47}},"114":{"start":{"line":683,"column":37},"end":{"line":683,"column":45}},"115":{"start":{"line":686,"column":8},"end":{"line":686,"column":80}},"116":{"start":{"line":697,"column":8},"end":{"line":697,"column":35}},"117":{"start":{"line":698,"column":8},"end":{"line":698,"column":30}},"118":{"start":{"line":699,"column":8},"end":{"line":699,"column":28768}},"119":{"start":{"line":700,"column":12},"end":{"line":700,"column":28850}},"120":{"start":{"line":701,"column":16},"end":{"line":701,"column":106}},"121":{"start":{"line":703,"column":12},"end":{"line":703,"column":99}},"122":{"start":{"line":706,"column":8},"end":{"line":706,"column":37}},"123":{"start":{"line":706,"column":29},"end":{"line":706,"column":37}},"124":{"start":{"line":708,"column":8},"end":{"line":708,"column":49}},"125":{"start":{"line":724,"column":8},"end":{"line":724,"column":169}},"126":{"start":{"line":738,"column":8},"end":{"line":738,"column":65}},"127":{"start":{"line":738,"column":55},"end":{"line":738,"column":63}},"128":{"start":{"line":741,"column":8},"end":{"line":741,"column":103}},"129":{"start":{"line":761,"column":8},"end":{"line":761,"column":66}},"130":{"start":{"line":763,"column":8},"end":{"line":763,"column":56}},"131":{"start":{"line":782,"column":8},"end":{"line":782,"column":42}},"132":{"start":{"line":788,"column":8},"end":{"line":788,"column":94}},"133":{"start":{"line":790,"column":8},"end":{"line":790,"column":62}},"134":{"start":{"line":791,"column":8},"end":{"line":791,"column":86}},"135":{"start":{"line":794,"column":8},"end":{"line":794,"column":63}},"136":{"start":{"line":794,"column":37},"end":{"line":794,"column":63}},"137":{"start":{"line":796,"column":8},"end":{"line":796,"column":124}},"138":{"start":{"line":797,"column":8},"end":{"line":797,"column":63}},"139":{"start":{"line":799,"column":8},"end":{"line":799,"column":32903}},"140":{"start":{"line":814,"column":8},"end":{"line":814,"column":44}},"141":{"start":{"line":820,"column":8},"end":{"line":820,"column":92}},"142":{"start":{"line":823,"column":8},"end":{"line":823,"column":48}},"143":{"start":{"line":823,"column":40},"end":{"line":823,"column":48}},"144":{"start":{"line":825,"column":8},"end":{"line":825,"column":33702}},"145":{"start":{"line":839,"column":8},"end":{"line":839,"column":57}},"146":{"start":{"line":846,"column":8},"end":{"line":846,"column":31}},"147":{"start":{"line":847,"column":8},"end":{"line":847,"column":34369}},"148":{"start":{"line":848,"column":12},"end":{"line":848,"column":87}},"149":{"start":{"line":850,"column":8},"end":{"line":850,"column":26}},"150":{"start":{"line":862,"column":8},"end":{"line":862,"column":34984}},"151":{"start":{"line":871,"column":8},"end":{"line":871,"column":35281}},"152":{"start":{"line":872,"column":12},"end":{"line":872,"column":83}},"153":{"start":{"line":876,"column":8},"end":{"line":876,"column":35567}},"154":{"start":{"line":877,"column":12},"end":{"line":877,"column":80}},"155":{"start":{"line":880,"column":8},"end":{"line":880,"column":68}},"156":{"start":{"line":891,"column":8},"end":{"line":891,"column":85}},"157":{"start":{"line":893,"column":8},"end":{"line":893,"column":65}},"158":{"start":{"line":904,"column":8},"end":{"line":904,"column":36634}},"159":{"start":{"line":912,"column":8},"end":{"line":912,"column":101}},"160":{"start":{"line":913,"column":8},"end":{"line":913,"column":140}},"161":{"start":{"line":915,"column":8},"end":{"line":915,"column":78}},"162":{"start":{"line":927,"column":8},"end":{"line":927,"column":37804}},"163":{"start":{"line":937,"column":8},"end":{"line":937,"column":101}},"164":{"start":{"line":938,"column":8},"end":{"line":938,"column":140}},"165":{"start":{"line":940,"column":8},"end":{"line":940,"column":69}},"166":{"start":{"line":951,"column":8},"end":{"line":951,"column":54}},"167":{"start":{"line":954,"column":8},"end":{"line":954,"column":39105}},"168":{"start":{"line":963,"column":8},"end":{"line":963,"column":39352}},"169":{"start":{"line":969,"column":8},"end":{"line":969,"column":72}},"170":{"start":{"line":982,"column":8},"end":{"line":982,"column":55}},"171":{"start":{"line":983,"column":8},"end":{"line":983,"column":72}},"172":{"start":{"line":984,"column":8},"end":{"line":984,"column":40188}},"173":{"start":{"line":1001,"column":8},"end":{"line":1001,"column":75}},"174":{"start":{"line":1004,"column":8},"end":{"line":1004,"column":41011}},"175":{"start":{"line":1013,"column":8},"end":{"line":1013,"column":41327}},"176":{"start":{"line":1021,"column":8},"end":{"line":1021,"column":92}},"177":{"start":{"line":1040,"column":8},"end":{"line":1040,"column":60}},"178":{"start":{"line":1041,"column":8},"end":{"line":1041,"column":62}},"179":{"start":{"line":1042,"column":8},"end":{"line":1042,"column":55}},"180":{"start":{"line":1045,"column":8},"end":{"line":1045,"column":57}},"181":{"start":{"line":1046,"column":8},"end":{"line":1046,"column":87}},"182":{"start":{"line":1047,"column":8},"end":{"line":1047,"column":73}},"183":{"start":{"line":1050,"column":8},"end":{"line":1050,"column":78}},"184":{"start":{"line":1053,"column":8},"end":{"line":1053,"column":71}},"185":{"start":{"line":1055,"column":8},"end":{"line":1055,"column":51}},"186":{"start":{"line":1057,"column":8},"end":{"line":1057,"column":28}},"187":{"start":{"line":1068,"column":8},"end":{"line":1068,"column":74}},"188":{"start":{"line":1068,"column":60},"end":{"line":1068,"column":74}},"189":{"start":{"line":1069,"column":8},"end":{"line":1069,"column":114}},"190":{"start":{"line":1077,"column":8},"end":{"line":1077,"column":74}},"191":{"start":{"line":1077,"column":60},"end":{"line":1077,"column":74}},"192":{"start":{"line":1078,"column":8},"end":{"line":1078,"column":115}},"193":{"start":{"line":1093,"column":8},"end":{"line":1093,"column":72}},"194":{"start":{"line":1096,"column":8},"end":{"line":1096,"column":40}},"195":{"start":{"line":1097,"column":8},"end":{"line":1097,"column":44706}},"196":{"start":{"line":1098,"column":12},"end":{"line":1098,"column":79}},"197":{"start":{"line":1099,"column":12},"end":{"line":1099,"column":85}},"198":{"start":{"line":1103,"column":8},"end":{"line":1103,"column":57}},"199":{"start":{"line":1113,"column":8},"end":{"line":1113,"column":60}},"200":{"start":{"line":1114,"column":8},"end":{"line":1114,"column":70}},"201":{"start":{"line":1128,"column":8},"end":{"line":1128,"column":69}},"202":{"start":{"line":1131,"column":8},"end":{"line":1131,"column":99}},"203":{"start":{"line":1134,"column":8},"end":{"line":1134,"column":46520}},"204":{"start":{"line":1135,"column":12},"end":{"line":1135,"column":84}},"205":{"start":{"line":1136,"column":12},"end":{"line":1136,"column":51}},"206":{"start":{"line":1140,"column":8},"end":{"line":1140,"column":60}},"207":{"start":{"line":1142,"column":8},"end":{"line":1142,"column":29}},"208":{"start":{"line":1159,"column":8},"end":{"line":1159,"column":54}},"209":{"start":{"line":1162,"column":8},"end":{"line":1162,"column":79}},"210":{"start":{"line":1165,"column":8},"end":{"line":1165,"column":45}},"211":{"start":{"line":1168,"column":8},"end":{"line":1168,"column":46}},"212":{"start":{"line":1170,"column":8},"end":{"line":1170,"column":41}},"213":{"start":{"line":1175,"column":8},"end":{"line":1175,"column":54}},"214":{"start":{"line":1181,"column":8},"end":{"line":1181,"column":79}},"215":{"start":{"line":1182,"column":8},"end":{"line":1182,"column":39}},"216":{"start":{"line":1184,"column":8},"end":{"line":1184,"column":53}},"217":{"start":{"line":1203,"column":8},"end":{"line":1203,"column":49}},"218":{"start":{"line":1204,"column":8},"end":{"line":1204,"column":39}},"219":{"start":{"line":1205,"column":8},"end":{"line":1205,"column":47}},"220":{"start":{"line":1215,"column":8},"end":{"line":1215,"column":51}},"221":{"start":{"line":1216,"column":8},"end":{"line":1216,"column":42}},"222":{"start":{"line":1217,"column":8},"end":{"line":1217,"column":48}},"223":{"start":{"line":1225,"column":8},"end":{"line":1225,"column":43}},"224":{"start":{"line":1226,"column":8},"end":{"line":1226,"column":51}},"225":{"start":{"line":1234,"column":8},"end":{"line":1234,"column":78}},"226":{"start":{"line":1235,"column":8},"end":{"line":1235,"column":59}},"227":{"start":{"line":1236,"column":8},"end":{"line":1236,"column":67}},"228":{"start":{"line":1244,"column":8},"end":{"line":1244,"column":48}},"229":{"start":{"line":1245,"column":8},"end":{"line":1245,"column":56}},"230":{"start":{"line":1253,"column":8},"end":{"line":1253,"column":55}},"231":{"start":{"line":1254,"column":8},"end":{"line":1254,"column":31}},"232":{"start":{"line":1255,"column":8},"end":{"line":1255,"column":39}}},"branchMap":{"1":{"line":205,"type":"if","locations":[{"start":{"line":205,"column":8},"end":{"line":205,"column":8}},{"start":{"line":205,"column":8},"end":{"line":205,"column":8}}]},"2":{"line":242,"type":"if","locations":[{"start":{"line":242,"column":8},"end":{"line":242,"column":8}},{"start":{"line":242,"column":8},"end":{"line":242,"column":8}}]},"3":{"line":256,"type":"if","locations":[{"start":{"line":256,"column":8},"end":{"line":256,"column":8}},{"start":{"line":256,"column":8},"end":{"line":256,"column":8}}]},"4":{"line":257,"type":"if","locations":[{"start":{"line":257,"column":8},"end":{"line":257,"column":8}},{"start":{"line":257,"column":8},"end":{"line":257,"column":8}}]},"5":{"line":267,"type":"if","locations":[{"start":{"line":267,"column":8},"end":{"line":267,"column":8}},{"start":{"line":267,"column":8},"end":{"line":267,"column":8}}]},"6":{"line":274,"type":"if","locations":[{"start":{"line":274,"column":8},"end":{"line":274,"column":8}},{"start":{"line":274,"column":8},"end":{"line":274,"column":8}}]},"7":{"line":282,"type":"if","locations":[{"start":{"line":282,"column":8},"end":{"line":282,"column":8}},{"start":{"line":282,"column":8},"end":{"line":282,"column":8}}]},"8":{"line":292,"type":"if","locations":[{"start":{"line":292,"column":8},"end":{"line":292,"column":8}},{"start":{"line":292,"column":8},"end":{"line":292,"column":8}}]},"9":{"line":308,"type":"if","locations":[{"start":{"line":308,"column":8},"end":{"line":308,"column":8}},{"start":{"line":308,"column":8},"end":{"line":308,"column":8}}]},"10":{"line":323,"type":"if","locations":[{"start":{"line":323,"column":8},"end":{"line":323,"column":8}},{"start":{"line":323,"column":8},"end":{"line":323,"column":8}}]},"11":{"line":328,"type":"if","locations":[{"start":{"line":328,"column":8},"end":{"line":328,"column":8}},{"start":{"line":328,"column":8},"end":{"line":328,"column":8}}]},"12":{"line":332,"type":"if","locations":[{"start":{"line":332,"column":8},"end":{"line":332,"column":8}},{"start":{"line":332,"column":8},"end":{"line":332,"column":8}}]},"13":{"line":336,"type":"if","locations":[{"start":{"line":336,"column":8},"end":{"line":336,"column":8}},{"start":{"line":336,"column":8},"end":{"line":336,"column":8}}]},"14":{"line":341,"type":"if","locations":[{"start":{"line":341,"column":8},"end":{"line":341,"column":8}},{"start":{"line":341,"column":8},"end":{"line":341,"column":8}}]},"15":{"line":351,"type":"if","locations":[{"start":{"line":351,"column":8},"end":{"line":351,"column":8}},{"start":{"line":351,"column":8},"end":{"line":351,"column":8}}]},"16":{"line":364,"type":"if","locations":[{"start":{"line":364,"column":8},"end":{"line":364,"column":8}},{"start":{"line":364,"column":8},"end":{"line":364,"column":8}}]},"17":{"line":377,"type":"if","locations":[{"start":{"line":377,"column":8},"end":{"line":377,"column":8}},{"start":{"line":377,"column":8},"end":{"line":377,"column":8}}]},"18":{"line":429,"type":"if","locations":[{"start":{"line":429,"column":12},"end":{"line":429,"column":12}},{"start":{"line":429,"column":12},"end":{"line":429,"column":12}}]},"19":{"line":450,"type":"if","locations":[{"start":{"line":450,"column":8},"end":{"line":450,"column":8}},{"start":{"line":450,"column":8},"end":{"line":450,"column":8}}]},"20":{"line":453,"type":"if","locations":[{"start":{"line":453,"column":8},"end":{"line":453,"column":8}},{"start":{"line":453,"column":8},"end":{"line":453,"column":8}}]},"21":{"line":474,"type":"if","locations":[{"start":{"line":474,"column":8},"end":{"line":474,"column":8}},{"start":{"line":474,"column":8},"end":{"line":474,"column":8}}]},"22":{"line":475,"type":"if","locations":[{"start":{"line":475,"column":8},"end":{"line":475,"column":8}},{"start":{"line":475,"column":8},"end":{"line":475,"column":8}}]},"23":{"line":487,"type":"if","locations":[{"start":{"line":487,"column":8},"end":{"line":487,"column":8}},{"start":{"line":487,"column":8},"end":{"line":487,"column":8}}]},"24":{"line":515,"type":"if","locations":[{"start":{"line":515,"column":8},"end":{"line":515,"column":8}},{"start":{"line":515,"column":8},"end":{"line":515,"column":8}}]},"25":{"line":541,"type":"if","locations":[{"start":{"line":541,"column":8},"end":{"line":541,"column":8}},{"start":{"line":541,"column":8},"end":{"line":541,"column":8}}]},"26":{"line":566,"type":"if","locations":[{"start":{"line":566,"column":8},"end":{"line":566,"column":8}},{"start":{"line":566,"column":8},"end":{"line":566,"column":8}}]},"27":{"line":639,"type":"if","locations":[{"start":{"line":639,"column":8},"end":{"line":639,"column":8}},{"start":{"line":639,"column":8},"end":{"line":639,"column":8}}]},"28":{"line":650,"type":"if","locations":[{"start":{"line":650,"column":8},"end":{"line":650,"column":8}},{"start":{"line":650,"column":8},"end":{"line":650,"column":8}}]},"29":{"line":653,"type":"if","locations":[{"start":{"line":653,"column":8},"end":{"line":653,"column":8}},{"start":{"line":653,"column":8},"end":{"line":653,"column":8}}]},"30":{"line":683,"type":"if","locations":[{"start":{"line":683,"column":8},"end":{"line":683,"column":8}},{"start":{"line":683,"column":8},"end":{"line":683,"column":8}}]},"31":{"line":700,"type":"if","locations":[{"start":{"line":700,"column":12},"end":{"line":700,"column":12}},{"start":{"line":700,"column":12},"end":{"line":700,"column":12}}]},"32":{"line":706,"type":"if","locations":[{"start":{"line":706,"column":8},"end":{"line":706,"column":8}},{"start":{"line":706,"column":8},"end":{"line":706,"column":8}}]},"33":{"line":738,"type":"if","locations":[{"start":{"line":738,"column":8},"end":{"line":738,"column":8}},{"start":{"line":738,"column":8},"end":{"line":738,"column":8}}]},"34":{"line":794,"type":"if","locations":[{"start":{"line":794,"column":8},"end":{"line":794,"column":8}},{"start":{"line":794,"column":8},"end":{"line":794,"column":8}}]},"35":{"line":823,"type":"if","locations":[{"start":{"line":823,"column":8},"end":{"line":823,"column":8}},{"start":{"line":823,"column":8},"end":{"line":823,"column":8}}]},"36":{"line":871,"type":"if","locations":[{"start":{"line":871,"column":8},"end":{"line":871,"column":8}},{"start":{"line":871,"column":8},"end":{"line":871,"column":8}}]},"37":{"line":876,"type":"if","locations":[{"start":{"line":876,"column":8},"end":{"line":876,"column":8}},{"start":{"line":876,"column":8},"end":{"line":876,"column":8}}]},"38":{"line":951,"type":"if","locations":[{"start":{"line":951,"column":8},"end":{"line":951,"column":8}},{"start":{"line":951,"column":8},"end":{"line":951,"column":8}}]},"39":{"line":982,"type":"if","locations":[{"start":{"line":982,"column":8},"end":{"line":982,"column":8}},{"start":{"line":982,"column":8},"end":{"line":982,"column":8}}]},"40":{"line":983,"type":"if","locations":[{"start":{"line":983,"column":8},"end":{"line":983,"column":8}},{"start":{"line":983,"column":8},"end":{"line":983,"column":8}}]},"41":{"line":984,"type":"if","locations":[{"start":{"line":984,"column":8},"end":{"line":984,"column":8}},{"start":{"line":984,"column":8},"end":{"line":984,"column":8}}]},"42":{"line":1068,"type":"if","locations":[{"start":{"line":1068,"column":8},"end":{"line":1068,"column":8}},{"start":{"line":1068,"column":8},"end":{"line":1068,"column":8}}]},"43":{"line":1077,"type":"if","locations":[{"start":{"line":1077,"column":8},"end":{"line":1077,"column":8}},{"start":{"line":1077,"column":8},"end":{"line":1077,"column":8}}]},"44":{"line":1097,"type":"if","locations":[{"start":{"line":1097,"column":8},"end":{"line":1097,"column":8}},{"start":{"line":1097,"column":8},"end":{"line":1097,"column":8}}]},"45":{"line":1134,"type":"if","locations":[{"start":{"line":1134,"column":8},"end":{"line":1134,"column":8}},{"start":{"line":1134,"column":8},"end":{"line":1134,"column":8}}]},"46":{"line":1181,"type":"if","locations":[{"start":{"line":1181,"column":8},"end":{"line":1181,"column":8}},{"start":{"line":1181,"column":8},"end":{"line":1181,"column":8}}]},"47":{"line":1182,"type":"if","locations":[{"start":{"line":1182,"column":8},"end":{"line":1182,"column":8}},{"start":{"line":1182,"column":8},"end":{"line":1182,"column":8}}]},"48":{"line":1203,"type":"if","locations":[{"start":{"line":1203,"column":8},"end":{"line":1203,"column":8}},{"start":{"line":1203,"column":8},"end":{"line":1203,"column":8}}]},"49":{"line":1215,"type":"if","locations":[{"start":{"line":1215,"column":8},"end":{"line":1215,"column":8}},{"start":{"line":1215,"column":8},"end":{"line":1215,"column":8}}]},"50":{"line":1234,"type":"if","locations":[{"start":{"line":1234,"column":8},"end":{"line":1234,"column":8}},{"start":{"line":1234,"column":8},"end":{"line":1234,"column":8}}]},"51":{"line":1253,"type":"if","locations":[{"start":{"line":1253,"column":8},"end":{"line":1253,"column":8}},{"start":{"line":1253,"column":8},"end":{"line":1253,"column":8}}]}}},
"contracts/CartographerElevation.sol":{"l":{"177":9,"178":9,"179":9,"180":9,"189":42,"190":42,"191":42,"192":42,"208":851,"211":851,"212":851,"215":378,"218":264,"219":263,"222":604,"225":604,"226":604,"229":39,"230":39,"233":100,"234":100,"237":100,"238":100,"241":348,"244":348,"245":346,"248":2327,"251":2327,"252":2327,"255":263,"256":263,"257":248,"270":2358,"273":1201,"276":0,"279":14,"282":972,"286":511,"289":0,"292":16,"295":22,"302":106,"305":9,"318":22,"319":22,"320":22,"323":22,"326":22,"329":22,"332":110,"333":69,"337":41,"342":22,"356":42,"358":42,"360":41,"361":41,"362":39,"364":2,"378":39,"381":39,"399":39,"410":4,"411":4,"414":4,"418":4,"421":4,"432":447,"445":147,"446":550,"457":2061,"460":2061,"464":1723,"465":906,"466":906,"470":817,"473":817,"476":817,"479":817,"480":6644,"484":817,"505":86,"506":86,"509":86,"522":1,"525":1,"526":1,"528":12,"535":1,"552":27,"553":27,"556":27,"557":27,"558":27,"559":27,"561":81,"566":81,"567":81,"568":81,"572":27,"574":27,"592":3,"595":3,"614":84,"617":84,"632":30,"633":30,"658":81,"660":81,"662":81,"699":116,"700":116,"703":116,"704":116,"705":116,"706":116,"708":745,"711":745,"712":745,"716":116,"719":116,"721":745,"733":745,"736":745,"739":745,"740":97,"741":97,"742":97,"746":648,"747":648,"750":648,"753":648,"760":648,"761":648,"781":351,"783":162,"796":514,"799":514,"801":351,"802":351,"805":351,"808":351,"811":127,"814":127,"817":127,"819":127,"834":39,"852":416,"855":416,"856":44,"859":372,"872":752,"875":752,"876":496,"880":210,"885":46,"888":46,"892":752,"896":752,"899":752,"902":752,"918":791,"921":296,"923":295,"924":191,"926":104,"938":100,"941":100,"944":100,"945":100,"946":100,"947":41,"951":100,"952":100,"953":100,"966":41,"967":41,"969":41,"977":41,"978":41,"979":41,"980":41,"982":41,"1006":791,"1009":0,"1023":10,"1026":10,"1027":10,"1029":39,"1037":10,"1046":211,"1052":246,"1067":264,"1070":246,"1078":246,"1097":39,"1120":90,"1128":90,"1149":416,"1152":416,"1155":416,"1158":416,"1161":416,"1176":246,"1177":246,"1179":246,"1182":246,"1185":217,"1186":211,"1189":217,"1190":217,"1192":217,"1196":246,"1199":246,"1202":245,"1219":129,"1221":129,"1223":129,"1226":39,"1231":90,"1234":90,"1239":129,"1240":129,"1241":123,"1245":129,"1246":129,"1248":129,"1251":129,"1254":129},"path":"/Users/roguerotkosky/Development/Summit/summit-contracts-v2/contracts/CartographerElevation.sol","s":{"1":9,"2":9,"3":9,"4":9,"5":42,"6":42,"7":42,"8":42,"9":851,"10":851,"11":378,"12":264,"13":604,"14":604,"15":39,"16":100,"17":100,"18":348,"19":348,"20":2327,"21":2327,"22":263,"23":263,"24":2358,"25":1201,"26":0,"27":14,"28":972,"29":511,"30":0,"31":16,"32":22,"33":106,"34":97,"35":9,"36":22,"37":22,"38":22,"39":22,"40":22,"41":22,"42":110,"43":69,"44":41,"45":22,"46":42,"47":0,"48":42,"49":41,"50":41,"51":39,"52":2,"53":39,"54":39,"55":39,"56":38,"57":4,"58":4,"59":4,"60":2,"61":4,"62":4,"63":447,"64":147,"65":550,"66":2061,"67":2061,"68":338,"69":1723,"70":906,"71":906,"72":817,"73":817,"74":817,"75":817,"76":6644,"77":817,"78":86,"79":86,"80":86,"81":1,"82":1,"83":1,"84":12,"85":1,"86":27,"87":0,"88":27,"89":27,"90":27,"91":27,"92":27,"93":81,"94":81,"95":81,"96":81,"97":27,"98":27,"99":3,"100":3,"101":84,"102":84,"103":30,"104":30,"105":81,"106":81,"107":81,"108":116,"109":116,"110":116,"111":116,"112":116,"113":116,"114":745,"115":745,"116":745,"117":116,"118":116,"119":745,"120":745,"121":745,"122":2,"123":745,"124":97,"125":97,"126":97,"127":648,"128":648,"129":648,"130":648,"131":648,"132":648,"133":351,"134":189,"135":162,"136":514,"137":514,"138":163,"139":351,"140":351,"141":351,"142":351,"143":224,"144":127,"145":127,"146":127,"147":127,"148":39,"149":416,"150":416,"151":44,"152":372,"153":752,"154":752,"155":496,"156":256,"157":210,"158":46,"159":46,"160":752,"161":662,"162":90,"163":752,"164":752,"165":752,"166":791,"167":495,"168":296,"169":295,"170":191,"171":104,"172":100,"173":100,"174":100,"175":100,"176":100,"177":41,"178":100,"179":100,"180":100,"181":41,"182":41,"183":41,"184":41,"185":41,"186":41,"187":41,"188":41,"189":791,"190":0,"191":10,"192":10,"193":10,"194":39,"195":10,"196":211,"197":246,"198":264,"199":246,"200":246,"201":39,"202":90,"203":90,"204":416,"205":416,"206":416,"207":416,"208":416,"209":246,"210":246,"211":246,"212":246,"213":217,"214":211,"215":217,"216":217,"217":217,"218":246,"219":246,"220":245,"221":129,"222":129,"223":129,"224":39,"225":90,"226":90,"227":129,"228":129,"229":123,"230":129,"231":129,"232":129,"233":129,"234":129},"b":{"1":[9,0],"2":[9,0],"3":[42,0],"4":[42,0],"5":[851,0],"6":[263,1],"7":[604,0],"8":[39,0],"9":[100,0],"10":[100,0],"11":[346,2],"12":[2327,0],"13":[263,0],"14":[248,15],"15":[97,9],"16":[69,41],"17":[0,42],"18":[41,1],"19":[39,2],"20":[38,1],"21":[2,2],"22":[338,1723],"23":[906,817],"24":[0,27],"25":[2,743],"26":[97,648],"27":[189,162],"28":[163,351],"29":[224,127],"30":[44,372],"31":[496,256],"32":[210,46],"33":[662,90],"34":[495,296],"35":[295,1],"36":[191,104],"37":[100,0],"38":[217,29],"39":[211,6],"40":[129,0],"41":[39,90],"42":[123,6]},"f":{"1":9,"2":42,"3":0,"4":851,"5":851,"6":378,"7":264,"8":604,"9":604,"10":39,"11":100,"12":100,"13":348,"14":348,"15":2327,"16":2327,"17":263,"18":2358,"19":1201,"20":0,"21":14,"22":972,"23":511,"24":0,"25":16,"26":22,"27":106,"28":22,"29":42,"30":39,"31":4,"32":447,"33":147,"34":2061,"35":86,"36":1,"37":27,"38":3,"39":84,"40":30,"41":81,"42":116,"43":745,"44":351,"45":514,"46":39,"47":416,"48":752,"49":791,"50":100,"51":41,"52":791,"53":0,"54":10,"55":211,"56":246,"57":264,"58":39,"59":90,"60":416,"61":246,"62":129},"fnMap":{"1":{"name":"constructor","line":175,"loc":{"start":{"line":175,"column":4},"end":{"line":181,"column":4}}},"2":{"name":"initialize","line":187,"loc":{"start":{"line":185,"column":4},"end":{"line":193,"column":4}}},"3":{"name":"enable","line":196,"loc":{"start":{"line":196,"column":4},"end":{"line":196,"column":48}}},"4":{"name":"_onlyCartographer","line":207,"loc":{"start":{"line":207,"column":4},"end":{"line":209,"column":4}}},"5":{"name":"onlyCartographer","line":210,"loc":{"start":{"line":210,"column":4},"end":{"line":213,"column":4}}},"6":{"name":"_totemSelected","line":214,"loc":{"start":{"line":214,"column":4},"end":{"line":216,"column":4}}},"7":{"name":"userHasSelectedTotem","line":217,"loc":{"start":{"line":217,"column":4},"end":{"line":220,"column":4}}},"8":{"name":"_validUserAdd","line":221,"loc":{"start":{"line":221,"column":4},"end":{"line":223,"column":4}}},"9":{"name":"validUserAdd","line":224,"loc":{"start":{"line":224,"column":4},"end":{"line":227,"column":4}}},"10":{"name":"nonDuplicated","line":228,"loc":{"start":{"line":228,"column":4},"end":{"line":231,"column":4}}},"11":{"name":"validTotem","line":232,"loc":{"start":{"line":232,"column":4},"end":{"line":235,"column":4}}},"12":{"name":"elevationTotemSelectionAvailable","line":236,"loc":{"start":{"line":236,"column":4},"end":{"line":239,"column":4}}},"13":{"name":"_elevationInteractionsAvailable","line":240,"loc":{"start":{"line":240,"column":4},"end":{"line":242,"column":4}}},"14":{"name":"elevationInteractionsAvailable","line":243,"loc":{"start":{"line":243,"column":4},"end":{"line":246,"column":4}}},"15":{"name":"_poolExists","line":247,"loc":{"start":{"line":247,"column":4},"end":{"line":249,"column":4}}},"16":{"name":"poolExists","line":250,"loc":{"start":{"line":250,"column":4},"end":{"line":253,"column":4}}},"17":{"name":"poolExistsAndLaunched","line":254,"loc":{"start":{"line":254,"column":4},"end":{"line":258,"column":4}}},"18":{"name":"supply","line":269,"loc":{"start":{"line":269,"column":4},"end":{"line":271,"column":4}}},"19":{"name":"_getUserTotem","line":272,"loc":{"start":{"line":272,"column":4},"end":{"line":274,"column":4}}},"20":{"name":"selectedTotem","line":275,"loc":{"start":{"line":275,"column":4},"end":{"line":277,"column":4}}},"21":{"name":"isTotemSelected","line":278,"loc":{"start":{"line":278,"column":4},"end":{"line":280,"column":4}}},"22":{"name":"userStakedAmount","line":281,"loc":{"start":{"line":281,"column":4},"end":{"line":283,"column":4}}},"23":{"name":"getUserInteractingPools","line":285,"loc":{"start":{"line":285,"column":4},"end":{"line":287,"column":4}}},"24":{"name":"getPools","line":288,"loc":{"start":{"line":288,"column":4},"end":{"line":290,"column":4}}},"25":{"name":"getActivePools","line":291,"loc":{"start":{"line":291,"column":4},"end":{"line":293,"column":4}}},"26":{"name":"totemSupplies","line":294,"loc":{"start":{"line":294,"column":4},"end":{"line":296,"column":4}}},"27":{"name":"emissionToBringPoolCurrent","line":300,"loc":{"start":{"line":300,"column":4},"end":{"line":306,"column":4}}},"28":{"name":"totemRoundRewards","line":315,"loc":{"start":{"line":313,"column":4},"end":{"line":343,"column":4}}},"29":{"name":"_markPoolActive","line":353,"loc":{"start":{"line":353,"column":4},"end":{"line":366,"column":4}}},"30":{"name":"add","line":375,"loc":{"start":{"line":373,"column":4},"end":{"line":400,"column":4}}},"31":{"name":"set","line":408,"loc":{"start":{"line":406,"column":4},"end":{"line":422,"column":4}}},"32":{"name":"_updateTokenIsEarning","line":429,"loc":{"start":{"line":429,"column":4},"end":{"line":437,"column":4}}},"33":{"name":"massUpdatePools","line":443,"loc":{"start":{"line":441,"column":4},"end":{"line":448,"column":4}}},"34":{"name":"updatePool","line":455,"loc":{"start":{"line":453,"column":4},"end":{"line":485,"column":4}}},"35":{"name":"poolClaimableRewards","line":502,"loc":{"start":{"line":500,"column":4},"end":{"line":510,"column":4}}},"36":{"name":"elevClaimableRewards","line":518,"loc":{"start":{"line":516,"column":4},"end":{"line":536,"column":4}}},"37":{"name":"elevPotentialWinnings","line":548,"loc":{"start":{"line":546,"column":4},"end":{"line":578,"column":4}}},"38":{"name":"poolYieldContributed","line":588,"loc":{"start":{"line":586,"column":4},"end":{"line":600,"column":4}}},"39":{"name":"_liveAccSummitPerShare","line":609,"loc":{"start":{"line":609,"column":4},"end":{"line":621,"column":4}}},"40":{"name":"_liveYieldContributed","line":628,"loc":{"start":{"line":628,"column":4},"end":{"line":640,"column":4}}},"41":{"name":"_liveUserAndPoolRoundRewards","line":654,"loc":{"start":{"line":654,"column":4},"end":{"line":683,"column":4}}},"42":{"name":"rollover","line":697,"loc":{"start":{"line":695,"column":4},"end":{"line":723,"column":4}}},"43":{"name":"rolloverPool","line":730,"loc":{"start":{"line":730,"column":4},"end":{"line":762,"column":4}}},"44":{"name":"_userFirstInteractedRoundWinnings","line":777,"loc":{"start":{"line":777,"column":4},"end":{"line":784,"column":4}}},"45":{"name":"_claimableWinnings","line":792,"loc":{"start":{"line":792,"column":4},"end":{"line":820,"column":4}}},"46":{"name":"_emergencyWithdrawResetUser","line":833,"loc":{"start":{"line":833,"column":4},"end":{"line":841,"column":4}}},"47":{"name":"_claimWinnings","line":847,"loc":{"start":{"line":847,"column":4},"end":{"line":860,"column":4}}},"48":{"name":"_updateUserRoundInteraction","line":869,"loc":{"start":{"line":869,"column":4},"end":{"line":903,"column":4}}},"49":{"name":"_markUserInteractingWithPool","line":916,"loc":{"start":{"line":916,"column":4},"end":{"line":928,"column":4}}},"50":{"name":"switchTotem","line":936,"loc":{"start":{"line":934,"column":4},"end":{"line":954,"column":4}}},"51":{"name":"_switchTotemForPool","line":962,"loc":{"start":{"line":962,"column":4},"end":{"line":983,"column":4}}},"52":{"name":"_userInteractingWithPool","line":1002,"loc":{"start":{"line":1002,"column":4},"end":{"line":1007,"column":4}}},"53":{"name":"userInteractingWithPool","line":1008,"loc":{"start":{"line":1008,"column":4},"end":{"line":1010,"column":4}}},"54":{"name":"claimElevation","line":1018,"loc":{"start":{"line":1016,"column":4},"end":{"line":1038,"column":4}}},"55":{"name":"_depositTokenManagement","line":1042,"loc":{"start":{"line":1042,"column":4},"end":{"line":1047,"column":4}}},"56":{"name":"_depositValidate","line":1051,"loc":{"start":{"line":1049,"column":4},"end":{"line":1052,"column":14}}},"57":{"name":"deposit","line":1063,"loc":{"start":{"line":1061,"column":4},"end":{"line":1085,"column":4}}},"58":{"name":"emergencyWithdraw","line":1094,"loc":{"start":{"line":1092,"column":4},"end":{"line":1105,"column":4}}},"59":{"name":"withdraw","line":1116,"loc":{"start":{"line":1114,"column":4},"end":{"line":1136,"column":4}}},"60":{"name":"_unifiedClaim","line":1145,"loc":{"start":{"line":1145,"column":4},"end":{"line":1162,"column":4}}},"61":{"name":"_unifiedDeposit","line":1172,"loc":{"start":{"line":1172,"column":4},"end":{"line":1203,"column":4}}},"62":{"name":"_unifiedWithdraw","line":1214,"loc":{"start":{"line":1214,"column":4},"end":{"line":1255,"column":4}}}},"statementMap":{"1":{"start":{"line":177,"column":8},"end":{"line":177,"column":68}},"2":{"start":{"line":178,"column":8},"end":{"line":178,"column":71}},"3":{"start":{"line":179,"column":8},"end":{"line":179,"column":49}},"4":{"start":{"line":180,"column":8},"end":{"line":180,"column":29}},"5":{"start":{"line":189,"column":8},"end":{"line":189,"column":66}},"6":{"start":{"line":190,"column":8},"end":{"line":190,"column":72}},"7":{"start":{"line":191,"column":8},"end":{"line":191,"column":58}},"8":{"start":{"line":192,"column":8},"end":{"line":192,"column":47}},"9":{"start":{"line":208,"column":8},"end":{"line":208,"column":72}},"10":{"start":{"line":211,"column":8},"end":{"line":211,"column":26}},"11":{"start":{"line":215,"column":8},"end":{"line":215,"column":56}},"12":{"start":{"line":218,"column":8},"end":{"line":218,"column":62}},"13":{"start":{"line":222,"column":8},"end":{"line":222,"column":62}},"14":{"start":{"line":225,"column":8},"end":{"line":225,"column":30}},"15":{"start":{"line":229,"column":8},"end":{"line":229,"column":58}},"16":{"start":{"line":233,"column":8},"end":{"line":233,"column":79}},"17":{"start":{"line":237,"column":8},"end":{"line":237,"column":139}},"18":{"start":{"line":241,"column":8},"end":{"line":241,"column":97}},"19":{"start":{"line":244,"column":8},"end":{"line":244,"column":40}},"20":{"start":{"line":248,"column":8},"end":{"line":248,"column":64}},"21":{"start":{"line":251,"column":8},"end":{"line":251,"column":26}},"22":{"start":{"line":255,"column":8},"end":{"line":255,"column":64}},"23":{"start":{"line":256,"column":8},"end":{"line":256,"column":66}},"24":{"start":{"line":270,"column":8},"end":{"line":270,"column":38}},"25":{"start":{"line":273,"column":8},"end":{"line":273,"column":48}},"26":{"start":{"line":276,"column":8},"end":{"line":276,"column":38}},"27":{"start":{"line":279,"column":8},"end":{"line":279,"column":39}},"28":{"start":{"line":282,"column":8},"end":{"line":282,"column":48}},"29":{"start":{"line":286,"column":8},"end":{"line":286,"column":54}},"30":{"start":{"line":289,"column":8},"end":{"line":289,"column":34}},"31":{"start":{"line":292,"column":8},"end":{"line":292,"column":35}},"32":{"start":{"line":295,"column":8},"end":{"line":295,"column":45}},"33":{"start":{"line":302,"column":8},"end":{"line":302,"column":117}},"34":{"start":{"line":302,"column":109},"end":{"line":302,"column":117}},"35":{"start":{"line":305,"column":8},"end":{"line":305,"column":95}},"36":{"start":{"line":318,"column":8},"end":{"line":318,"column":57}},"37":{"start":{"line":319,"column":8},"end":{"line":319,"column":64}},"38":{"start":{"line":320,"column":8},"end":{"line":320,"column":69}},"39":{"start":{"line":323,"column":8},"end":{"line":323,"column":73}},"40":{"start":{"line":326,"column":8},"end":{"line":326,"column":67}},"41":{"start":{"line":329,"column":8},"end":{"line":329,"column":13903}},"42":{"start":{"line":332,"column":12},"end":{"line":332,"column":14084}},"43":{"start":{"line":333,"column":16},"end":{"line":333,"column":62}},"44":{"start":{"line":337,"column":16},"end":{"line":337,"column":127}},"45":{"start":{"line":342,"column":8},"end":{"line":342,"column":27}},"46":{"start":{"line":356,"column":8},"end":{"line":356,"column":42}},"47":{"start":{"line":356,"column":36},"end":{"line":356,"column":42}},"48":{"start":{"line":358,"column":8},"end":{"line":358,"column":80}},"49":{"start":{"line":360,"column":8},"end":{"line":360,"column":28}},"50":{"start":{"line":361,"column":8},"end":{"line":361,"column":14963}},"51":{"start":{"line":362,"column":12},"end":{"line":362,"column":38}},"52":{"start":{"line":364,"column":12},"end":{"line":364,"column":41}},"53":{"start":{"line":378,"column":8},"end":{"line":378,"column":29}},"54":{"start":{"line":381,"column":8},"end":{"line":381,"column":15574}},"55":{"start":{"line":399,"column":8},"end":{"line":399,"column":58}},"56":{"start":{"line":399,"column":19},"end":{"line":399,"column":57}},"57":{"start":{"line":410,"column":8},"end":{"line":410,"column":57}},"58":{"start":{"line":411,"column":8},"end":{"line":411,"column":25}},"59":{"start":{"line":414,"column":8},"end":{"line":414,"column":46}},"60":{"start":{"line":414,"column":19},"end":{"line":414,"column":45}},"61":{"start":{"line":418,"column":8},"end":{"line":418,"column":34}},"62":{"start":{"line":421,"column":8},"end":{"line":421,"column":24}},"63":{"start":{"line":432,"column":8},"end":{"line":432,"column":17298}},"64":{"start":{"line":445,"column":8},"end":{"line":445,"column":17656}},"65":{"start":{"line":446,"column":12},"end":{"line":446,"column":43}},"66":{"start":{"line":457,"column":8},"end":{"line":457,"column":57}},"67":{"start":{"line":460,"column":8},"end":{"line":460,"column":63}},"68":{"start":{"line":460,"column":57},"end":{"line":460,"column":63}},"69":{"start":{"line":464,"column":8},"end":{"line":464,"column":18308}},"70":{"start":{"line":465,"column":12},"end":{"line":465,"column":53}},"71":{"start":{"line":466,"column":12},"end":{"line":466,"column":18}},"72":{"start":{"line":470,"column":8},"end":{"line":470,"column":111}},"73":{"start":{"line":473,"column":8},"end":{"line":473,"column":66}},"74":{"start":{"line":476,"column":8},"end":{"line":476,"column":40}},"75":{"start":{"line":479,"column":8},"end":{"line":479,"column":19094}},"76":{"start":{"line":480,"column":12},"end":{"line":480,"column":90}},"77":{"start":{"line":484,"column":8},"end":{"line":484,"column":49}},"78":{"start":{"line":505,"column":8},"end":{"line":505,"column":57}},"79":{"start":{"line":506,"column":8},"end":{"line":506,"column":58}},"80":{"start":{"line":509,"column":8},"end":{"line":509,"column":55}},"81":{"start":{"line":522,"column":8},"end":{"line":522,"column":29}},"82":{"start":{"line":525,"column":8},"end":{"line":525,"column":83}},"83":{"start":{"line":526,"column":8},"end":{"line":526,"column":20752}},"84":{"start":{"line":528,"column":12},"end":{"line":528,"column":20864}},"85":{"start":{"line":535,"column":8},"end":{"line":535,"column":24}},"86":{"start":{"line":552,"column":8},"end":{"line":552,"column":69}},"87":{"start":{"line":552,"column":56},"end":{"line":552,"column":69}},"88":{"start":{"line":553,"column":8},"end":{"line":553,"column":59}},"89":{"start":{"line":556,"column":8},"end":{"line":556,"column":45}},"90":{"start":{"line":557,"column":8},"end":{"line":557,"column":36}},"91":{"start":{"line":558,"column":8},"end":{"line":558,"column":42}},"92":{"start":{"line":559,"column":8},"end":{"line":559,"column":22149}},"93":{"start":{"line":561,"column":12},"end":{"line":561,"column":22333}},"94":{"start":{"line":566,"column":12},"end":{"line":566,"column":64}},"95":{"start":{"line":567,"column":12},"end":{"line":567,"column":42}},"96":{"start":{"line":568,"column":12},"end":{"line":568,"column":58}},"97":{"start":{"line":572,"column":8},"end":{"line":572,"column":117}},"98":{"start":{"line":574,"column":8},"end":{"line":574,"column":22949}},"99":{"start":{"line":592,"column":8},"end":{"line":592,"column":79}},"100":{"start":{"line":595,"column":8},"end":{"line":595,"column":23847}},"101":{"start":{"line":614,"column":8},"end":{"line":614,"column":73}},"102":{"start":{"line":617,"column":8},"end":{"line":617,"column":24746}},"103":{"start":{"line":632,"column":8},"end":{"line":632,"column":66}},"104":{"start":{"line":633,"column":8},"end":{"line":633,"column":25508}},"105":{"start":{"line":658,"column":8},"end":{"line":658,"column":57}},"106":{"start":{"line":660,"column":8},"end":{"line":660,"column":102}},"107":{"start":{"line":662,"column":8},"end":{"line":662,"column":27105}},"108":{"start":{"line":699,"column":8},"end":{"line":699,"column":66}},"109":{"start":{"line":700,"column":8},"end":{"line":700,"column":83}},"110":{"start":{"line":703,"column":8},"end":{"line":703,"column":36}},"111":{"start":{"line":704,"column":8},"end":{"line":704,"column":39}},"112":{"start":{"line":705,"column":8},"end":{"line":705,"column":53}},"113":{"start":{"line":706,"column":8},"end":{"line":706,"column":29138}},"114":{"start":{"line":708,"column":12},"end":{"line":708,"column":35}},"115":{"start":{"line":711,"column":12},"end":{"line":711,"column":66}},"116":{"start":{"line":712,"column":12},"end":{"line":712,"column":88}},"117":{"start":{"line":716,"column":8},"end":{"line":716,"column":111}},"118":{"start":{"line":719,"column":8},"end":{"line":719,"column":29813}},"119":{"start":{"line":721,"column":12},"end":{"line":721,"column":70}},"120":{"start":{"line":733,"column":8},"end":{"line":733,"column":57}},"121":{"start":{"line":736,"column":8},"end":{"line":736,"column":52}},"122":{"start":{"line":736,"column":24},"end":{"line":736,"column":51}},"123":{"start":{"line":739,"column":8},"end":{"line":739,"column":30699}},"124":{"start":{"line":740,"column":12},"end":{"line":740,"column":31}},"125":{"start":{"line":741,"column":12},"end":{"line":741,"column":38}},"126":{"start":{"line":742,"column":12},"end":{"line":742,"column":18}},"127":{"start":{"line":746,"column":8},"end":{"line":746,"column":124}},"128":{"start":{"line":747,"column":8},"end":{"line":747,"column":94}},"129":{"start":{"line":750,"column":8},"end":{"line":750,"column":120}},"130":{"start":{"line":753,"column":8},"end":{"line":753,"column":31459}},"131":{"start":{"line":760,"column":8},"end":{"line":760,"column":28}},"132":{"start":{"line":761,"column":8},"end":{"line":761,"column":84}},"133":{"start":{"line":781,"column":8},"end":{"line":781,"column":97}},"134":{"start":{"line":781,"column":89},"end":{"line":781,"column":97}},"135":{"start":{"line":783,"column":8},"end":{"line":783,"column":133}},"136":{"start":{"line":796,"column":8},"end":{"line":796,"column":66}},"137":{"start":{"line":799,"column":8},"end":{"line":799,"column":77}},"138":{"start":{"line":799,"column":69},"end":{"line":799,"column":77}},"139":{"start":{"line":801,"column":8},"end":{"line":801,"column":45}},"140":{"start":{"line":802,"column":8},"end":{"line":802,"column":29}},"141":{"start":{"line":805,"column":8},"end":{"line":805,"column":119}},"142":{"start":{"line":808,"column":8},"end":{"line":808,"column":71}},"143":{"start":{"line":808,"column":55},"end":{"line":808,"column":71}},"144":{"start":{"line":811,"column":8},"end":{"line":811,"column":34195}},"145":{"start":{"line":814,"column":8},"end":{"line":814,"column":118}},"146":{"start":{"line":817,"column":8},"end":{"line":817,"column":124}},"147":{"start":{"line":819,"column":8},"end":{"line":819,"column":24}},"148":{"start":{"line":834,"column":8},"end":{"line":834,"column":35313}},"149":{"start":{"line":852,"column":8},"end":{"line":852,"column":68}},"150":{"start":{"line":855,"column":8},"end":{"line":855,"column":36089}},"151":{"start":{"line":856,"column":12},"end":{"line":856,"column":78}},"152":{"start":{"line":859,"column":8},"end":{"line":859,"column":24}},"153":{"start":{"line":872,"column":8},"end":{"line":872,"column":66}},"154":{"start":{"line":875,"column":8},"end":{"line":875,"column":36902}},"155":{"start":{"line":876,"column":12},"end":{"line":876,"column":90}},"156":{"start":{"line":879,"column":15},"end":{"line":879,"column":37121}},"157":{"start":{"line":880,"column":12},"end":{"line":880,"column":28}},"158":{"start":{"line":885,"column":12},"end":{"line":885,"column":111}},"159":{"start":{"line":888,"column":12},"end":{"line":888,"column":102}},"160":{"start":{"line":892,"column":8},"end":{"line":892,"column":38011}},"161":{"start":{"line":892,"column":24},"end":{"line":892,"column":45}},"162":{"start":{"line":893,"column":13},"end":{"line":893,"column":34}},"163":{"start":{"line":896,"column":8},"end":{"line":896,"column":67}},"164":{"start":{"line":899,"column":8},"end":{"line":899,"column":67}},"165":{"start":{"line":902,"column":8},"end":{"line":902,"column":43}},"166":{"start":{"line":918,"column":8},"end":{"line":918,"column":83}},"167":{"start":{"line":918,"column":77},"end":{"line":918,"column":83}},"168":{"start":{"line":921,"column":8},"end":{"line":921,"column":109}},"169":{"start":{"line":923,"column":8},"end":{"line":923,"column":39196}},"170":{"start":{"line":924,"column":12},"end":{"line":924,"column":53}},"171":{"start":{"line":926,"column":12},"end":{"line":926,"column":56}},"172":{"start":{"line":938,"column":8},"end":{"line":938,"column":49}},"173":{"start":{"line":941,"column":8},"end":{"line":941,"column":85}},"174":{"start":{"line":944,"column":8},"end":{"line":944,"column":29}},"175":{"start":{"line":945,"column":8},"end":{"line":945,"column":83}},"176":{"start":{"line":946,"column":8},"end":{"line":946,"column":40180}},"177":{"start":{"line":947,"column":12},"end":{"line":947,"column":97}},"178":{"start":{"line":951,"column":8},"end":{"line":951,"column":49}},"179":{"start":{"line":952,"column":8},"end":{"line":952,"column":55}},"180":{"start":{"line":953,"column":8},"end":{"line":953,"column":95}},"181":{"start":{"line":966,"column":8},"end":{"line":966,"column":58}},"182":{"start":{"line":967,"column":8},"end":{"line":967,"column":57}},"183":{"start":{"line":969,"column":8},"end":{"line":969,"column":41147}},"184":{"start":{"line":977,"column":8},"end":{"line":977,"column":52}},"185":{"start":{"line":978,"column":8},"end":{"line":978,"column":51}},"186":{"start":{"line":979,"column":8},"end":{"line":979,"column":58}},"187":{"start":{"line":980,"column":8},"end":{"line":980,"column":57}},"188":{"start":{"line":982,"column":8},"end":{"line":982,"column":24}},"189":{"start":{"line":1006,"column":8},"end":{"line":1006,"column":48}},"190":{"start":{"line":1009,"column":8},"end":{"line":1009,"column":62}},"191":{"start":{"line":1023,"column":8},"end":{"line":1023,"column":29}},"192":{"start":{"line":1026,"column":8},"end":{"line":1026,"column":83}},"193":{"start":{"line":1027,"column":8},"end":{"line":1027,"column":43534}},"194":{"start":{"line":1029,"column":12},"end":{"line":1029,"column":43646}},"195":{"start":{"line":1037,"column":8},"end":{"line":1037,"column":24}},"196":{"start":{"line":1046,"column":8},"end":{"line":1046,"column":77}},"197":{"start":{"line":1052,"column":6},"end":{"line":1052,"column":12}},"198":{"start":{"line":1067,"column":8},"end":{"line":1067,"column":41}},"199":{"start":{"line":1070,"column":8},"end":{"line":1070,"column":45142}},"200":{"start":{"line":1078,"column":8},"end":{"line":1078,"column":45342}},"201":{"start":{"line":1097,"column":8},"end":{"line":1097,"column":45928}},"202":{"start":{"line":1120,"column":8},"end":{"line":1120,"column":46736}},"203":{"start":{"line":1128,"column":8},"end":{"line":1128,"column":46937}},"204":{"start":{"line":1149,"column":8},"end":{"line":1149,"column":29}},"205":{"start":{"line":1152,"column":8},"end":{"line":1152,"column":64}},"206":{"start":{"line":1155,"column":8},"end":{"line":1155,"column":63}},"207":{"start":{"line":1158,"column":8},"end":{"line":1158,"column":89}},"208":{"start":{"line":1161,"co
[...]
:{"line":57,"column":8},"end":{"line":57,"column":25}},"20":{"start":{"line":62,"column":8},"end":{"line":62,"column":60}},"21":{"start":{"line":64,"column":8},"end":{"line":64,"column":2666}},"22":{"start":{"line":65,"column":12},"end":{"line":65,"column":47}},"23":{"start":{"line":68,"column":8},"end":{"line":68,"column":22}},"24":{"start":{"line":70,"column":8},"end":{"line":70,"column":79}},"25":{"start":{"line":75,"column":8},"end":{"line":75,"column":99}},"26":{"start":{"line":76,"column":8},"end":{"line":76,"column":77}},"27":{"start":{"line":79,"column":8},"end":{"line":79,"column":3273}},"28":{"start":{"line":80,"column":12},"end":{"line":80,"column":82}},"29":{"start":{"line":83,"column":8},"end":{"line":83,"column":51}},"30":{"start":{"line":84,"column":8},"end":{"line":84,"column":57}},"31":{"start":{"line":86,"column":8},"end":{"line":86,"column":62}},"32":{"start":{"line":90,"column":8},"end":{"line":90,"column":46}},"33":{"start":{"line":94,"column":8},"end":{"line":94,"column":55}},"34":{"start":{"line":100,"column":8},"end":{"line":100,"column":59}},"35":{"start":{"line":101,"column":8},"end":{"line":101,"column":36}},"36":{"start":{"line":102,"column":8},"end":{"line":102,"column":4086}},"37":{"start":{"line":103,"column":12},"end":{"line":103,"column":60}},"38":{"start":{"line":105,"column":12},"end":{"line":105,"column":58}},"39":{"start":{"line":107,"column":8},"end":{"line":107,"column":61}}},"branchMap":{"1":{"line":13,"type":"if","locations":[{"start":{"line":13,"column":8},"end":{"line":13,"column":8}},{"start":{"line":13,"column":8},"end":{"line":13,"column":8}}]},"2":{"line":35,"type":"if","locations":[{"start":{"line":35,"column":8},"end":{"line":35,"column":8}},{"start":{"line":35,"column":8},"end":{"line":35,"column":8}}]},"3":{"line":36,"type":"if","locations":[{"start":{"line":36,"column":8},"end":{"line":36,"column":8}},{"start":{"line":36,"column":8},"end":{"line":36,"column":8}}]},"4":{"line":37,"type":"if","locations":[{"start":{"line":37,"column":8},"end":{"line":37,"column":8}},{"start":{"line":37,"column":8},"end":{"line":37,"column":8}}]},"5":{"line":38,"type":"if","locations":[{"start":{"line":38,"column":8},"end":{"line":38,"column":8}},{"start":{"line":38,"column":8},"end":{"line":38,"column":8}}]},"6":{"line":44,"type":"if","locations":[{"start":{"line":44,"column":8},"end":{"line":44,"column":8}},{"start":{"line":44,"column":8},"end":{"line":44,"column":8}}]},"7":{"line":48,"type":"if","locations":[{"start":{"line":48,"column":8},"end":{"line":48,"column":8}},{"start":{"line":48,"column":8},"end":{"line":48,"column":8}}]},"8":{"line":64,"type":"if","locations":[{"start":{"line":64,"column":8},"end":{"line":64,"column":8}},{"start":{"line":64,"column":8},"end":{"line":64,"column":8}}]},"9":{"line":75,"type":"if","locations":[{"start":{"line":75,"column":8},"end":{"line":75,"column":8}},{"start":{"line":75,"column":8},"end":{"line":75,"column":8}}]},"10":{"line":79,"type":"if","locations":[{"start":{"line":79,"column":8},"end":{"line":79,"column":8}},{"start":{"line":79,"column":8},"end":{"line":79,"column":8}}]},"11":{"line":102,"type":"if","locations":[{"start":{"line":102,"column":8},"end":{"line":102,"column":8}},{"start":{"line":102,"column":8},"end":{"line":102,"column":8}}]},"12":{"line":107,"type":"if","locations":[{"start":{"line":107,"column":8},"end":{"line":107,"column":8}},{"start":{"line":107,"column":8},"end":{"line":107,"column":8}}]}}},
"contracts/SummitToken.sol":{"l":{"24":0,"26":0,"27":0,"29":0,"30":0,"32":0},"path":"/Users/roguerotkosky/Development/Summit/summit-contracts-v2/contracts/SummitToken.sol","s":{"1":0,"2":0,"3":0,"4":0,"5":0,"6":0},"b":{"1":[0,0]},"f":{"1":0},"fnMap":{"1":{"name":"tokenSwap","line":22,"loc":{"start":{"line":20,"column":4},"end":{"line":33,"column":4}}}},"statementMap":{"1":{"start":{"line":24,"column":8},"end":{"line":24,"column":79}},"2":{"start":{"line":26,"column":8},"end":{"line":26,"column":69}},"3":{"start":{"line":27,"column":8},"end":{"line":27,"column":47}},"4":{"start":{"line":29,"column":8},"end":{"line":29,"column":61}},"5":{"start":{"line":30,"column":8},"end":{"line":30,"column":40}},"6":{"start":{"line":32,"column":8},"end":{"line":32,"column":66}}},"branchMap":{"1":{"line":24,"type":"if","locations":[{"start":{"line":24,"column":8},"end":{"line":24,"column":8}},{"start":{"line":24,"column":8},"end":{"line":24,"column":8}}]}}},
"contracts/SummitTrustedSeederRNGModule.sol":{"l":{"75":3,"76":3,"79":3,"80":18,"81":16,"84":3,"85":3,"96":3,"97":3,"106":3,"107":4,"108":4,"117":4,"118":3,"119":3,"126":9,"127":11,"147":93,"155":8,"161":6,"172":6,"175":6,"176":8,"179":8,"180":7,"190":7,"191":6,"192":5,"193":0,"194":0},"path":"/Users/roguerotkosky/Development/Summit/summit-contracts-v2/contracts/SummitTrustedSeederRNGModule.sol","s":{"1":3,"2":3,"3":18,"4":3,"5":3,"6":3,"7":4,"8":4,"9":4,"10":3,"11":3,"12":9,"13":11,"14":11,"15":93,"16":8,"17":6,"18":6,"19":6,"20":8,"21":8,"22":7,"23":6,"24":5,"25":0,"26":0,"27":0},"b":{"1":[3,0],"2":[18,-15],"3":[16,2],"4":[3,0],"5":[3,0],"6":[4,-1],"7":[3,1],"8":[6,0],"9":[6,0],"10":[5,0],"11":[0,5]},"f":{"1":3,"2":3,"3":3,"4":3,"5":3,"6":4,"7":9,"8":93,"9":8,"10":8,"11":6,"12":7},"fnMap":{"1":{"name":"onlyCartographer","line":74,"loc":{"start":{"line":74,"column":4},"end":{"line":77,"column":4}}},"2":{"name":"onlyElevationHelper","line":78,"loc":{"start":{"line":78,"column":4},"end":{"line":82,"column":4}}},"3":{"name":"onlyTrustedSeeder","line":83,"loc":{"start":{"line":83,"column":4},"end":{"line":86,"column":4}}},"4":{"name":"constructor","line":95,"loc":{"start":{"line":95,"column":4},"end":{"line":98,"column":4}}},"5":{"name":"setElevationHelper","line":104,"loc":{"start":{"line":103,"column":4},"end":{"line":109,"column":4}}},"6":{"name":"setTrustedSeederAdd","line":115,"loc":{"start":{"line":114,"column":4},"end":{"line":120,"column":4}}},"7":{"name":"setSeedRoundEndTimestamp","line":125,"loc":{"start":{"line":125,"column":4},"end":{"line":128,"column":4}}},"8":{"name":"futureBlockMined","line":146,"loc":{"start":{"line":146,"column":4},"end":{"line":150,"column":4}}},"9":{"name":"nextSeedRoundAvailable","line":154,"loc":{"start":{"line":154,"column":4},"end":{"line":156,"column":4}}},"10":{"name":"getRandomNumber","line":160,"loc":{"start":{"line":160,"column":4},"end":{"line":162,"column":4}}},"11":{"name":"receiveSealedSeed","line":170,"loc":{"start":{"line":168,"column":4},"end":{"line":181,"column":4}}},"12":{"name":"receiveUnsealedSeed","line":188,"loc":{"start":{"line":186,"column":4},"end":{"line":195,"column":4}}}},"statementMap":{"1":{"start":{"line":75,"column":8},"end":{"line":75,"column":63}},"2":{"start":{"line":79,"column":8},"end":{"line":79,"column":71}},"3":{"start":{"line":80,"column":8},"end":{"line":80,"column":69}},"4":{"start":{"line":84,"column":8},"end":{"line":84,"column":66}},"5":{"start":{"line":96,"column":8},"end":{"line":96,"column":67}},"6":{"start":{"line":97,"column":8},"end":{"line":97,"column":35}},"7":{"start":{"line":106,"column":8},"end":{"line":106,"column":73}},"8":{"start":{"line":107,"column":8},"end":{"line":107,"column":41}},"9":{"start":{"line":108,"column":8},"end":{"line":108,"column":49}},"10":{"start":{"line":117,"column":8},"end":{"line":117,"column":70}},"11":{"start":{"line":118,"column":8},"end":{"line":118,"column":37}},"12":{"start":{"line":119,"column":8},"end":{"line":119,"column":48}},"13":{"start":{"line":126,"column":8},"end":{"line":126,"column":53}},"14":{"start":{"line":127,"column":8},"end":{"line":127,"column":61}},"15":{"start":{"line":147,"column":8},"end":{"line":147,"column":6183}},"16":{"start":{"line":155,"column":8},"end":{"line":155,"column":55}},"17":{"start":{"line":161,"column":8},"end":{"line":161,"column":128}},"18":{"start":{"line":172,"column":8},"end":{"line":172,"column":65}},"19":{"start":{"line":175,"column":8},"end":{"line":175,"column":21}},"20":{"start":{"line":176,"column":8},"end":{"line":176,"column":75}},"21":{"start":{"line":179,"column":8},"end":{"line":179,"column":42}},"22":{"start":{"line":180,"column":8},"end":{"line":180,"column":54}},"23":{"start":{"line":190,"column":8},"end":{"line":190,"column":72}},"24":{"start":{"line":191,"column":8},"end":{"line":191,"column":62}},"25":{"start":{"line":192,"column":8},"end":{"line":192,"column":127}},"26":{"start":{"line":193,"column":8},"end":{"line":193,"column":46}},"27":{"start":{"line":194,"column":8},"end":{"line":194,"column":75}}},"branchMap":{"1":{"line":75,"type":"if","locations":[{"start":{"line":75,"column":8},"end":{"line":75,"column":8}},{"start":{"line":75,"column":8},"end":{"line":75,"column":8}}]},"2":{"line":79,"type":"if","locations":[{"start":{"line":79,"column":8},"end":{"line":79,"column":8}},{"start":{"line":79,"column":8},"end":{"line":79,"column":8}}]},"3":{"line":80,"type":"if","locations":[{"start":{"line":80,"column":8},"end":{"line":80,"column":8}},{"start":{"line":80,"column":8},"end":{"line":80,"column":8}}]},"4":{"line":84,"type":"if","locations":[{"start":{"line":84,"column":8},"end":{"line":84,"column":8}},{"start":{"line":84,"column":8},"end":{"line":84,"column":8}}]},"5":{"line":96,"type":"if","locations":[{"start":{"line":96,"column":8},"end":{"line":96,"column":8}},{"start":{"line":96,"column":8},"end":{"line":96,"column":8}}]},"6":{"line":106,"type":"if","locations":[{"start":{"line":106,"column":8},"end":{"line":106,"column":8}},{"start":{"line":106,"column":8},"end":{"line":106,"column":8}}]},"7":{"line":117,"type":"if","locations":[{"start":{"line":117,"column":8},"end":{"line":117,"column":8}},{"start":{"line":117,"column":8},"end":{"line":117,"column":8}}]},"8":{"line":172,"type":"if","locations":[{"start":{"line":172,"column":8},"end":{"line":172,"column":8}},{"start":{"line":172,"column":8},"end":{"line":172,"column":8}}]},"9":{"line":190,"type":"if","locations":[{"start":{"line":190,"column":8},"end":{"line":190,"column":8}},{"start":{"line":190,"column":8},"end":{"line":190,"column":8}}]},"10":{"line":191,"type":"if","locations":[{"start":{"line":191,"column":8},"end":{"line":191,"column":8}},{"start":{"line":191,"column":8},"end":{"line":191,"column":8}}]},"11":{"line":192,"type":"if","locations":[{"start":{"line":192,"column":8},"end":{"line":192,"column":8}},{"start":{"line":192,"column":8},"end":{"line":192,"column":8}}]}}},
"contracts/Timelock.sol":{"l":{"36":3,"37":3,"39":0,"40":0,"41":0,"47":0,"48":0,"49":0,"50":9,"52":0,"56":0,"60":0,"61":0,"62":0,"64":0,"66":0,"70":0,"74":0,"75":0,"76":0,"78":0,"83":0,"84":0,"86":0,"87":9,"89":9,"91":9,"95":9,"96":9,"98":9,"100":9,"101":0,"103":0,"105":0,"109":0,"111":0,"112":0,"114":0,"118":0,"120":0,"121":0,"122":0,"123":0,"125":0,"127":0,"129":0,"130":0,"132":0,"135":0,"136":0,"138":9,"140":0,"145":0},"path":"/Users/roguerotkosky/Development/Summit/summit-contracts-v2/contracts/Timelock.sol","s":{"1":3,"2":3,"3":0,"4":0,"5":0,"6":0,"7":0,"8":9,"9":0,"10":0,"11":0,"12":0,"13":0,"14":0,"15":0,"16":0,"17":0,"18":0,"19":0,"20":0,"21":0,"22":0,"23":0,"24":0,"25":9,"26":9,"27":9,"28":9,"29":9,"30":9,"31":9,"32":0,"33":0,"34":0,"35":0,"36":0,"37":0,"38":0,"39":0,"40":0,"41":0,"42":0,"43":0,"44":0,"45":0,"46":0,"47":0,"48":0,"49":0,"50":9,"51":0,"52":0,"53":0},"b":{"1":[3,0],"2":[3,0],"3":[0,0],"4":[0,0],"5":[0,0],"6":[0,0],"7":[0,0],"8":[0,0],"9":[0,0],"10":[0,0],"11":[0,0],"12":[0,0],"13":[9,0],"14":[9,0],"15":[0,0],"16":[0,0],"17":[0,0],"18":[0,0],"19":[0,0],"20":[0,0],"21":[0,0]},"f":{"1":3,"2":0,"3":0,"4":0,"5":0,"6":0,"7":0,"8":9,"9":0,"10":0,"11":0},"fnMap":{"1":{"name":"constructor","line":35,"loc":{"start":{"line":35,"column":4},"end":{"line":42,"column":4}}},"2":{"name":"setDelay","line":46,"loc":{"start":{"line":46,"column":4},"end":{"line":53,"column":4}}},"3":{"name":"sigToHash","line":55,"loc":{"start":{"line":55,"column":4},"end":{"line":57,"column":4}}},"4":{"name":"setFunctionSpecificDelay","line":59,"loc":{"start":{"line":59,"column":4},"end":{"line":67,"column":4}}},"5":{"name":"getFunctionSpecificDelay","line":69,"loc":{"start":{"line":69,"column":4},"end":{"line":71,"column":4}}},"6":{"name":"acceptAdmin","line":73,"loc":{"start":{"line":73,"column":4},"end":{"line":79,"column":4}}},"7":{"name":"setPendingAdmin","line":81,"loc":{"start":{"line":81,"column":4},"end":{"line":92,"column":4}}},"8":{"name":"queueTransaction","line":94,"loc":{"start":{"line":94,"column":4},"end":{"line":106,"column":4}}},"9":{"name":"cancelTransaction","line":108,"loc":{"start":{"line":108,"column":4},"end":{"line":115,"column":4}}},"10":{"name":"executeTransaction","line":117,"loc":{"start":{"line":117,"column":4},"end":{"line":141,"column":4}}},"11":{"name":"getBlockTimestamp","line":143,"loc":{"start":{"line":143,"column":4},"end":{"line":146,"column":4}}}},"statementMap":{"1":{"start":{"line":36,"column":8},"end":{"line":36,"column":98}},"2":{"start":{"line":37,"column":8},"end":{"line":37,"column":102}},"3":{"start":{"line":39,"column":8},"end":{"line":39,"column":21}},"4":{"start":{"line":40,"column":8},"end":{"line":40,"column":21}},"5":{"start":{"line":41,"column":8},"end":{"line":41,"column":32}},"6":{"start":{"line":47,"column":8},"end":{"line":47,"column":96}},"7":{"start":{"line":48,"column":8},"end":{"line":48,"column":95}},"8":{"start":{"line":49,"column":8},"end":{"line":49,"column":99}},"9":{"start":{"line":50,"column":8},"end":{"line":50,"column":21}},"10":{"start":{"line":52,"column":8},"end":{"line":52,"column":28}},"11":{"start":{"line":56,"column":8},"end":{"line":56,"column":51}},"12":{"start":{"line":60,"column":8},"end":{"line":60,"column":96}},"13":{"start":{"line":61,"column":8},"end":{"line":61,"column":111}},"14":{"start":{"line":62,"column":8},"end":{"line":62,"column":126}},"15":{"start":{"line":64,"column":8},"end":{"line":64,"column":69}},"16":{"start":{"line":66,"column":8},"end":{"line":66,"column":57}},"17":{"start":{"line":70,"column":8},"end":{"line":70,"column":60}},"18":{"start":{"line":74,"column":8},"end":{"line":74,"column":102}},"19":{"start":{"line":75,"column":8},"end":{"line":75,"column":25}},"20":{"start":{"line":76,"column":8},"end":{"line":76,"column":32}},"21":{"start":{"line":78,"column":8},"end":{"line":78,"column":28}},"22":{"start":{"line":83,"column":8},"end":{"line":83,"column":4726}},"23":{"start":{"line":84,"column":12},"end":{"line":84,"column":107}},"24":{"start":{"line":86,"column":12},"end":{"line":86,"column":102}},"25":{"start":{"line":87,"column":12},"end":{"line":87,"column":35}},"26":{"start":{"line":89,"column":8},"end":{"line":89,"column":35}},"27":{"start":{"line":91,"column":8},"end":{"line":91,"column":42}},"28":{"start":{"line":95,"column":8},"end":{"line":95,"column":93}},"29":{"start":{"line":96,"column":8},"end":{"line":96,"column":135}},"30":{"start":{"line":98,"column":8},"end":{"line":98,"column":131}},"31":{"start":{"line":100,"column":8},"end":{"line":100,"column":83}},"32":{"start":{"line":101,"column":8},"end":{"line":101,"column":40}},"33":{"start":{"line":103,"column":8},"end":{"line":103,"column":74}},"34":{"start":{"line":105,"column":8},"end":{"line":105,"column":21}},"35":{"start":{"line":109,"column":8},"end":{"line":109,"column":94}},"36":{"start":{"line":111,"column":8},"end":{"line":111,"column":83}},"37":{"start":{"line":112,"column":8},"end":{"line":112,"column":41}},"38":{"start":{"line":114,"column":8},"end":{"line":114,"column":75}},"39":{"start":{"line":118,"column":8},"end":{"line":118,"column":95}},"40":{"start":{"line":120,"column":8},"end":{"line":120,"column":83}},"41":{"start":{"line":121,"column":8},"end":{"line":121,"column":107}},"42":{"start":{"line":122,"column":8},"end":{"line":122,"column":115}},"43":{"start":{"line":123,"column":8},"end":{"line":123,"column":112}},"44":{"start":{"line":125,"column":8},"end":{"line":125,"column":41}},"45":{"start":{"line":127,"column":8},"end":{"line":127,"column":29}},"46":{"start":{"line":129,"column":8},"end":{"line":129,"column":7066}},"47":{"start":{"line":130,"column":12},"end":{"line":130,"column":26}},"48":{"start":{"line":132,"column":12},"end":{"line":132,"column":81}},"49":{"start":{"line":135,"column":8},"end":{"line":135,"column":85}},"50":{"start":{"line":136,"column":8},"end":{"line":136,"column":43}},"51":{"start":{"line":138,"column":8},"end":{"line":138,"column":76}},"52":{"start":{"line":140,"column":8},"end":{"line":140,"column":25}},"53":{"start":{"line":145,"column":8},"end":{"line":145,"column":30}}},"branchMap":{"1":{"line":36,"type":"if","locations":[{"start":{"line":36,"column":8},"end":{"line":36,"column":8}},{"start":{"line":36,"column":8},"end":{"line":36,"column":8}}]},"2":{"line":37,"type":"if","locations":[{"start":{"line":37,"column":8},"end":{"line":37,"column":8}},{"start":{"line":37,"column":8},"end":{"line":37,"column":8}}]},"3":{"line":47,"type":"if","locations":[{"start":{"line":47,"column":8},"end":{"line":47,"column":8}},{"start":{"line":47,"column":8},"end":{"line":47,"column":8}}]},"4":{"line":48,"type":"if","locations":[{"start":{"line":48,"column":8},"end":{"line":48,"column":8}},{"start":{"line":48,"column":8},"end":{"line":48,"column":8}}]},"5":{"line":49,"type":"if","locations":[{"start":{"line":49,"column":8},"end":{"line":49,"column":8}},{"start":{"line":49,"column":8},"end":{"line":49,"column":8}}]},"6":{"line":60,"type":"if","locations":[{"start":{"line":60,"column":8},"end":{"line":60,"column":8}},{"start":{"line":60,"column":8},"end":{"line":60,"column":8}}]},"7":{"line":61,"type":"if","locations":[{"start":{"line":61,"column":8},"end":{"line":61,"column":8}},{"start":{"line":61,"column":8},"end":{"line":61,"column":8}}]},"8":{"line":62,"type":"if","locations":[{"start":{"line":62,"column":8},"end":{"line":62,"column":8}},{"start":{"line":62,"column":8},"end":{"line":62,"column":8}}]},"9":{"line":74,"type":"if","locations":[{"start":{"line":74,"column":8},"end":{"line":74,"column":8}},{"start":{"line":74,"column":8},"end":{"line":74,"column":8}}]},"10":{"line":83,"type":"if","locations":[{"start":{"line":83,"column":8},"end":{"line":83,"column":8}},{"start":{"line":83,"column":8},"end":{"line":83,"column":8}}]},"11":{"line":84,"type":"if","locations":[{"start":{"line":84,"column":12},"end":{"line":84,"column":12}},{"start":{"line":84,"column":12},"end":{"line":84,"column":12}}]},"12":{"line":86,"type":"if","locations":[{"start":{"line":86,"column":12},"end":{"line":86,"column":12}},{"start":{"line":86,"column":12},"end":{"line":86,"column":12}}]},"13":{"line":95,"type":"if","locations":[{"start":{"line":95,"column":8},"end":{"line":95,"column":8}},{"start":{"line":95,"column":8},"end":{"line":95,"column":8}}]},"14":{"line":98,"type":"if","locations":[{"start":{"line":98,"column":8},"end":{"line":98,"column":8}},{"start":{"line":98,"column":8},"end":{"line":98,"column":8}}]},"15":{"line":109,"type":"if","locations":[{"start":{"line":109,"column":8},"end":{"line":109,"column":8}},{"start":{"line":109,"column":8},"end":{"line":109,"column":8}}]},"16":{"line":118,"type":"if","locations":[{"start":{"line":118,"column":8},"end":{"line":118,"column":8}},{"start":{"line":118,"column":8},"end":{"line":118,"column":8}}]},"17":{"line":121,"type":"if","locations":[{"start":{"line":121,"column":8},"end":{"line":121,"column":8}},{"start":{"line":121,"column":8},"end":{"line":121,"column":8}}]},"18":{"line":122,"type":"if","locations":[{"start":{"line":122,"column":8},"end":{"line":122,"column":8}},{"start":{"line":122,"column":8},"end":{"line":122,"column":8}}]},"19":{"line":123,"type":"if","locations":[{"start":{"line":123,"column":8},"end":{"line":123,"column":8}},{"start":{"line":123,"column":8},"end":{"line":123,"column":8}}]},"20":{"line":129,"type":"if","locations":[{"start":{"line":129,"column":8},"end":{"line":129,"column":8}},{"start":{"line":129,"column":8},"end":{"line":129,"column":8}}]},"21":{"line":136,"type":"if","locations":[{"start":{"line":136,"column":8},"end":{"line":136,"column":8}},{"start":{"line":136,"column":8},"end":{"line":136,"column":8}}]}}}}
