TN:
SF:/Users/roguerotkosky/Development/Summit/summit-contracts-v2/contracts/BaseEverestExtension.sol
FN:11,onlyEverestToken
FN:16,_getUserEverest
FNF:2
FNH:2
FNDA:52,onlyEverestToken
FNDA:2,_getUserEverest
DA:12,52
DA:13,52
DA:20,2
LF:3
LH:3
BRDA:12,1,0,52
BRDA:12,1,1,0
BRF:2
BRH:1
end_of_record
TN:
SF:/Users/roguerotkosky/Development/Summit/summit-contracts-v2/contracts/BeefyVaultV6Passthrough.sol
FN:32,constructor
FN:50,onlyCartographer
FN:56,token
FN:63,vaultBalance
FN:70,enact
FN:82,deposit
FN:104,distributeRemainingBalance
FN:120,withdraw
FN:152,retire
FNF:9
FNH:9
FNDA:3,constructor
FNDA:40,onlyCartographer
FNDA:16,token
FNDA:44,vaultBalance
FNDA:8,enact
FNDA:16,deposit
FNDA:16,distributeRemainingBalance
FNDA:12,withdraw
FNDA:4,retire
DA:37,3
DA:38,3
DA:39,3
DA:40,3
DA:42,3
DA:43,3
DA:44,3
DA:46,3
DA:51,40
DA:52,40
DA:57,16
DA:64,44
DA:72,8
DA:73,8
DA:74,8
DA:75,8
DA:86,16
DA:87,16
DA:90,16
DA:91,16
DA:92,16
DA:95,16
DA:98,16
DA:99,16
DA:101,16
DA:105,16
DA:107,16
DA:109,16
DA:110,16
DA:124,12
DA:127,12
DA:130,12
DA:133,12
DA:134,12
DA:135,12
DA:136,12
DA:139,12
DA:142,12
DA:145,12
DA:147,12
DA:155,4
DA:156,4
DA:157,4
DA:160,4
DA:163,4
DA:164,4
DA:167,4
DA:170,4
LF:48
LH:48
BRDA:37,1,0,3
BRDA:37,1,1,0
BRDA:38,2,0,3
BRDA:38,2,1,0
BRDA:39,3,0,3
BRDA:39,3,1,0
BRDA:40,4,0,3
BRDA:40,4,1,0
BRDA:51,5,0,40
BRDA:51,5,1,0
BRDA:107,6,0,0
BRDA:107,6,1,16
BRDA:156,7,0,4
BRDA:156,7,1,0
BRF:14
BRH:7
end_of_record
TN:
SF:/Users/roguerotkosky/Development/Summit/summit-contracts-v2/contracts/Cartographer.sol
FN:183,constructor
FN:204,initialize
FN:241,enable
FN:256,migrateSummitOwnership
FN:266,setTreasuryAdd
FN:277,setExpeditionTreasuryAdd
FN:284,setRolloverRewardInNativeToken
FN:291,setTotalSummitPerSecond
FN:301,setSummitDistributionBPs
FN:318,_onlySubCartographer
FN:327,onlySubCartographer
FN:333,nonDuplicated
FN:338,nonDuplicatedTokenAlloc
FN:342,tokenAllocExists
FN:346,validAllocation
FN:351,_poolExists
FN:355,poolExists
FN:361,_validElev
FN:364,isOasisOrElevation
FN:368,isElevation
FN:374,validTotem
FN:387,subCartographer
FN:402,poolsCount
FN:419,createTokenAllocation
FN:436,setTokenAllocation
FN:458,setIsTokenEarningAtElevation
FN:482,setTokenPassthroughStrategy
FN:496,retireTokenPassthroughStrategy
FN:506,_enactTokenPassthroughStrategy
FN:524,_retireTokenPassthroughStrategy
FN:548,add
FN:574,set
FN:589,massUpdatePools
FN:610,rollover
FN:640,timeDiffSeconds
FN:648,elevationModulatedAllocation
FN:659,tokenElevationShares
FN:679,tokenElevationEmissionMultiplier
FN:703,tokenAllocEmissionMultiplier
FN:727,poolEmissionMultiplier
FN:745,poolSummitEmission
FN:769,switchTotem
FN:789,taxBP
FN:795,_getTaxBP
FN:821,bonusBP
FN:827,_getBonusBP
FN:846,userTokenStakedAmount
FN:853,_userTokenStakedAmount
FN:870,deposit
FN:899,claimElevation
FN:912,emergencyWithdraw
FN:935,withdraw
FN:960,elevateAndLockStakedSummit
FN:991,validateElevate
FN:1010,elevate
FN:1048,claimWinnings
FN:1078,passthroughDeposit
FN:1087,passthroughWithdraw
FN:1100,depositTokenManagement
FN:1121,_distributeTaxesAndFees
FN:1135,withdrawalTokenManagement
FN:1166,rolloverReferral
FN:1185,referralRewardsMintSafetyHatch
FN:1206,setTokenDepositFee
FN:1218,setTokenWithdrawTax
FN:1229,setTaxDecayDuration
FN:1238,setBaseMinimumWithdrawalTax
FN:1248,setTokenIsNativeFarm
FN:1257,setMaxBonusBP
FNF:69
FNH:61
FNDA:3,constructor
FNDA:14,initialize
FNDA:3,enable
FNDA:1,migrateSummitOwnership
FNDA:0,setTreasuryAdd
FNDA:0,setExpeditionTreasuryAdd
FNDA:0,setRolloverRewardInNativeToken
FNDA:0,setTotalSummitPerSecond
FNDA:0,setSummitDistributionBPs
FNDA:1586,_onlySubCartographer
FNDA:1586,onlySubCartographer
FNDA:24,nonDuplicated
FNDA:12,nonDuplicatedTokenAlloc
FNDA:31,tokenAllocExists
FNDA:16,validAllocation
FNDA:502,_poolExists
FNDA:502,poolExists
FNDA:248,_validElev
FNDA:49,isOasisOrElevation
FNDA:199,isElevation
FNDA:97,validTotem
FNDA:4245,subCartographer
FNDA:1,poolsCount
FNDA:11,createTokenAllocation
FNDA:5,setTokenAllocation
FNDA:483,setIsTokenEarningAtElevation
FNDA:12,setTokenPassthroughStrategy
FNDA:4,retireTokenPassthroughStrategy
FNDA:12,_enactTokenPassthroughStrategy
FNDA:16,_retireTokenPassthroughStrategy
FNDA:23,add
FNDA:4,set
FNDA:27,massUpdatePools
FNDA:102,rollover
FNDA:585,timeDiffSeconds
FNDA:2156,elevationModulatedAllocation
FNDA:3548,tokenElevationShares
FNDA:710,tokenElevationEmissionMultiplier
FNDA:690,tokenAllocEmissionMultiplier
FNDA:585,poolEmissionMultiplier
FNDA:585,poolSummitEmission
FNDA:96,switchTotem
FNDA:183,taxBP
FNDA:337,_getTaxBP
FNDA:36,bonusBP
FNDA:165,_getBonusBP
FNDA:0,userTokenStakedAmount
FNDA:296,_userTokenStakedAmount
FNDA:314,deposit
FNDA:21,claimElevation
FNDA:40,emergencyWithdraw
FNDA:117,withdraw
FNDA:1,elevateAndLockStakedSummit
FNDA:12,validateElevate
FNDA:12,elevate
FNDA:129,claimWinnings
FNDA:235,passthroughDeposit
FNDA:154,passthroughWithdraw
FNDA:235,depositTokenManagement
FNDA:155,_distributeTaxesAndFees
FNDA:154,withdrawalTokenManagement
FNDA:4,rolloverReferral
FNDA:2,referralRewardsMintSafetyHatch
FNDA:10,setTokenDepositFee
FNDA:9,setTokenWithdrawTax
FNDA:0,setTaxDecayDuration
FNDA:0,setBaseMinimumWithdrawalTax
FNDA:3,setTokenIsNativeFarm
FNDA:1,setMaxBonusBP
DA:187,3
DA:188,3
DA:206,14
DA:219,14
DA:221,14
DA:222,14
DA:224,14
DA:225,14
DA:226,14
DA:227,14
DA:229,14
DA:230,14
DA:231,14
DA:234,14
DA:235,56
DA:243,3
DA:244,3
DA:247,3
DA:248,3
DA:249,3
DA:250,3
DA:258,1
DA:259,1
DA:260,1
DA:267,0
DA:268,0
DA:270,0
DA:271,0
DA:278,0
DA:279,0
DA:280,0
DA:285,0
DA:286,0
DA:293,0
DA:295,0
DA:303,0
DA:305,0
DA:306,0
DA:319,1586
DA:328,1586
DA:329,1586
DA:334,24
DA:335,23
DA:339,12
DA:340,11
DA:343,31
DA:344,29
DA:347,16
DA:348,16
DA:352,502
DA:356,502
DA:357,500
DA:362,248
DA:365,49
DA:366,49
DA:369,199
DA:370,199
DA:375,97
DA:376,96
DA:388,4245
DA:389,4245
DA:406,1
DA:407,1
DA:408,4
DA:410,1
DA:422,11
DA:423,11
DA:426,11
DA:428,11
DA:439,5
DA:440,20
DA:441,5
DA:446,5
DA:448,5
DA:461,483
DA:464,157
DA:465,115
DA:469,42
DA:473,157
DA:485,12
DA:486,12
DA:488,12
DA:498,4
DA:499,4
DA:500,4
DA:502,4
DA:510,12
DA:513,12
DA:514,12
DA:517,12
DA:519,12
DA:526,16
DA:528,8
DA:529,8
DA:552,23
DA:553,23
DA:557,23
DA:558,23
DA:561,23
DA:563,23
DA:577,4
DA:578,4
DA:582,4
DA:584,4
DA:590,27
DA:591,108
DA:613,102
DA:616,99
DA:619,99
DA:622,99
DA:625,99
DA:627,99
DA:641,585
DA:650,2156
DA:653,2155
DA:661,3548
DA:664,3548
DA:666,2142
DA:686,710
DA:694,710
DA:697,708
DA:708,690
DA:709,690
DA:710,690
DA:711,2760
DA:712,1354
DA:714,2760
DA:717,690
DA:719,688
DA:735,585
DA:749,585
DA:752,585
DA:772,96
DA:774,96
DA:793,183
DA:799,337
DA:801,337
DA:802,337
DA:805,337
DA:807,9
DA:808,9
DA:810,9
DA:825,36
DA:831,165
DA:834,165
DA:836,164
DA:850,0
DA:857,296
DA:858,296
DA:859,1184
DA:861,296
DA:873,314
DA:882,296
DA:883,74
DA:887,296
DA:888,235
DA:891,296
DA:902,21
DA:904,21
DA:915,40
DA:923,40
DA:924,40
DA:926,40
DA:938,117
DA:948,114
DA:949,114
DA:951,114
DA:962,1
DA:965,1
DA:974,1
DA:980,1
DA:993,12
DA:994,11
DA:995,10
DA:1012,12
DA:1015,9
DA:1024,8
DA:1032,8
DA:1051,129
DA:1052,129
DA:1053,129
DA:1056,129
DA:1057,129
DA:1058,129
DA:1061,129
DA:1064,129
DA:1066,129
DA:1068,129
DA:1079,235
DA:1080,28
DA:1088,154
DA:1089,24
DA:1104,235
DA:1107,235
DA:1108,235
DA:1109,1
DA:1110,1
DA:1114,235
DA:1124,155
DA:1125,155
DA:1139,154
DA:1142,154
DA:1145,154
DA:1146,154
DA:1147,154
DA:1151,154
DA:1153,154
DA:1170,4
DA:1173,2
DA:1176,2
DA:1179,2
DA:1181,2
DA:1187,2
DA:1188,2
DA:1190,2
DA:1209,10
DA:1210,10
DA:1211,10
DA:1221,9
DA:1222,9
DA:1223,9
DA:1231,0
DA:1232,0
DA:1240,0
DA:1241,0
DA:1242,0
DA:1250,3
DA:1251,3
DA:1259,1
DA:1260,1
DA:1261,1
LF:231
LH:211
BRDA:206,1,0,14
BRDA:206,1,1,0
BRDA:243,2,0,3
BRDA:243,2,1,0
BRDA:258,3,0,1
BRDA:258,3,1,0
BRDA:267,4,0,0
BRDA:267,4,1,0
BRDA:268,5,0,0
BRDA:268,5,1,0
BRDA:278,6,0,0
BRDA:278,6,1,0
BRDA:285,7,0,0
BRDA:285,7,1,0
BRDA:293,8,0,0
BRDA:293,8,1,0
BRDA:303,9,0,0
BRDA:303,9,1,0
BRDA:319,10,0,1586
BRDA:319,10,1,0
BRDA:334,11,0,23
BRDA:334,11,1,1
BRDA:339,12,0,11
BRDA:339,12,1,1
BRDA:343,13,0,29
BRDA:343,13,1,2
BRDA:347,14,0,16
BRDA:347,14,1,0
BRDA:352,15,0,500
BRDA:352,15,1,2
BRDA:362,16,0,248
BRDA:362,16,1,0
BRDA:375,17,0,96
BRDA:375,17,1,1
BRDA:388,18,0,4245
BRDA:388,18,1,0
BRDA:440,19,0,5
BRDA:440,19,1,15
BRDA:461,20,0,326
BRDA:461,20,1,157
BRDA:464,21,0,115
BRDA:464,21,1,42
BRDA:485,22,0,12
BRDA:485,22,1,0
BRDA:486,23,0,12
BRDA:486,23,1,0
BRDA:498,24,0,4
BRDA:498,24,1,0
BRDA:526,25,0,8
BRDA:526,25,1,8
BRDA:552,26,0,23
BRDA:552,26,1,0
BRDA:577,27,0,4
BRDA:577,27,1,0
BRDA:650,28,0,1
BRDA:650,28,1,2155
BRDA:661,29,0,0
BRDA:661,29,1,3548
BRDA:664,30,0,1406
BRDA:664,30,1,2142
BRDA:694,31,0,2
BRDA:694,31,1,708
BRDA:711,32,0,1354
BRDA:711,32,1,1406
BRDA:717,33,0,2
BRDA:717,33,1,688
BRDA:749,34,0,0
BRDA:749,34,1,585
BRDA:805,35,0,328
BRDA:805,35,1,9
BRDA:834,36,0,1
BRDA:834,36,1,164
BRDA:882,37,0,74
BRDA:882,37,1,222
BRDA:887,38,0,235
BRDA:887,38,1,61
BRDA:962,39,0,1
BRDA:962,39,1,0
BRDA:993,40,0,11
BRDA:993,40,1,1
BRDA:994,41,0,10
BRDA:994,41,1,1
BRDA:995,42,0,9
BRDA:995,42,1,1
BRDA:1079,43,0,207
BRDA:1079,43,1,28
BRDA:1088,44,0,130
BRDA:1088,44,1,24
BRDA:1108,45,0,1
BRDA:1108,45,1,234
BRDA:1145,46,0,154
BRDA:1145,46,1,0
BRDA:1187,47,0,2
BRDA:1187,47,1,0
BRDA:1188,48,0,2
BRDA:1188,48,1,0
BRDA:1209,49,0,10
BRDA:1209,49,1,0
BRDA:1221,50,0,9
BRDA:1221,50,1,0
BRDA:1240,51,0,0
BRDA:1240,51,1,0
BRDA:1259,52,0,1
BRDA:1259,52,1,0
BRF:104
BRH:69
end_of_record
TN:
SF:/Users/roguerotkosky/Development/Summit/summit-contracts-v2/contracts/CartographerElevation.sol
FN:175,constructor
FN:187,initialize
FN:196,enable
FN:207,_onlyCartographer
FN:210,onlyCartographer
FN:214,_totemSelected
FN:217,userHasSelectedTotem
FN:221,_validUserAdd
FN:224,validUserAdd
FN:228,nonDuplicated
FN:232,validTotem
FN:236,elevationTotemSelectionAvailable
FN:240,_elevationInteractionsAvailable
FN:243,elevationInteractionsAvailable
FN:247,_poolExists
FN:250,poolExists
FN:254,poolExistsAndLaunched
FN:269,supply
FN:272,_getUserTotem
FN:275,isTotemSelected
FN:278,userStakedAmount
FN:282,getUserInteractingPools
FN:285,getPools
FN:288,getActivePools
FN:291,totemSupplies
FN:297,emissionToBringPoolCurrent
FN:312,totemRoundRewards
FN:350,_markPoolActive
FN:372,add
FN:405,set
FN:426,_updateTokenIsEarning
FN:440,massUpdatePools
FN:452,updatePool
FN:499,poolClaimableRewards
FN:515,elevClaimableRewards
FN:545,elevPotentialWinnings
FN:585,poolYieldContributed
FN:606,_liveAccSummitPerShare
FN:625,_liveYieldContributed
FN:651,_liveUserAndPoolRoundRewards
FN:694,rollover
FN:727,rolloverPool
FN:774,_userFirstInteractedRoundWinnings
FN:789,_claimableWinnings
FN:830,_emergencyWithdrawResetUser
FN:844,_claimWinnings
FN:866,_updateUserRoundInteraction
FN:913,_markUserInteractingWithPool
FN:933,switchTotem
FN:959,_switchTotemForPool
FN:999,_userInteractingWithPool
FN:1012,claimElevation
FN:1036,_depositTokenManagement
FN:1045,_depositValidate
FN:1057,deposit
FN:1088,emergencyWithdraw
FN:1110,withdraw
FN:1139,_unifiedClaim
FN:1166,_unifiedDeposit
FN:1208,_unifiedWithdraw
FNF:60
FNH:57
FNDA:9,constructor
FNDA:42,initialize
FNDA:0,enable
FNDA:708,_onlyCartographer
FNDA:708,onlyCartographer
FNDA:345,_totemSelected
FNDA:235,userHasSelectedTotem
FNDA:550,_validUserAdd
FNDA:550,validUserAdd
FNDA:17,nonDuplicated
FNDA:96,validTotem
FNDA:96,elevationTotemSelectionAvailable
FNDA:316,_elevationInteractionsAvailable
FNDA:316,elevationInteractionsAvailable
FNDA:1339,_poolExists
FNDA:1339,poolExists
FNDA:234,poolExistsAndLaunched
FNDA:1411,supply
FNDA:1041,_getUserTotem
FNDA:14,isTotemSelected
FNDA:888,userStakedAmount
FNDA:504,getUserInteractingPools
FNDA:0,getPools
FNDA:9,getActivePools
FNDA:22,totemSupplies
FNDA:106,emissionToBringPoolCurrent
FNDA:22,totemRoundRewards
FNDA:18,_markPoolActive
FNDA:17,add
FNDA:2,set
FNDA:392,_updateTokenIsEarning
FNDA:81,massUpdatePools
FNDA:1094,updatePool
FNDA:69,poolClaimableRewards
FNDA:0,elevClaimableRewards
FNDA:27,elevPotentialWinnings
FNDA:3,poolYieldContributed
FNDA:84,_liveAccSummitPerShare
FNDA:30,_liveYieldContributed
FNDA:81,_liveUserAndPoolRoundRewards
FNDA:99,rollover
FNDA:295,rolloverPool
FNDA:269,_userFirstInteractedRoundWinnings
FNDA:430,_claimableWinnings
FNDA:39,_emergencyWithdrawResetUser
FNDA:361,_claimWinnings
FNDA:666,_updateUserRoundInteraction
FNDA:705,_markUserInteractingWithPool
FNDA:96,switchTotem
FNDA:29,_switchTotemForPool
FNDA:705,_userInteractingWithPool
FNDA:9,claimElevation
FNDA:184,_depositTokenManagement
FNDA:217,_depositValidate
FNDA:235,deposit
FNDA:39,emergencyWithdraw
FNDA:88,withdraw
FNDA:361,_unifiedClaim
FNDA:217,_unifiedDeposit
FNDA:127,_unifiedWithdraw
DA:177,9
DA:178,9
DA:179,9
DA:180,9
DA:189,42
DA:190,42
DA:191,42
DA:192,42
DA:208,708
DA:211,708
DA:212,708
DA:215,345
DA:218,235
DA:219,234
DA:222,550
DA:225,550
DA:226,550
DA:229,17
DA:230,17
DA:233,96
DA:234,96
DA:237,96
DA:238,96
DA:241,316
DA:244,316
DA:245,314
DA:248,1339
DA:251,1339
DA:252,1339
DA:255,234
DA:256,234
DA:257,219
DA:270,1411
DA:273,1041
DA:276,14
DA:279,888
DA:283,504
DA:286,0
DA:289,9
DA:292,22
DA:299,106
DA:302,9
DA:315,22
DA:316,22
DA:317,22
DA:320,22
DA:323,22
DA:326,22
DA:329,110
DA:330,69
DA:334,41
DA:339,22
DA:353,18
DA:355,18
DA:357,18
DA:358,18
DA:359,17
DA:361,1
DA:375,17
DA:378,17
DA:396,17
DA:407,2
DA:408,2
DA:411,2
DA:415,2
DA:418,2
DA:429,392
DA:442,81
DA:443,121
DA:454,1094
DA:457,1094
DA:461,787
DA:462,445
DA:463,445
DA:467,342
DA:470,342
DA:473,342
DA:476,342
DA:477,1849
DA:481,342
DA:502,69
DA:503,69
DA:506,69
DA:519,0
DA:522,0
DA:523,0
DA:525,0
DA:532,0
DA:549,27
DA:550,27
DA:553,27
DA:554,27
DA:555,27
DA:556,27
DA:558,81
DA:563,81
DA:564,81
DA:565,81
DA:569,27
DA:571,27
DA:589,3
DA:592,3
DA:611,84
DA:614,84
DA:629,30
DA:630,30
DA:655,81
DA:657,81
DA:659,81
DA:696,99
DA:697,99
DA:700,99
DA:701,99
DA:702,99
DA:703,99
DA:705,295
DA:708,295
DA:709,295
DA:713,99
DA:716,99
DA:718,295
DA:730,295
DA:733,295
DA:736,295
DA:737,73
DA:738,73
DA:739,73
DA:743,222
DA:744,222
DA:747,222
DA:750,222
DA:757,222
DA:758,222
DA:778,269
DA:780,128
DA:793,430
DA:796,430
DA:798,269
DA:799,269
DA:802,269
DA:805,269
DA:808,73
DA:811,73
DA:814,73
DA:816,73
DA:831,39
DA:849,361
DA:852,361
DA:853,16
DA:856,345
DA:869,666
DA:872,666
DA:873,463
DA:877,183
DA:882,20
DA:885,20
DA:889,666
DA:893,666
DA:896,666
DA:899,666
DA:915,705
DA:918,267
DA:920,267
DA:921,165
DA:923,102
DA:935,96
DA:938,96
DA:941,96
DA:942,96
DA:943,96
DA:944,29
DA:948,96
DA:949,96
DA:950,96
DA:963,29
DA:964,29
DA:966,29
DA:974,29
DA:975,29
DA:976,29
DA:977,29
DA:979,29
DA:1003,705
DA:1017,9
DA:1020,9
DA:1021,9
DA:1023,27
DA:1031,9
DA:1040,184
DA:1046,217
DA:1061,235
DA:1064,217
DA:1072,217
DA:1091,39
DA:1114,88
DA:1122,88
DA:1143,361
DA:1146,361
DA:1149,361
DA:1152,361
DA:1155,361
DA:1170,217
DA:1171,217
DA:1173,217
DA:1176,217
DA:1179,190
DA:1180,184
DA:1183,190
DA:1184,190
DA:1186,190
DA:1190,217
DA:1193,217
DA:1196,217
DA:1213,127
DA:1215,127
DA:1217,127
DA:1220,39
DA:1225,88
DA:1228,88
DA:1233,127
DA:1234,127
DA:1235,121
DA:1239,127
DA:1240,127
DA:1242,127
DA:1245,127
DA:1248,127
LF:227
LH:221
BRDA:177,1,0,9
BRDA:177,1,1,0
BRDA:178,2,0,9
BRDA:178,2,1,0
BRDA:189,3,0,42
BRDA:189,3,1,0
BRDA:190,4,0,42
BRDA:190,4,1,0
BRDA:208,5,0,708
BRDA:208,5,1,0
BRDA:218,6,0,234
BRDA:218,6,1,1
BRDA:222,7,0,550
BRDA:222,7,1,0
BRDA:229,8,0,17
BRDA:229,8,1,0
BRDA:233,9,0,96
BRDA:233,9,1,0
BRDA:237,10,0,96
BRDA:237,10,1,0
BRDA:241,11,0,314
BRDA:241,11,1,2
BRDA:248,12,0,1339
BRDA:248,12,1,0
BRDA:255,13,0,234
BRDA:255,13,1,0
BRDA:256,14,0,219
BRDA:256,14,1,15
BRDA:299,15,0,97
BRDA:299,15,1,9
BRDA:329,16,0,69
BRDA:329,16,1,41
BRDA:353,17,0,0
BRDA:353,17,1,18
BRDA:355,18,0,18
BRDA:355,18,1,0
BRDA:358,19,0,17
BRDA:358,19,1,1
BRDA:396,20,0,16
BRDA:396,20,1,1
BRDA:411,21,0,1
BRDA:411,21,1,1
BRDA:457,22,0,307
BRDA:457,22,1,787
BRDA:461,23,0,445
BRDA:461,23,1,342
BRDA:549,24,0,0
BRDA:549,24,1,27
BRDA:733,25,0,1
BRDA:733,25,1,294
BRDA:736,26,0,73
BRDA:736,26,1,222
BRDA:778,27,0,141
BRDA:778,27,1,128
BRDA:796,28,0,161
BRDA:796,28,1,269
BRDA:805,29,0,196
BRDA:805,29,1,73
BRDA:852,30,0,16
BRDA:852,30,1,345
BRDA:872,31,0,463
BRDA:872,31,1,203
BRDA:876,32,0,183
BRDA:876,32,1,20
BRDA:889,33,0,578
BRDA:889,33,1,88
BRDA:915,34,0,438
BRDA:915,34,1,267
BRDA:918,35,0,267
BRDA:918,35,1,0
BRDA:920,36,0,165
BRDA:920,36,1,102
BRDA:938,37,0,96
BRDA:938,37,1,0
BRDA:1176,38,0,190
BRDA:1176,38,1,27
BRDA:1179,39,0,184
BRDA:1179,39,1,6
BRDA:1213,40,0,127
BRDA:1213,40,1,0
BRDA:1217,41,0,39
BRDA:1217,41,1,88
BRDA:1234,42,0,121
BRDA:1234,42,1,6
BRF:84
BRH:67
end_of_record
TN:
SF:/Users/roguerotkosky/Development/Summit/summit-contracts-v2/contracts/CartographerOasis.sol
FN:93,constructor
FN:102,initialize
FN:111,enable
FN:125,onlyCartographer
FN:129,validUserAdd
FN:133,nonDuplicated
FN:137,poolExists
FN:151,supply
FN:154,isTotemSelected
FN:157,userStakedAmount
FN:161,getUserInteractingPools
FN:164,getPools
FN:180,add
FN:202,set
FN:220,_updateTokenIsEarning
FN:234,massUpdatePools
FN:246,updatePool
FN:288,_poolClaimableRewards
FN:317,poolClaimableRewards
FN:333,elevClaimableRewards
FN:362,rollover
FN:363,switchTotem
FN:374,_markUserInteractingWithPool
FN:392,claimElevation
FN:420,deposit
FN:447,emergencyWithdraw
FN:470,withdraw
FN:498,_unifiedClaim
FN:527,_unifiedDeposit
FN:570,_unifiedWithdraw
FNF:30
FNH:26
FNDA:3,constructor
FNDA:14,initialize
FNDA:3,enable
FNDA:191,onlyCartographer
FNDA:253,validUserAdd
FNDA:6,nonDuplicated
FNDA:693,poolExists
FNDA:731,supply
FNDA:6,isTotemSelected
FNDA:296,userStakedAmount
FNDA:45,getUserInteractingPools
FNDA:0,getPools
FNDA:6,add
FNDA:2,set
FNDA:91,_updateTokenIsEarning
FNDA:27,massUpdatePools
FNDA:336,updatePool
FNDA:114,_poolClaimableRewards
FNDA:114,poolClaimableRewards
FNDA:0,elevClaimableRewards
FNDA:0,rollover
FNDA:0,switchTotem
FNDA:123,_markUserInteractingWithPool
FNDA:12,claimElevation
FNDA:87,deposit
FNDA:1,emergencyWithdraw
FNDA:39,withdraw
FNDA:162,_unifiedClaim
FNDA:87,_unifiedDeposit
FNDA:40,_unifiedWithdraw
DA:95,3
DA:96,3
DA:104,14
DA:105,14
DA:113,3
DA:126,191
DA:127,191
DA:130,253
DA:131,253
DA:134,6
DA:135,6
DA:138,693
DA:139,693
DA:152,731
DA:155,6
DA:158,296
DA:162,45
DA:165,0
DA:183,6
DA:186,6
DA:204,2
DA:206,2
DA:209,2
DA:212,2
DA:223,91
DA:236,27
DA:237,49
DA:248,336
DA:251,336
DA:255,212
DA:256,81
DA:257,81
DA:261,131
DA:262,0
DA:263,0
DA:267,131
DA:270,131
DA:273,131
DA:292,114
DA:295,114
DA:298,103
DA:304,103
DA:307,114
DA:320,114
DA:337,0
DA:340,0
DA:341,0
DA:343,0
DA:349,0
DA:376,123
DA:379,67
DA:381,67
DA:382,48
DA:384,19
DA:396,12
DA:399,12
DA:400,12
DA:402,36
DA:409,12
DA:424,87
DA:431,87
DA:450,1
DA:473,39
DA:480,39
DA:502,162
DA:505,162
DA:508,162
DA:509,113
DA:513,162
DA:516,162
DA:531,87
DA:533,87
DA:536,87
DA:539,53
DA:540,51
DA:544,53
DA:547,53
DA:551,87
DA:552,87
DA:555,87
DA:558,87
DA:575,40
DA:577,36
DA:578,35
DA:583,36
DA:584,36
DA:585,33
DA:589,36
DA:592,36
DA:595,36
DA:596,36
DA:599,36
DA:602,36
LF:93
LH:85
BRDA:95,1,0,3
BRDA:95,1,1,0
BRDA:104,2,0,14
BRDA:104,2,1,0
BRDA:126,3,0,191
BRDA:126,3,1,0
BRDA:130,4,0,253
BRDA:130,4,1,0
BRDA:134,5,0,6
BRDA:134,5,1,0
BRDA:138,6,0,693
BRDA:138,6,1,0
BRDA:251,7,0,124
BRDA:251,7,1,212
BRDA:255,8,0,81
BRDA:255,8,1,131
BRDA:261,9,0,0
BRDA:261,9,1,131
BRDA:295,10,0,103
BRDA:295,10,1,11
BRDA:376,11,0,56
BRDA:376,11,1,67
BRDA:379,12,0,67
BRDA:379,12,1,0
BRDA:381,13,0,48
BRDA:381,13,1,19
BRDA:508,14,0,113
BRDA:508,14,1,49
BRDA:536,15,0,53
BRDA:536,15,1,34
BRDA:539,16,0,51
BRDA:539,16,1,2
BRDA:575,17,0,36
BRDA:575,17,1,4
BRDA:577,18,0,35
BRDA:577,18,1,1
BRDA:584,19,0,33
BRDA:584,19,1,3
BRF:38
BRH:30
end_of_record
TN:
SF:/Users/roguerotkosky/Development/Summit/summit-contracts-v2/contracts/ElevationHelper.sol
FN:105,constructor
FN:117,enable
FN:147,onlyCartographer
FN:151,onlyCartographerOrExpedition
FN:155,allElevations
FN:159,elevationOrExpedition
FN:176,elevationAllocMultiplier
FN:182,roundDurationSeconds
FN:187,currentExpeditionRound
FN:192,currentDeityDivider
FN:199,elevationModulatedAllocation
FN:205,elevationLocked
FN:211,endOfRoundLockoutActive
FN:218,nextRound
FN:224,roundEnded
FN:230,timeRemainingInRound
FN:237,fractionRoundRemaining
FN:244,fractionRoundComplete
FN:250,currentRoundStartTime
FN:255,referralBurnTimeRemaining
FN:260,validateReferralBurnAvailable
FN:275,upgradeSummitRNGModule
FN:286,setElevationRoundDurationMult
FN:297,setElevationAllocMultiplier
FN:316,validateRolloverAvailable
FN:330,selectWinningTotem
FN:353,rolloverElevation
FN:382,chooseWinningTotem
FN:393,markWinningTotem
FN:403,setNextDeityDivider
FN:419,rolloverReferralBurn
FN:434,historicalWinningTotems
FNF:32
FNH:26
FNDA:3,constructor
FNDA:5,enable
FNDA:2184,onlyCartographer
FNDA:106,onlyCartographerOrExpedition
FNDA:313,allElevations
FNDA:3,elevationOrExpedition
FNDA:0,elevationAllocMultiplier
FNDA:432,roundDurationSeconds
FNDA:3,currentExpeditionRound
FNDA:429,currentDeityDivider
FNDA:0,elevationModulatedAllocation
FNDA:0,elevationLocked
FNDA:0,endOfRoundLockoutActive
FNDA:0,nextRound
FNDA:0,roundEnded
FNDA:4,timeRemainingInRound
FNDA:4,fractionRoundRemaining
FNDA:3,fractionRoundComplete
FNDA:3,currentRoundStartTime
FNDA:3,referralBurnTimeRemaining
FNDA:2,validateReferralBurnAvailable
FNDA:1,upgradeSummitRNGModule
FNDA:4,setElevationRoundDurationMult
FNDA:107,setElevationAllocMultiplier
FNDA:77,validateRolloverAvailable
FNDA:3,selectWinningTotem
FNDA:104,rolloverElevation
FNDA:77,chooseWinningTotem
FNDA:3,markWinningTotem
FNDA:24,setNextDeityDivider
FNDA:24,rolloverReferralBurn
FNDA:24,historicalWinningTotems
DA:107,3
DA:108,3
DA:109,5
DA:110,5
DA:120,5
DA:123,208
DA:132,208
DA:135,208
DA:138,2184
DA:148,2184
DA:149,106
DA:152,106
DA:153,4114
DA:156,313
DA:157,9
DA:160,3
DA:161,2155
DA:177,0
DA:183,432
DA:188,3
DA:193,429
DA:200,0
DA:206,0
DA:212,0
DA:213,0
DA:219,0
DA:225,0
DA:231,4
DA:238,2
DA:245,3
DA:251,3
DA:256,3
DA:261,2
DA:277,1
DA:278,5
DA:279,4
DA:288,4
DA:289,2
DA:290,4
DA:299,107
DA:300,104
DA:301,104
DA:302,104
DA:304,27
DA:320,77
DA:322,77
DA:333,3
DA:335,104
DA:338,104
DA:341,104
DA:344,1
DA:345,104
DA:356,104
DA:359,2
DA:362,102
DA:365,77
DA:366,3
DA:370,74
DA:373,77
DA:374,77
DA:383,3
DA:384,3
DA:386,3
DA:394,2
DA:395,2
DA:397,2
DA:405,24
DA:406,24
DA:407,24
DA:409,24
DA:420,24
DA:421,24
DA:436,136
DA:437,24
DA:439,149
DA:440,0
DA:442,24
DA:443,0
DA:444,0
DA:445,0
DA:447,0
DA:448,0
DA:452,0
LF:83
LH:69
BRDA:107,1,0,3
BRDA:107,1,1,0
BRDA:108,2,0,3
BRDA:108,2,1,0
BRDA:148,3,0,106
BRDA:148,3,1,2078
BRDA:152,4,0,4114
BRDA:152,4,1,-4008
BRDA:156,5,0,9
BRDA:156,5,1,304
BRDA:160,6,0,2155
BRDA:160,6,1,-2152
BRDA:212,7,0,0
BRDA:212,7,1,0
BRDA:261,8,0,1
BRDA:261,8,1,1
BRDA:277,9,0,5
BRDA:277,9,1,-4
BRDA:288,10,0,2
BRDA:288,10,1,2
BRDA:299,11,0,104
BRDA:299,11,1,3
BRDA:301,12,0,104
BRDA:301,12,1,27
BRDA:320,13,0,77
BRDA:320,13,1,0
BRDA:322,14,0,3
BRDA:322,14,1,74
BRDA:333,15,0,104
BRDA:333,15,1,104
BRDA:344,16,0,103
BRDA:344,16,1,104
BRDA:365,17,0,3
BRDA:365,17,1,74
BRDA:373,18,0,77
BRDA:373,18,1,77
BRDA:383,19,0,3
BRDA:383,19,1,3
BRDA:442,20,0,0
BRDA:442,20,1,0
BRF:40
BRH:30
end_of_record
TN:
SF:/Users/roguerotkosky/Development/Summit/summit-contracts-v2/contracts/EverestToken.sol
FN:56,constructor
FN:91,validLockDuration
FN:95,userNotAlreadyLockingSummit
FN:99,userLockDurationSatisfied
FN:104,userEverestInfoExists
FN:108,userOwnsEverest
FN:112,validEverestAmountToBurn
FN:116,onlyPanic
FN:120,notPanic
FN:132,setMinLockTime
FN:137,setInflectionLockTime
FN:142,setMaxLockTime
FN:147,setMinEverestLockMult
FN:152,setInflectionEverestLockMult
FN:157,setMaxEverestLockMult
FN:173,_updateAvgSummitLockDuration
FN:188,avgSummitLockDuration
FN:200,_lockDurationMultiplier
FN:219,_burnEverest
FN:231,lockSummit
FN:268,increaseLockDuration
FN:273,_increaseLockDuration
FN:311,_increaseLockedSummit
FN:341,_increaseLockDurationAndReleaseIfNecessary
FN:361,lockAndExtendLockDuration
FN:381,increaseLockedSummit
FN:395,withdrawLockedSummit
FN:430,addEverestExtension
FN:443,removeEverestExtension
FN:454,getEverestExtensions
FN:462,getUserEverestOwned
FN:469,_updateEverestExtensionsUserEverestOwned
FN:491,setPanic
FN:501,panicRecoverFunds
FNF:34
FNH:26
FNDA:22,constructor
FNDA:16,validLockDuration
FNDA:15,userNotAlreadyLockingSummit
FNDA:36,userLockDurationSatisfied
FNDA:15,userEverestInfoExists
FNDA:2,userOwnsEverest
FNDA:61,validEverestAmountToBurn
FNDA:0,onlyPanic
FNDA:0,notPanic
FNDA:0,setMinLockTime
FNDA:0,setInflectionLockTime
FNDA:0,setMaxLockTime
FNDA:0,setMinEverestLockMult
FNDA:0,setInflectionEverestLockMult
FNDA:36,setMaxEverestLockMult
FNDA:14,_updateAvgSummitLockDuration
FNDA:4,avgSummitLockDuration
FNDA:19,_lockDurationMultiplier
FNDA:0,_burnEverest
FNDA:18,lockSummit
FNDA:3,increaseLockDuration
FNDA:3,_increaseLockDuration
FNDA:15,_increaseLockedSummit
FNDA:1,_increaseLockDurationAndReleaseIfNecessary
FNDA:13,lockAndExtendLockDuration
FNDA:13,increaseLockedSummit
FNDA:13,withdrawLockedSummit
FNDA:5,addEverestExtension
FNDA:4,removeEverestExtension
FNDA:3,getEverestExtensions
FNDA:1,getUserEverestOwned
FNDA:1,_updateEverestExtensionsUserEverestOwned
FNDA:1,setPanic
FNDA:1,panicRecoverFunds
DA:57,22
DA:58,16
DA:92,16
DA:93,15
DA:96,37
DA:97,36
DA:100,34
DA:101,34
DA:102,15
DA:105,13
DA:106,2
DA:109,1
DA:110,61
DA:113,57
DA:114,0
DA:117,0
DA:118,0
DA:121,0
DA:122,0
DA:133,0
DA:134,0
DA:135,0
DA:138,0
DA:139,0
DA:140,0
DA:143,0
DA:144,0
DA:145,0
DA:148,0
DA:149,0
DA:150,0
DA:153,0
DA:154,52
DA:155,52
DA:158,36
DA:159,16
DA:160,16
DA:177,14
DA:180,0
DA:181,14
DA:182,21
DA:184,17
DA:185,17
DA:193,4
DA:196,13
DA:204,19
DA:205,18
DA:211,18
DA:222,18
DA:223,18
DA:234,18
DA:235,18
DA:236,18
DA:240,18
DA:241,18
DA:244,18
DA:247,18
DA:248,18
DA:249,18
DA:250,3
DA:251,2
DA:252,4
DA:253,4
DA:256,4
DA:259,3
DA:261,3
DA:270,3
DA:271,3
DA:277,3
DA:278,3
DA:281,3
DA:282,3
DA:285,3
DA:286,3
DA:289,3
DA:292,3
DA:295,15
DA:298,15
DA:299,15
DA:300,15
DA:301,15
DA:304,15
DA:306,15
DA:316,15
DA:317,15
DA:318,15
DA:322,6
DA:325,1
DA:328,5
DA:329,5
DA:332,4
DA:335,4
DA:337,1
DA:346,6
DA:349,6
DA:350,6
DA:351,9
DA:355,9
DA:363,13
DA:366,13
DA:369,13
DA:375,13
DA:383,13
DA:389,13
DA:397,13
DA:398,13
DA:400,13
DA:402,7
DA:403,7
DA:406,6
DA:408,6
DA:409,6
DA:411,6
DA:413,5
DA:432,5
DA:433,3
DA:434,2
DA:435,1
DA:437,4
DA:445,2
DA:446,49
DA:448,3
DA:450,3
DA:458,1
DA:466,1
DA:473,1
DA:474,1
DA:493,1
DA:494,1
DA:503,1
DA:505,1
DA:506,1
DA:508,0
DA:509,0
DA:510,0
DA:511,0
DA:512,0
DA:513,0
DA:515,0
LF:139
LH:113
BRDA:57,1,0,16
BRDA:57,1,1,5
BRDA:92,2,0,16
BRDA:92,2,1,0
BRDA:96,3,0,37
BRDA:96,3,1,0
BRDA:100,4,0,34
BRDA:100,4,1,0
BRDA:101,5,0,15
BRDA:101,5,1,19
BRDA:105,6,0,2
BRDA:105,6,1,11
BRDA:109,7,0,61
BRDA:109,7,1,-60
BRDA:113,8,0,0
BRDA:113,8,1,57
BRDA:117,9,0,0
BRDA:117,9,1,0
BRDA:121,10,0,0
BRDA:121,10,1,0
BRDA:133,11,0,0
BRDA:133,11,1,0
BRDA:138,12,0,0
BRDA:138,12,1,0
BRDA:143,13,0,0
BRDA:143,13,1,0
BRDA:148,14,0,0
BRDA:148,14,1,0
BRDA:153,15,0,0
BRDA:153,15,1,0
BRDA:158,16,0,16
BRDA:158,16,1,20
BRDA:180,17,0,14
BRDA:180,17,1,21
BRDA:193,18,0,13
BRDA:193,18,1,13
BRDA:204,19,0,18
BRDA:204,19,1,18
BRDA:234,20,0,18
BRDA:234,20,1,0
BRDA:235,21,0,18
BRDA:235,21,1,18
BRDA:278,22,0,3
BRDA:278,22,1,0
BRDA:286,23,0,3
BRDA:286,23,1,0
BRDA:316,24,0,15
BRDA:316,24,1,0
BRDA:317,25,0,15
BRDA:317,25,1,6
BRDA:346,26,0,6
BRDA:346,26,1,6
BRDA:349,27,0,6
BRDA:349,27,1,9
BRDA:398,28,0,13
BRDA:398,28,1,0
BRDA:432,29,0,3
BRDA:432,29,1,0
BRDA:433,30,0,2
BRDA:433,30,1,0
BRDA:434,31,0,1
BRDA:434,31,1,0
BRDA:445,32,0,49
BRDA:445,32,1,-47
BRDA:446,33,0,52
BRDA:446,33,1,-3
BRF:66
BRH:37
end_of_record
TN:
SF:/Users/roguerotkosky/Development/Summit/summit-contracts-v2/contracts/ExpeditionV2.sol
FN:198,constructor
FN:215,initialize
FN:244,validSafetyFactor
FN:248,_validUserAdd
FN:251,validUserAdd
FN:255,validDeity
FN:259,expeditionInteractionsAvailable
FN:263,userOwnsEverest
FN:267,userIsEligibleToJoinExpedition
FN:282,supply
FN:294,selectedDeity
FN:302,currentDeityDivider
FN:311,remainingRewards
FN:330,setExpeditionDeityWinningsMult
FN:335,setExpeditionRunwayRounds
FN:352,_recalculateExpeditionTokenEmissions
FN:366,_recalculateExpeditionEmissions
FN:374,recalculateExpeditionEmissions
FN:382,addExpeditionFunds
FN:394,disableExpedition
FN:405,enableExpedition
FN:421,rewards
FN:429,_calculateEmissionMultipliers
FN:465,potentialWinnings
FN:496,rollover
FN:520,_rolloverExpedition
FN:558,_getUserSafeEverest
FN:565,_getUserDeitiedEverest
FN:574,_harvestableWinnings
FN:604,_updateUserRoundInteraction
FN:628,_harvestExpedition
FN:666,syncEverestAmount
FN:677,updateUserEverest
FN:685,_updateUserEverestAmount
FN:718,_getOrCreateUserInfo
FN:731,selectDeity
FN:762,selectSafetyFactor
FN:794,userSatisfiesExpeditionRequirements
FN:807,joinExpedition
FN:828,harvestExpedition
FNF:40
FNH:32
FNDA:3,constructor
FNDA:13,initialize
FNDA:6,validSafetyFactor
FNDA:15,_validUserAdd
FNDA:15,validUserAdd
FNDA:6,validDeity
FNDA:20,expeditionInteractionsAvailable
FNDA:18,userOwnsEverest
FNDA:6,userIsEligibleToJoinExpedition
FNDA:0,supply
FNDA:0,selectedDeity
FNDA:0,currentDeityDivider
FNDA:0,remainingRewards
FNDA:0,setExpeditionDeityWinningsMult
FNDA:0,setExpeditionRunwayRounds
FNDA:34,_recalculateExpeditionTokenEmissions
FNDA:17,_recalculateExpeditionEmissions
FNDA:2,recalculateExpeditionEmissions
FNDA:3,addExpeditionFunds
FNDA:0,disableExpedition
FNDA:0,enableExpedition
FNDA:12,rewards
FNDA:8,_calculateEmissionMultipliers
FNDA:3,potentialWinnings
FNDA:5,rollover
FNDA:5,_rolloverExpedition
FNDA:141,_getUserSafeEverest
FNDA:144,_getUserDeitiedEverest
FNDA:79,_harvestableWinnings
FNDA:70,_updateUserRoundInteraction
FNDA:67,_harvestExpedition
FNDA:1,syncEverestAmount
FNDA:49,updateUserEverest
FNDA:50,_updateUserEverestAmount
FNDA:61,_getOrCreateUserInfo
FNDA:5,selectDeity
FNDA:6,selectSafetyFactor
FNDA:12,userSatisfiesExpeditionRequirements
FNDA:3,joinExpedition
FNDA:6,harvestExpedition
DA:203,3
DA:204,3
DA:205,3
DA:206,3
DA:207,3
DA:208,3
DA:217,13
DA:218,13
DA:221,13
DA:222,13
DA:224,13
DA:226,13
DA:229,13
DA:230,13
DA:232,13
DA:245,6
DA:246,6
DA:249,15
DA:252,15
DA:253,15
DA:256,6
DA:257,5
DA:260,20
DA:261,20
DA:264,18
DA:265,12
DA:268,6
DA:269,4
DA:270,3
DA:286,0
DA:298,0
DA:306,0
DA:315,0
DA:331,0
DA:332,0
DA:333,0
DA:336,0
DA:337,0
DA:338,0
DA:356,34
DA:358,34
DA:359,34
DA:361,34
DA:369,17
DA:370,17
DA:371,17
DA:376,2
DA:377,2
DA:384,3
DA:385,2
DA:386,2
DA:388,2
DA:396,0
DA:397,0
DA:399,0
DA:407,0
DA:408,0
DA:410,0
DA:425,12
DA:434,8
DA:435,8
DA:436,8
DA:439,7
DA:440,7
DA:443,7
DA:444,7
DA:446,7
DA:468,3
DA:470,3
DA:472,3
DA:473,3
DA:475,3
DA:477,3
DA:500,5
DA:503,5
DA:506,5
DA:508,5
DA:510,5
DA:512,5
DA:514,5
DA:523,5
DA:525,5
DA:528,5
DA:531,5
DA:532,5
DA:533,5
DA:534,5
DA:537,5
DA:538,4
DA:539,4
DA:542,5
DA:543,4
DA:544,4
DA:562,141
DA:569,144
DA:578,79
DA:581,79
DA:583,15
DA:584,15
DA:586,15
DA:607,70
DA:609,70
DA:610,70
DA:613,70
DA:614,70
DA:615,70
DA:616,70
DA:619,70
DA:633,67
DA:636,67
DA:637,6
DA:640,6
DA:641,6
DA:642,6
DA:646,67
DA:647,6
DA:648,6
DA:649,6
DA:652,67
DA:668,1
DA:679,49
DA:688,50
DA:691,50
DA:694,50
DA:695,50
DA:698,50
DA:701,50
DA:704,50
DA:705,3
DA:706,3
DA:707,3
DA:722,61
DA:723,61
DA:724,61
DA:733,5
DA:736,5
DA:739,5
DA:742,5
DA:743,5
DA:744,5
DA:747,5
DA:750,5
DA:751,2
DA:752,2
DA:755,5
DA:764,6
DA:767,6
DA:770,6
DA:773,6
DA:774,6
DA:777,6
DA:778,6
DA:781,6
DA:784,6
DA:785,3
DA:786,3
DA:787,3
DA:790,6
DA:798,12
DA:809,3
DA:812,3
DA:813,3
DA:816,3
DA:819,3
DA:820,3
DA:821,3
DA:823,3
DA:830,6
DA:831,6
DA:833,6
DA:834,6
DA:836,6
LF:172
LH:156
BRDA:203,1,0,3
BRDA:203,1,1,0
BRDA:204,2,0,3
BRDA:204,2,1,0
BRDA:205,3,0,3
BRDA:205,3,1,0
BRDA:217,4,0,13
BRDA:217,4,1,0
BRDA:218,5,0,13
BRDA:218,5,1,0
BRDA:245,6,0,6
BRDA:245,6,1,0
BRDA:249,7,0,15
BRDA:249,7,1,0
BRDA:256,8,0,5
BRDA:256,8,1,1
BRDA:260,9,0,20
BRDA:260,9,1,0
BRDA:264,10,0,12
BRDA:264,10,1,6
BRDA:268,11,0,4
BRDA:268,11,1,2
BRDA:269,12,0,3
BRDA:269,12,1,1
BRDA:331,13,0,0
BRDA:331,13,1,0
BRDA:336,14,0,0
BRDA:336,14,1,0
BRDA:384,15,0,2
BRDA:384,15,1,1
BRDA:396,16,0,0
BRDA:396,16,1,0
BRDA:407,17,0,0
BRDA:407,17,1,0
BRDA:436,18,0,1
BRDA:436,18,1,7
BRDA:470,19,0,0
BRDA:470,19,1,3
BRDA:523,20,0,0
BRDA:523,20,1,5
BRDA:537,21,0,4
BRDA:537,21,1,1
BRDA:542,22,0,4
BRDA:542,22,1,1
BRDA:581,23,0,64
BRDA:581,23,1,15
BRDA:636,24,0,6
BRDA:636,24,1,61
BRDA:646,25,0,6
BRDA:646,25,1,61
BRDA:704,26,0,3
BRDA:704,26,1,47
BRDA:736,27,0,5
BRDA:736,27,1,0
BRDA:750,28,0,2
BRDA:750,28,1,3
BRDA:767,29,0,6
BRDA:767,29,1,0
BRDA:784,30,0,3
BRDA:784,30,1,3
BRDA:812,31,0,3
BRDA:812,31,1,0
BRDA:831,32,0,6
BRDA:831,32,1,0
BRF:64
BRH:42
end_of_record
TN:
SF:/Users/roguerotkosky/Development/Summit/summit-contracts-v2/contracts/libs/DummyERC20Mintable.sol
FN:9,constructor
FN:11,mint
FNF:2
FNH:2
FNDA:96,constructor
FNDA:136,mint
DA:12,136
LF:1
LH:1
BRF:0
BRH:0
end_of_record
TN:
SF:/Users/roguerotkosky/Development/Summit/summit-contracts-v2/contracts/libs/ERC20Mintable.sol
FN:9,constructor
FN:11,mint
FNF:2
FNH:0
FNDA:0,constructor
FNDA:0,mint
DA:12,0
LF:1
LH:0
BRF:0
BRH:0
end_of_record
TN:
SF:/Users/roguerotkosky/Development/Summit/summit-contracts-v2/contracts/libs/SummitMath.sol
FN:7,scaledValue
FNF:1
FNH:1
FNDA:21,scaledValue
DA:11,6
DA:12,188
DA:13,176
DA:14,173
DA:15,68
DA:16,33
DA:18,24
LF:7
LH:7
BRDA:11,1,0,188
BRDA:11,1,1,-182
BRDA:12,2,0,176
BRDA:12,2,1,176
BRDA:13,3,0,176
BRDA:13,3,1,173
BRDA:14,4,0,68
BRDA:14,4,1,68
BRDA:15,5,0,35
BRDA:15,5,1,33
BRF:10
BRH:9
end_of_record
TN:
SF:/Users/roguerotkosky/Development/Summit/summit-contracts-v2/contracts/MasterChefPassthrough.sol
FN:44,constructor
FN:70,onlyCartographer
FN:76,token
FN:82,balance
FN:87,distributeRewards
FN:101,enact
FN:115,deposit
FN:141,withdraw
FN:165,retire
FNF:9
FNH:7
FNDA:3,constructor
FNDA:108,onlyCartographer
FNDA:0,token
FNDA:28,balance
FNDA:28,distributeRewards
FNDA:12,enact
FNDA:12,deposit
FNDA:12,withdraw
FNDA:0,retire
DA:51,3
DA:52,3
DA:53,3
DA:54,3
DA:56,3
DA:57,3
DA:60,3
DA:61,32
DA:62,32
DA:63,32
DA:64,8
DA:66,108
DA:71,28
DA:72,28
DA:77,0
DA:83,28
DA:88,4
DA:91,4
DA:93,12
DA:94,12
DA:103,12
DA:104,12
DA:105,12
DA:118,12
DA:119,12
DA:122,12
DA:123,12
DA:124,12
DA:127,12
DA:129,12
DA:131,12
DA:144,12
DA:145,12
DA:146,4
DA:149,4
DA:152,4
DA:155,4
DA:157,0
DA:167,0
DA:170,0
DA:173,0
DA:176,0
LF:42
LH:36
BRDA:51,1,0,3
BRDA:51,1,1,0
BRDA:52,2,0,3
BRDA:52,2,1,0
BRDA:53,3,0,3
BRDA:53,3,1,0
BRDA:54,4,0,3
BRDA:54,4,1,0
BRDA:57,5,0,3
BRDA:57,5,1,0
BRDA:71,6,0,28
BRDA:71,6,1,0
BRDA:91,7,0,4
BRDA:91,7,1,4
BRF:14
BRH:8
end_of_record
TN:
SF:/Users/roguerotkosky/Development/Summit/summit-contracts-v2/contracts/SummitLocking.sol
FN:53,initialize
FN:69,setPanic
FN:79,onlyCartographerOrExpedition
FN:87,getCurrentEpoch
FN:95,hasEpochMatured
FN:102,getEpochStartTimestamp
FN:110,getEpochMatureTimestamp
FN:117,getUserInteractingEpochs
FN:131,setYieldLockEpochCount
FN:140,addLockedWinnings
FN:156,harvestWinnings
FNF:11
FNH:9
FNDA:0,initialize
FNDA:12,setPanic
FNDA:0,onlyCartographerOrExpedition
FNDA:136,getCurrentEpoch
FNDA:135,hasEpochMatured
FNDA:201,getEpochStartTimestamp
FNDA:16,getEpochMatureTimestamp
FNDA:10,getUserInteractingEpochs
FNDA:7,setYieldLockEpochCount
FNDA:3,addLockedWinnings
FNDA:135,harvestWinnings
DA:54,0
DA:55,12
DA:56,12
DA:57,12
DA:58,12
DA:59,12
DA:60,12
DA:61,12
DA:63,12
DA:71,12
DA:72,12
DA:80,0
DA:81,136
DA:91,136
DA:99,201
DA:106,16
DA:114,10
DA:121,7
DA:133,5
DA:134,3
DA:135,3
DA:142,3
DA:143,3
DA:144,135
DA:145,135
DA:146,135
DA:147,135
DA:148,135
DA:150,135
DA:158,135
DA:161,135
DA:164,10
DA:167,10
DA:168,10
DA:176,5
DA:177,5
DA:178,5
DA:180,2
DA:181,2
DA:182,3
DA:186,3
DA:188,3
DA:189,10
DA:192,8
LF:44
LH:42
BRDA:54,1,0,0
BRDA:54,1,1,0
BRDA:55,2,0,12
BRDA:55,2,1,0
BRDA:56,3,0,12
BRDA:56,3,1,0
BRDA:57,4,0,12
BRDA:57,4,1,0
BRDA:80,5,0,0
BRDA:80,5,1,0
BRDA:133,6,0,3
BRDA:133,6,1,2
BRDA:164,7,0,10
BRDA:164,7,1,0
BRDA:167,8,0,10
BRDA:167,8,1,10
BRDA:177,9,0,5
BRDA:177,9,1,5
BRDA:188,10,0,10
BRDA:188,10,1,10
BRF:20
BRH:12
end_of_record
TN:
SF:/Users/roguerotkosky/Development/Summit/summit-contracts-v2/contracts/SummitReferrals.sol
FN:12,constructor
FN:17,enable
FN:34,createReferral
FN:43,onlyCartographer
FN:47,addReferralRewardsIfNecessary
FN:56,getReferralRound
FN:61,burnUnclaimedReferralRewardsAndRolloverRound
FN:74,redeemReferralRewards
FN:89,getReferralRewardsToBeBurned
FN:93,getPendingReferralRewards
FN:99,safeSummitTransfer
FNF:11
FNH:9
FNDA:0,constructor
FNDA:3,enable
FNDA:3,createReferral
FNDA:3,onlyCartographer
FNDA:134,addReferralRewardsIfNecessary
FNDA:5,getReferralRound
FNDA:5,burnUnclaimedReferralRewardsAndRolloverRound
FNDA:2,redeemReferralRewards
FNDA:2,getReferralRewardsToBeBurned
FNDA:2,getPendingReferralRewards
FNDA:0,safeSummitTransfer
DA:13,0
DA:14,3
DA:18,3
DA:19,3
DA:35,3
DA:36,6
DA:37,5
DA:38,4
DA:39,3
DA:40,3
DA:44,3
DA:45,134
DA:48,134
DA:49,129
DA:50,124
DA:51,5
DA:52,5
DA:53,5
DA:57,5
DA:62,0
DA:64,0
DA:65,2
DA:68,1
DA:70,1
DA:75,2
DA:76,3
DA:79,3
DA:80,2
DA:83,2
DA:84,2
DA:86,2
DA:90,2
DA:94,0
DA:100,9
DA:101,9
DA:102,2
DA:103,2
DA:105,0
DA:107,0
LF:39
LH:33
BRDA:13,1,0,0
BRDA:13,1,1,0
BRDA:35,2,0,6
BRDA:35,2,1,-3
BRDA:36,3,0,5
BRDA:36,3,1,1
BRDA:37,4,0,4
BRDA:37,4,1,1
BRDA:38,5,0,3
BRDA:38,5,1,1
BRDA:44,6,0,134
BRDA:44,6,1,-131
BRDA:48,7,0,134
BRDA:48,7,1,129
BRDA:64,8,0,2
BRDA:64,8,1,2
BRDA:75,9,0,3
BRDA:75,9,1,-1
BRDA:79,10,0,2
BRDA:79,10,1,2
BRDA:102,11,0,2
BRDA:102,11,1,2
BRDA:107,12,0,2
BRDA:107,12,1,0
BRF:24
BRH:18
end_of_record
TN:
SF:/Users/roguerotkosky/Development/Summit/summit-contracts-v2/contracts/SummitToken.sol
FN:22,initialize
FN:31,tokenSwap
FNF:2
FNH:2
FNDA:2,initialize
FNDA:1,tokenSwap
DA:24,2
DA:25,1
DA:33,1
DA:34,1
DA:36,0
DA:37,0
DA:39,0
DA:40,0
DA:42,0
LF:9
LH:4
BRDA:24,1,0,1
BRDA:24,1,1,1
BRDA:33,2,0,1
BRDA:33,2,1,0
BRDA:34,3,0,0
BRDA:34,3,1,1
BRF:6
BRH:4
end_of_record
TN:
SF:/Users/roguerotkosky/Development/Summit/summit-contracts-v2/contracts/SummitTrustedSeederRNGModule.sol
FN:74,onlyCartographer
FN:78,onlyElevationHelper
FN:83,onlyTrustedSeeder
FN:95,constructor
FN:104,setElevationHelper
FN:115,setTrustedSeederAdd
FN:125,setSeedRoundEndTimestamp
FN:146,futureBlockMined
FN:154,nextSeedRoundAvailable
FN:160,getRandomNumber
FN:170,receiveSealedSeed
FN:188,receiveUnsealedSeed
FNF:12
FNH:12
FNDA:3,onlyCartographer
FNDA:18,onlyElevationHelper
FNDA:3,onlyTrustedSeeder
FNDA:3,constructor
FNDA:4,setElevationHelper
FNDA:3,setTrustedSeederAdd
FNDA:77,setSeedRoundEndTimestamp
FNDA:8,futureBlockMined
FNDA:6,nextSeedRoundAvailable
FNDA:6,getRandomNumber
FNDA:6,receiveSealedSeed
FNDA:6,receiveUnsealedSeed
DA:75,3
DA:76,18
DA:79,18
DA:80,3
DA:81,3
DA:84,3
DA:85,3
DA:96,3
DA:97,4
DA:106,4
DA:107,4
DA:108,3
DA:117,3
DA:118,9
DA:119,11
DA:126,77
DA:127,8
DA:147,8
DA:155,6
DA:161,6
DA:172,6
DA:175,8
DA:176,7
DA:179,7
DA:180,6
DA:190,5
DA:191,5
DA:192,0
DA:193,0
DA:194,0
LF:30
LH:27
BRDA:75,1,0,3
BRDA:75,1,1,0
BRDA:79,2,0,16
BRDA:79,2,1,2
BRDA:80,3,0,3
BRDA:80,3,1,0
BRDA:84,4,0,3
BRDA:84,4,1,0
BRDA:96,5,0,3
BRDA:96,5,1,0
BRDA:106,6,0,4
BRDA:106,6,1,0
BRDA:117,7,0,9
BRDA:117,7,1,-6
BRDA:172,8,0,8
BRDA:172,8,1,0
BRDA:190,9,0,5
BRDA:190,9,1,0
BRDA:191,10,0,0
BRDA:191,10,1,0
BRDA:192,11,0,0
BRDA:192,11,1,0
BRF:22
BRH:10
end_of_record
