TN:
SF:/Users/roguerotkosky/Development/Summit/summit-contracts-v2/contracts/BaseEverestExtension.sol
FN:11,onlyEverestToken
FN:16,_getUserEverest
FNF:2
FNH:2
FNDA:54,onlyEverestToken
FNDA:2,_getUserEverest
DA:12,54
DA:13,54
DA:20,2
LF:3
LH:3
BRDA:12,1,0,54
BRDA:12,1,1,0
BRF:2
BRH:1
end_of_record
TN:
SF:/Users/roguerotkosky/Development/Summit/summit-contracts-v2/contracts/BeefyVaultV6Passthrough.sol
FN:32,constructor
FN:50,onlyCartographer
FN:56,token
FN:63,vaultBalance
FN:70,enact
FN:82,deposit
FN:104,distributeRemainingBalance
FN:120,withdraw
FN:152,retire
FNF:9
FNH:9
FNDA:3,constructor
FNDA:40,onlyCartographer
FNDA:16,token
FNDA:44,vaultBalance
FNDA:8,enact
FNDA:16,deposit
FNDA:16,distributeRemainingBalance
FNDA:12,withdraw
FNDA:4,retire
DA:37,3
DA:38,3
DA:39,3
DA:40,3
DA:42,3
DA:43,3
DA:44,3
DA:46,3
DA:51,40
DA:52,40
DA:57,16
DA:64,44
DA:72,8
DA:73,8
DA:74,8
DA:75,8
DA:86,16
DA:87,16
DA:90,16
DA:91,16
DA:92,16
DA:95,16
DA:98,16
DA:99,16
DA:101,16
DA:105,16
DA:107,16
DA:109,16
DA:110,16
DA:124,12
DA:127,12
DA:130,12
DA:133,12
DA:134,12
DA:135,12
DA:136,12
DA:139,12
DA:142,12
DA:145,12
DA:147,12
DA:155,4
DA:156,4
DA:157,4
DA:160,4
DA:163,4
DA:164,4
DA:167,4
DA:170,4
LF:48
LH:48
BRDA:37,1,0,3
BRDA:37,1,1,0
BRDA:38,2,0,3
BRDA:38,2,1,0
BRDA:39,3,0,3
BRDA:39,3,1,0
BRDA:40,4,0,3
BRDA:40,4,1,0
BRDA:51,5,0,40
BRDA:51,5,1,0
BRDA:107,6,0,0
BRDA:107,6,1,16
BRDA:156,7,0,4
BRDA:156,7,1,0
BRF:14
BRH:7
end_of_record
TN:
SF:/Users/roguerotkosky/Development/Summit/summit-contracts-v2/contracts/Cartographer.sol
FN:183,constructor
FN:204,initialize
FN:241,enable
FN:256,migrateSummitOwnership
FN:266,setTreasuryAdd
FN:277,setExpeditionTreasuryAdd
FN:284,setRolloverRewardInNativeToken
FN:291,setTotalSummitPerSecond
FN:301,setSummitDistributionBPs
FN:318,_onlySubCartographer
FN:327,onlySubCartographer
FN:333,nonDuplicated
FN:338,nonDuplicatedTokenAlloc
FN:342,tokenAllocExists
FN:346,validAllocation
FN:351,_poolExists
FN:355,poolExists
FN:361,_validElev
FN:364,isOasisOrElevation
FN:368,isElevation
FN:374,validTotem
FN:387,subCartographer
FN:402,poolsCount
FN:419,createTokenAllocation
FN:436,setTokenAllocation
FN:458,setIsTokenEarningAtElevation
FN:482,setTokenPassthroughStrategy
FN:496,retireTokenPassthroughStrategy
FN:506,_enactTokenPassthroughStrategy
FN:524,_retireTokenPassthroughStrategy
FN:548,add
FN:574,set
FN:589,massUpdatePools
FN:610,rollover
FN:640,timeDiffSeconds
FN:648,elevationModulatedAllocation
FN:659,tokenElevationShares
FN:679,tokenElevationEmissionMultiplier
FN:703,tokenAllocEmissionMultiplier
FN:727,poolEmissionMultiplier
FN:745,poolSummitEmission
FN:769,switchTotem
FN:789,taxBP
FN:795,_getTaxBP
FN:821,bonusBP
FN:827,_getBonusBP
FN:846,userTokenStakedAmount
FN:853,_userTokenStakedAmount
FN:870,deposit
FN:899,claimElevation
FN:912,emergencyWithdraw
FN:935,withdraw
FN:960,elevateAndLockStakedSummit
FN:991,validateElevate
FN:1010,elevate
FN:1048,claimWinnings
FN:1078,passthroughDeposit
FN:1087,passthroughWithdraw
FN:1100,depositTokenManagement
FN:1121,_distributeTaxesAndFees
FN:1135,withdrawalTokenManagement
FN:1166,rolloverReferral
FN:1185,referralRewardsMintSafetyHatch
FN:1206,setTokenDepositFee
FN:1218,setTokenWithdrawTax
FN:1229,setTaxDecayDuration
FN:1238,setBaseMinimumWithdrawalTax
FN:1248,setTokenIsNativeFarm
FN:1257,setMaxBonusBP
FNF:69
FNH:63
FNDA:3,constructor
FNDA:14,initialize
FNDA:5,enable
FNDA:1,migrateSummitOwnership
FNDA:0,setTreasuryAdd
FNDA:12,setExpeditionTreasuryAdd
FNDA:0,setRolloverRewardInNativeToken
FNDA:0,setTotalSummitPerSecond
FNDA:0,setSummitDistributionBPs
FNDA:1776,_onlySubCartographer
FNDA:1776,onlySubCartographer
FNDA:24,nonDuplicated
FNDA:12,nonDuplicatedTokenAlloc
FNDA:43,tokenAllocExists
FNDA:28,validAllocation
FNDA:530,_poolExists
FNDA:530,poolExists
FNDA:302,_validElev
FNDA:62,isOasisOrElevation
FNDA:240,isElevation
FNDA:98,validTotem
FNDA:4902,subCartographer
FNDA:1,poolsCount
FNDA:11,createTokenAllocation
FNDA:17,setTokenAllocation
FNDA:520,setIsTokenEarningAtElevation
FNDA:12,setTokenPassthroughStrategy
FNDA:4,retireTokenPassthroughStrategy
FNDA:12,_enactTokenPassthroughStrategy
FNDA:16,_retireTokenPassthroughStrategy
FNDA:23,add
FNDA:17,set
FNDA:27,massUpdatePools
FNDA:142,rollover
FNDA:699,timeDiffSeconds
FNDA:2678,elevationModulatedAllocation
FNDA:4118,tokenElevationShares
FNDA:824,tokenElevationEmissionMultiplier
FNDA:804,tokenAllocEmissionMultiplier
FNDA:699,poolEmissionMultiplier
FNDA:699,poolSummitEmission
FNDA:97,switchTotem
FNDA:192,taxBP
FNDA:350,_getTaxBP
FNDA:36,bonusBP
FNDA:190,_getBonusBP
FNDA:6,userTokenStakedAmount
FNDA:312,_userTokenStakedAmount
FNDA:324,deposit
FNDA:21,claimElevation
FNDA:40,emergencyWithdraw
FNDA:121,withdraw
FNDA:2,elevateAndLockStakedSummit
FNDA:12,validateElevate
FNDA:12,elevate
FNDA:154,claimWinnings
FNDA:245,passthroughDeposit
FNDA:158,passthroughWithdraw
FNDA:245,depositTokenManagement
FNDA:157,_distributeTaxesAndFees
FNDA:158,withdrawalTokenManagement
FNDA:4,rolloverReferral
FNDA:2,referralRewardsMintSafetyHatch
FNDA:23,setTokenDepositFee
FNDA:37,setTokenWithdrawTax
FNDA:0,setTaxDecayDuration
FNDA:0,setBaseMinimumWithdrawalTax
FNDA:6,setTokenIsNativeFarm
FNDA:1,setMaxBonusBP
DA:187,3
DA:188,3
DA:206,14
DA:219,14
DA:221,14
DA:222,14
DA:224,14
DA:225,14
DA:226,14
DA:227,14
DA:229,14
DA:230,14
DA:231,14
DA:234,14
DA:235,56
DA:243,5
DA:244,5
DA:247,5
DA:248,5
DA:249,5
DA:250,5
DA:258,1
DA:259,1
DA:260,1
DA:267,0
DA:268,0
DA:270,0
DA:271,0
DA:278,12
DA:279,12
DA:280,12
DA:285,0
DA:286,0
DA:293,0
DA:295,0
DA:303,0
DA:305,0
DA:306,0
DA:319,1776
DA:328,1776
DA:329,1776
DA:334,24
DA:335,23
DA:339,12
DA:340,11
DA:343,43
DA:344,41
DA:347,28
DA:348,28
DA:352,530
DA:356,530
DA:357,528
DA:362,302
DA:365,62
DA:366,62
DA:369,240
DA:370,240
DA:375,98
DA:376,97
DA:388,4902
DA:389,4902
DA:406,1
DA:407,1
DA:408,4
DA:410,1
DA:422,11
DA:423,11
DA:426,11
DA:428,11
DA:439,17
DA:440,68
DA:441,5
DA:446,17
DA:448,17
DA:461,520
DA:464,161
DA:465,118
DA:469,43
DA:473,161
DA:485,12
DA:486,12
DA:488,12
DA:498,4
DA:499,4
DA:500,4
DA:502,4
DA:510,12
DA:513,12
DA:514,12
DA:517,12
DA:519,12
DA:526,16
DA:528,8
DA:529,8
DA:552,23
DA:553,23
DA:557,23
DA:558,23
DA:561,23
DA:563,23
DA:577,17
DA:578,4
DA:582,17
DA:584,17
DA:590,27
DA:591,108
DA:613,142
DA:616,139
DA:619,139
DA:622,139
DA:625,139
DA:627,139
DA:641,699
DA:650,2678
DA:653,2677
DA:661,4118
DA:664,4118
DA:666,2664
DA:686,824
DA:694,824
DA:697,822
DA:708,804
DA:709,804
DA:710,804
DA:711,3216
DA:712,1762
DA:714,3216
DA:717,804
DA:719,802
DA:735,699
DA:749,699
DA:752,699
DA:772,97
DA:774,97
DA:793,192
DA:799,350
DA:801,350
DA:802,350
DA:805,350
DA:807,15
DA:808,15
DA:810,15
DA:825,36
DA:831,190
DA:834,190
DA:836,189
DA:850,6
DA:857,312
DA:858,312
DA:859,1248
DA:861,312
DA:873,324
DA:882,306
DA:883,76
DA:887,306
DA:888,244
DA:891,306
DA:902,21
DA:904,21
DA:915,40
DA:923,40
DA:924,40
DA:926,40
DA:938,121
DA:948,118
DA:949,118
DA:951,118
DA:962,2
DA:965,2
DA:974,2
DA:980,2
DA:993,12
DA:994,11
DA:995,10
DA:1012,12
DA:1015,9
DA:1024,8
DA:1032,8
DA:1051,154
DA:1052,154
DA:1053,154
DA:1056,154
DA:1057,154
DA:1058,154
DA:1061,154
DA:1064,154
DA:1066,154
DA:1068,154
DA:1079,245
DA:1080,28
DA:1088,158
DA:1089,24
DA:1104,245
DA:1107,245
DA:1108,245
DA:1109,1
DA:1110,1
DA:1114,245
DA:1124,157
DA:1125,157
DA:1139,158
DA:1142,158
DA:1145,158
DA:1146,156
DA:1147,156
DA:1151,158
DA:1153,158
DA:1170,4
DA:1173,2
DA:1176,2
DA:1179,2
DA:1181,2
DA:1187,2
DA:1188,2
DA:1190,2
DA:1209,23
DA:1210,23
DA:1211,23
DA:1221,37
DA:1222,37
DA:1223,37
DA:1231,0
DA:1232,0
DA:1240,0
DA:1241,0
DA:1242,0
DA:1250,6
DA:1251,6
DA:1259,1
DA:1260,1
DA:1261,1
LF:231
LH:215
BRDA:206,1,0,14
BRDA:206,1,1,0
BRDA:243,2,0,5
BRDA:243,2,1,0
BRDA:258,3,0,1
BRDA:258,3,1,0
BRDA:267,4,0,0
BRDA:267,4,1,0
BRDA:268,5,0,0
BRDA:268,5,1,0
BRDA:278,6,0,12
BRDA:278,6,1,0
BRDA:285,7,0,0
BRDA:285,7,1,0
BRDA:293,8,0,0
BRDA:293,8,1,0
BRDA:303,9,0,0
BRDA:303,9,1,0
BRDA:319,10,0,1776
BRDA:319,10,1,0
BRDA:334,11,0,23
BRDA:334,11,1,1
BRDA:339,12,0,11
BRDA:339,12,1,1
BRDA:343,13,0,41
BRDA:343,13,1,2
BRDA:347,14,0,28
BRDA:347,14,1,0
BRDA:352,15,0,528
BRDA:352,15,1,2
BRDA:362,16,0,302
BRDA:362,16,1,0
BRDA:375,17,0,97
BRDA:375,17,1,1
BRDA:388,18,0,4902
BRDA:388,18,1,0
BRDA:440,19,0,5
BRDA:440,19,1,63
BRDA:461,20,0,359
BRDA:461,20,1,161
BRDA:464,21,0,118
BRDA:464,21,1,43
BRDA:485,22,0,12
BRDA:485,22,1,0
BRDA:486,23,0,12
BRDA:486,23,1,0
BRDA:498,24,0,4
BRDA:498,24,1,0
BRDA:526,25,0,8
BRDA:526,25,1,8
BRDA:552,26,0,23
BRDA:552,26,1,0
BRDA:577,27,0,4
BRDA:577,27,1,13
BRDA:650,28,0,1
BRDA:650,28,1,2677
BRDA:661,29,0,0
BRDA:661,29,1,4118
BRDA:664,30,0,1454
BRDA:664,30,1,2664
BRDA:694,31,0,2
BRDA:694,31,1,822
BRDA:711,32,0,1762
BRDA:711,32,1,1454
BRDA:717,33,0,2
BRDA:717,33,1,802
BRDA:749,34,0,0
BRDA:749,34,1,699
BRDA:805,35,0,335
BRDA:805,35,1,15
BRDA:834,36,0,1
BRDA:834,36,1,189
BRDA:882,37,0,76
BRDA:882,37,1,230
BRDA:887,38,0,244
BRDA:887,38,1,62
BRDA:962,39,0,2
BRDA:962,39,1,0
BRDA:993,40,0,11
BRDA:993,40,1,1
BRDA:994,41,0,10
BRDA:994,41,1,1
BRDA:995,42,0,9
BRDA:995,42,1,1
BRDA:1079,43,0,217
BRDA:1079,43,1,28
BRDA:1088,44,0,134
BRDA:1088,44,1,24
BRDA:1108,45,0,1
BRDA:1108,45,1,244
BRDA:1145,46,0,156
BRDA:1145,46,1,2
BRDA:1187,47,0,2
BRDA:1187,47,1,0
BRDA:1188,48,0,2
BRDA:1188,48,1,0
BRDA:1209,49,0,23
BRDA:1209,49,1,0
BRDA:1221,50,0,37
BRDA:1221,50,1,0
BRDA:1240,51,0,0
BRDA:1240,51,1,0
BRDA:1259,52,0,1
BRDA:1259,52,1,0
BRF:104
BRH:72
end_of_record
TN:
SF:/Users/roguerotkosky/Development/Summit/summit-contracts-v2/contracts/CartographerElevation.sol
FN:174,constructor
FN:186,initialize
FN:195,enable
FN:206,_onlyCartographer
FN:209,onlyCartographer
FN:213,_totemSelected
FN:216,userHasSelectedTotem
FN:220,_validUserAdd
FN:223,validUserAdd
FN:227,nonDuplicated
FN:231,validTotem
FN:235,elevationTotemSelectionAvailable
FN:239,_elevationInteractionsAvailable
FN:242,elevationInteractionsAvailable
FN:246,_poolExists
FN:249,poolExists
FN:253,poolExistsAndLaunched
FN:268,supply
FN:271,_getUserTotem
FN:274,isTotemSelected
FN:277,userStakedAmount
FN:281,getUserInteractingPools
FN:284,getPools
FN:287,getActivePools
FN:290,totemSupplies
FN:296,emissionToBringPoolCurrent
FN:311,totemRoundRewards
FN:349,_markPoolActive
FN:371,add
FN:404,set
FN:425,_updateTokenIsEarning
FN:439,massUpdatePools
FN:451,updatePool
FN:498,poolClaimableRewards
FN:514,elevClaimableRewards
FN:544,elevPotentialWinnings
FN:584,poolYieldContributed
FN:605,_liveAccSummitPerShare
FN:624,_liveYieldContributed
FN:650,_liveUserAndPoolRoundRewards
FN:693,rollover
FN:726,rolloverPool
FN:773,_userFirstInteractedRoundWinnings
FN:788,_claimableWinnings
FN:829,_emergencyWithdrawResetUser
FN:843,_claimWinnings
FN:865,_updateUserRoundInteraction
FN:912,_markUserInteractingWithPool
FN:932,switchTotem
FN:958,_switchTotemForPool
FN:998,_userInteractingWithPool
FN:1011,claimElevation
FN:1035,_depositTokenManagement
FN:1044,_depositValidate
FN:1056,deposit
FN:1087,emergencyWithdraw
FN:1109,withdraw
FN:1138,_unifiedClaim
FN:1165,_unifiedDeposit
FN:1207,_unifiedWithdraw
FNF:60
FNH:57
FNDA:9,constructor
FNDA:42,initialize
FNDA:0,enable
FNDA:763,_onlyCartographer
FNDA:763,onlyCartographer
FNDA:347,_totemSelected
FNDA:236,userHasSelectedTotem
FNDA:553,_validUserAdd
FNDA:553,validUserAdd
FNDA:17,nonDuplicated
FNDA:97,validTotem
FNDA:97,elevationTotemSelectionAvailable
FNDA:317,_elevationInteractionsAvailable
FNDA:317,elevationInteractionsAvailable
FNDA:1490,_poolExists
FNDA:1490,poolExists
FNDA:235,poolExistsAndLaunched
FNDA:1810,supply
FNDA:1046,_getUserTotem
FNDA:14,isTotemSelected
FNDA:936,userStakedAmount
FNDA:504,getUserInteractingPools
FNDA:0,getPools
FNDA:9,getActivePools
FNDA:23,totemSupplies
FNDA:107,emissionToBringPoolCurrent
FNDA:23,totemRoundRewards
FNDA:18,_markPoolActive
FNDA:17,add
FNDA:15,set
FNDA:415,_updateTokenIsEarning
FNDA:81,massUpdatePools
FNDA:1229,updatePool
FNDA:70,poolClaimableRewards
FNDA:0,elevClaimableRewards
FNDA:27,elevPotentialWinnings
FNDA:3,poolYieldContributed
FNDA:84,_liveAccSummitPerShare
FNDA:30,_liveYieldContributed
FNDA:81,_liveUserAndPoolRoundRewards
FNDA:139,rollover
FNDA:415,rolloverPool
FNDA:271,_userFirstInteractedRoundWinnings
FNDA:432,_claimableWinnings
FNDA:39,_emergencyWithdrawResetUser
FNDA:362,_claimWinnings
FNDA:668,_updateUserRoundInteraction
FNDA:707,_markUserInteractingWithPool
FNDA:97,switchTotem
FNDA:29,_switchTotemForPool
FNDA:707,_userInteractingWithPool
FNDA:9,claimElevation
FNDA:185,_depositTokenManagement
FNDA:218,_depositValidate
FNDA:236,deposit
FNDA:39,emergencyWithdraw
FNDA:88,withdraw
FNDA:362,_unifiedClaim
FNDA:218,_unifiedDeposit
FNDA:127,_unifiedWithdraw
DA:176,9
DA:177,9
DA:178,9
DA:179,9
DA:188,42
DA:189,42
DA:190,42
DA:191,42
DA:207,763
DA:210,763
DA:211,763
DA:214,347
DA:217,236
DA:218,235
DA:221,553
DA:224,553
DA:225,553
DA:228,17
DA:229,17
DA:232,97
DA:233,97
DA:236,97
DA:237,97
DA:240,317
DA:243,317
DA:244,315
DA:247,1490
DA:250,1490
DA:251,1490
DA:254,235
DA:255,235
DA:256,220
DA:269,1810
DA:272,1046
DA:275,14
DA:278,936
DA:282,504
DA:285,0
DA:288,9
DA:291,23
DA:298,107
DA:301,9
DA:314,23
DA:315,23
DA:316,23
DA:319,23
DA:322,23
DA:325,23
DA:328,115
DA:329,74
DA:333,41
DA:338,23
DA:352,18
DA:354,18
DA:356,18
DA:357,18
DA:358,17
DA:360,1
DA:374,17
DA:377,17
DA:395,17
DA:406,15
DA:407,15
DA:410,15
DA:414,15
DA:417,15
DA:428,415
DA:441,81
DA:442,121
DA:453,1229
DA:456,1229
DA:460,921
DA:461,477
DA:462,477
DA:466,444
DA:469,444
DA:472,444
DA:475,444
DA:476,2800
DA:480,444
DA:501,70
DA:502,70
DA:505,70
DA:518,0
DA:521,0
DA:522,0
DA:524,0
DA:531,0
DA:548,27
DA:549,27
DA:552,27
DA:553,27
DA:554,27
DA:555,27
DA:557,81
DA:562,81
DA:563,81
DA:564,81
DA:568,27
DA:570,27
DA:588,3
DA:591,3
DA:610,84
DA:613,84
DA:628,30
DA:629,30
DA:654,81
DA:656,81
DA:658,81
DA:695,139
DA:696,139
DA:699,139
DA:700,139
DA:701,139
DA:702,139
DA:704,415
DA:707,415
DA:708,415
DA:712,139
DA:715,139
DA:717,415
DA:729,415
DA:732,415
DA:735,415
DA:736,82
DA:737,82
DA:738,82
DA:742,333
DA:743,333
DA:746,333
DA:749,333
DA:756,333
DA:757,333
DA:777,271
DA:779,147
DA:792,432
DA:795,432
DA:797,271
DA:798,271
DA:801,271
DA:804,271
DA:807,75
DA:810,75
DA:813,75
DA:815,75
DA:830,39
DA:848,362
DA:851,362
DA:852,29
DA:855,333
DA:868,668
DA:871,668
DA:872,464
DA:876,184
DA:881,20
DA:884,20
DA:888,668
DA:892,668
DA:895,668
DA:898,668
DA:914,707
DA:917,268
DA:919,268
DA:920,166
DA:922,102
DA:934,97
DA:937,97
DA:940,97
DA:941,97
DA:942,97
DA:943,29
DA:947,97
DA:948,97
DA:949,97
DA:962,29
DA:963,29
DA:965,29
DA:973,29
DA:974,29
DA:975,29
DA:976,29
DA:978,29
DA:1002,707
DA:1016,9
DA:1019,9
DA:1020,9
DA:1022,27
DA:1030,9
DA:1039,185
DA:1045,218
DA:1060,236
DA:1063,218
DA:1071,218
DA:1090,39
DA:1113,88
DA:1121,88
DA:1142,362
DA:1145,362
DA:1148,362
DA:1151,362
DA:1154,362
DA:1169,218
DA:1170,218
DA:1172,218
DA:1175,218
DA:1178,191
DA:1179,185
DA:1182,191
DA:1183,191
DA:1185,191
DA:1189,218
DA:1192,218
DA:1195,218
DA:1212,127
DA:1214,127
DA:1216,127
DA:1219,39
DA:1224,88
DA:1227,88
DA:1232,127
DA:1233,127
DA:1234,121
DA:1238,127
DA:1239,127
DA:1241,127
DA:1244,127
DA:1247,127
LF:227
LH:221
BRDA:176,1,0,9
BRDA:176,1,1,0
BRDA:177,2,0,9
BRDA:177,2,1,0
BRDA:188,3,0,42
BRDA:188,3,1,0
BRDA:189,4,0,42
BRDA:189,4,1,0
BRDA:207,5,0,763
BRDA:207,5,1,0
BRDA:217,6,0,235
BRDA:217,6,1,1
BRDA:221,7,0,553
BRDA:221,7,1,0
BRDA:228,8,0,17
BRDA:228,8,1,0
BRDA:232,9,0,97
BRDA:232,9,1,0
BRDA:236,10,0,97
BRDA:236,10,1,0
BRDA:240,11,0,315
BRDA:240,11,1,2
BRDA:247,12,0,1490
BRDA:247,12,1,0
BRDA:254,13,0,235
BRDA:254,13,1,0
BRDA:255,14,0,220
BRDA:255,14,1,15
BRDA:298,15,0,98
BRDA:298,15,1,9
BRDA:328,16,0,74
BRDA:328,16,1,41
BRDA:352,17,0,0
BRDA:352,17,1,18
BRDA:354,18,0,18
BRDA:354,18,1,0
BRDA:357,19,0,17
BRDA:357,19,1,1
BRDA:395,20,0,16
BRDA:395,20,1,1
BRDA:410,21,0,1
BRDA:410,21,1,14
BRDA:456,22,0,308
BRDA:456,22,1,921
BRDA:460,23,0,477
BRDA:460,23,1,444
BRDA:548,24,0,0
BRDA:548,24,1,27
BRDA:732,25,0,1
BRDA:732,25,1,414
BRDA:735,26,0,82
BRDA:735,26,1,333
BRDA:777,27,0,124
BRDA:777,27,1,147
BRDA:795,28,0,161
BRDA:795,28,1,271
BRDA:804,29,0,196
BRDA:804,29,1,75
BRDA:851,30,0,29
BRDA:851,30,1,333
BRDA:871,31,0,464
BRDA:871,31,1,204
BRDA:875,32,0,184
BRDA:875,32,1,20
BRDA:888,33,0,580
BRDA:888,33,1,88
BRDA:914,34,0,439
BRDA:914,34,1,268
BRDA:917,35,0,268
BRDA:917,35,1,0
BRDA:919,36,0,166
BRDA:919,36,1,102
BRDA:937,37,0,97
BRDA:937,37,1,0
BRDA:1175,38,0,191
BRDA:1175,38,1,27
BRDA:1178,39,0,185
BRDA:1178,39,1,6
BRDA:1212,40,0,127
BRDA:1212,40,1,0
BRDA:1216,41,0,39
BRDA:1216,41,1,88
BRDA:1233,42,0,121
BRDA:1233,42,1,6
BRF:84
BRH:67
end_of_record
TN:
SF:/Users/roguerotkosky/Development/Summit/summit-contracts-v2/contracts/CartographerOasis.sol
FN:92,constructor
FN:101,initialize
FN:110,enable
FN:124,onlyCartographer
FN:128,validUserAdd
FN:132,nonDuplicated
FN:136,poolExists
FN:150,supply
FN:153,isTotemSelected
FN:156,userStakedAmount
FN:160,getUserInteractingPools
FN:163,getPools
FN:179,add
FN:201,set
FN:219,_updateTokenIsEarning
FN:233,massUpdatePools
FN:245,updatePool
FN:287,_poolClaimableRewards
FN:316,poolClaimableRewards
FN:332,elevClaimableRewards
FN:361,rollover
FN:362,switchTotem
FN:373,_markUserInteractingWithPool
FN:391,claimElevation
FN:419,deposit
FN:446,emergencyWithdraw
FN:469,withdraw
FN:497,_unifiedClaim
FN:526,_unifiedDeposit
FN:569,_unifiedWithdraw
FNF:30
FNH:26
FNDA:3,constructor
FNDA:14,initialize
FNDA:5,enable
FNDA:207,onlyCartographer
FNDA:267,validUserAdd
FNDA:6,nonDuplicated
FNDA:735,poolExists
FNDA:854,supply
FNDA:6,isTotemSelected
FNDA:312,userStakedAmount
FNDA:45,getUserInteractingPools
FNDA:0,getPools
FNDA:6,add
FNDA:2,set
FNDA:105,_updateTokenIsEarning
FNDA:27,massUpdatePools
FNDA:364,updatePool
FNDA:114,_poolClaimableRewards
FNDA:114,poolClaimableRewards
FNDA:0,elevClaimableRewards
FNDA:0,rollover
FNDA:0,switchTotem
FNDA:137,_markUserInteractingWithPool
FNDA:12,claimElevation
FNDA:96,deposit
FNDA:1,emergencyWithdraw
FNDA:44,withdraw
FNDA:176,_unifiedClaim
FNDA:96,_unifiedDeposit
FNDA:45,_unifiedWithdraw
DA:94,3
DA:95,3
DA:103,14
DA:104,14
DA:112,5
DA:125,207
DA:126,207
DA:129,267
DA:130,267
DA:133,6
DA:134,6
DA:137,735
DA:138,735
DA:151,854
DA:154,6
DA:157,312
DA:161,45
DA:164,0
DA:182,6
DA:185,6
DA:203,2
DA:205,2
DA:208,2
DA:211,2
DA:222,105
DA:235,27
DA:236,49
DA:247,364
DA:250,364
DA:254,226
DA:255,83
DA:256,83
DA:260,143
DA:261,0
DA:262,0
DA:266,143
DA:269,143
DA:272,143
DA:291,114
DA:294,114
DA:297,103
DA:303,103
DA:306,114
DA:319,114
DA:336,0
DA:339,0
DA:340,0
DA:342,0
DA:348,0
DA:375,137
DA:378,70
DA:380,70
DA:381,50
DA:383,20
DA:395,12
DA:398,12
DA:399,12
DA:401,36
DA:408,12
DA:423,96
DA:430,96
DA:449,1
DA:472,44
DA:479,44
DA:501,176
DA:504,176
DA:507,176
DA:508,125
DA:512,176
DA:515,176
DA:530,96
DA:532,96
DA:535,96
DA:538,62
DA:539,60
DA:543,62
DA:546,62
DA:550,96
DA:551,96
DA:554,96
DA:557,96
DA:574,45
DA:576,41
DA:577,40
DA:582,41
DA:583,41
DA:584,37
DA:588,41
DA:591,41
DA:594,41
DA:595,41
DA:598,41
DA:601,41
LF:93
LH:85
BRDA:94,1,0,3
BRDA:94,1,1,0
BRDA:103,2,0,14
BRDA:103,2,1,0
BRDA:125,3,0,207
BRDA:125,3,1,0
BRDA:129,4,0,267
BRDA:129,4,1,0
BRDA:133,5,0,6
BRDA:133,5,1,0
BRDA:137,6,0,735
BRDA:137,6,1,0
BRDA:250,7,0,138
BRDA:250,7,1,226
BRDA:254,8,0,83
BRDA:254,8,1,143
BRDA:260,9,0,0
BRDA:260,9,1,143
BRDA:294,10,0,103
BRDA:294,10,1,11
BRDA:375,11,0,67
BRDA:375,11,1,70
BRDA:378,12,0,70
BRDA:378,12,1,0
BRDA:380,13,0,50
BRDA:380,13,1,20
BRDA:507,14,0,125
BRDA:507,14,1,51
BRDA:535,15,0,62
BRDA:535,15,1,34
BRDA:538,16,0,60
BRDA:538,16,1,2
BRDA:574,17,0,41
BRDA:574,17,1,4
BRDA:576,18,0,40
BRDA:576,18,1,1
BRDA:583,19,0,37
BRDA:583,19,1,4
BRF:38
BRH:30
end_of_record
TN:
SF:/Users/roguerotkosky/Development/Summit/summit-contracts-v2/contracts/ElevationHelper.sol
FN:104,constructor
FN:115,enable
FN:145,onlyCartographer
FN:149,onlyCartographerOrExpedition
FN:153,allElevations
FN:157,elevationOrExpedition
FN:174,elevationAllocMultiplier
FN:180,roundDurationSeconds
FN:185,currentExpeditionRound
FN:190,currentDeityDivider
FN:197,elevationModulatedAllocation
FN:203,elevationLocked
FN:209,endOfRoundLockoutActive
FN:216,nextRound
FN:222,roundEnded
FN:228,timeRemainingInRound
FN:235,fractionRoundRemaining
FN:242,fractionRoundComplete
FN:248,currentRoundStartTime
FN:253,referralBurnTimeRemaining
FN:258,validateReferralBurnAvailable
FN:273,upgradeSummitRNGModule
FN:284,setElevationRoundDurationMult
FN:295,setElevationAllocMultiplier
FN:314,validateRolloverAvailable
FN:328,selectWinningTotem
FN:351,rolloverElevation
FN:380,chooseWinningTotem
FN:391,markWinningTotem
FN:401,setNextDeityDivider
FN:417,rolloverReferralBurn
FN:432,historicalWinningTotems
FNF:32
FNH:24
FNDA:3,constructor
FNDA:5,enable
FNDA:7,onlyCartographer
FNDA:288,onlyCartographerOrExpedition
FNDA:2706,allElevations
FNDA:146,elevationOrExpedition
FNDA:4978,elevationAllocMultiplier
FNDA:433,roundDurationSeconds
FNDA:9,currentExpeditionRound
FNDA:3,currentDeityDivider
FNDA:2677,elevationModulatedAllocation
FNDA:0,elevationLocked
FNDA:434,endOfRoundLockoutActive
FNDA:0,nextRound
FNDA:0,roundEnded
FNDA:0,timeRemainingInRound
FNDA:0,fractionRoundRemaining
FNDA:0,fractionRoundComplete
FNDA:0,currentRoundStartTime
FNDA:0,referralBurnTimeRemaining
FNDA:4,validateReferralBurnAvailable
FNDA:3,upgradeSummitRNGModule
FNDA:2,setElevationRoundDurationMult
FNDA:5,setElevationAllocMultiplier
FNDA:147,validateRolloverAvailable
FNDA:144,selectWinningTotem
FNDA:144,rolloverElevation
FNDA:114,chooseWinningTotem
FNDA:114,markWinningTotem
FNDA:3,setNextDeityDivider
FNDA:2,rolloverReferralBurn
FNDA:24,historicalWinningTotems
DA:105,3
DA:106,3
DA:107,3
DA:108,3
DA:118,5
DA:121,5
DA:130,5
DA:133,5
DA:136,5
DA:146,7
DA:147,7
DA:150,288
DA:151,288
DA:154,2706
DA:155,2706
DA:158,146
DA:159,146
DA:175,4978
DA:181,433
DA:186,9
DA:191,3
DA:198,2677
DA:204,0
DA:210,434
DA:211,431
DA:217,0
DA:223,0
DA:229,0
DA:236,0
DA:243,0
DA:249,0
DA:254,0
DA:259,4
DA:275,3
DA:276,3
DA:277,3
DA:286,2
DA:287,1
DA:288,1
DA:297,5
DA:298,4
DA:299,4
DA:300,2
DA:302,4
DA:318,147
DA:320,144
DA:331,144
DA:333,114
DA:336,114
DA:339,114
DA:342,114
DA:343,3
DA:354,144
DA:357,144
DA:360,144
DA:363,144
DA:364,1
DA:368,144
DA:371,144
DA:372,2
DA:381,114
DA:382,3
DA:384,111
DA:392,114
DA:393,114
DA:395,114
DA:403,3
DA:404,3
DA:405,3
DA:407,3
DA:418,2
DA:419,2
DA:434,24
DA:435,24
DA:437,24
DA:438,24
DA:440,24
DA:441,24
DA:442,24
DA:443,136
DA:445,24
DA:446,152
DA:450,24
LF:83
LH:75
BRDA:105,1,0,3
BRDA:105,1,1,0
BRDA:106,2,0,3
BRDA:106,2,1,0
BRDA:146,3,0,7
BRDA:146,3,1,0
BRDA:150,4,0,288
BRDA:150,4,1,0
BRDA:154,5,0,2706
BRDA:154,5,1,0
BRDA:158,6,0,146
BRDA:158,6,1,0
BRDA:210,7,0,3
BRDA:210,7,1,431
BRDA:259,8,0,2
BRDA:259,8,1,2
BRDA:275,9,0,3
BRDA:275,9,1,0
BRDA:286,10,0,1
BRDA:286,10,1,1
BRDA:297,11,0,4
BRDA:297,11,1,1
BRDA:299,12,0,2
BRDA:299,12,1,2
BRDA:318,13,0,144
BRDA:318,13,1,3
BRDA:320,14,0,144
BRDA:320,14,1,0
BRDA:331,15,0,30
BRDA:331,15,1,114
BRDA:342,16,0,3
BRDA:342,16,1,111
BRDA:363,17,0,1
BRDA:363,17,1,143
BRDA:371,18,0,2
BRDA:371,18,1,142
BRDA:381,19,0,3
BRDA:381,19,1,111
BRDA:440,20,0,24
BRDA:440,20,1,0
BRF:40
BRH:31
end_of_record
TN:
SF:/Users/roguerotkosky/Development/Summit/summit-contracts-v2/contracts/EverestToken.sol
FN:56,constructor
FN:91,validLockDuration
FN:95,userNotAlreadyLockingSummit
FN:99,userLockDurationSatisfied
FN:104,userEverestInfoExists
FN:108,userOwnsEverest
FN:112,validEverestAmountToBurn
FN:116,onlyPanic
FN:120,notPanic
FN:132,setMinLockTime
FN:137,setInflectionLockTime
FN:142,setMaxLockTime
FN:147,setMinEverestLockMult
FN:152,setInflectionEverestLockMult
FN:157,setMaxEverestLockMult
FN:173,_updateAvgSummitLockDuration
FN:188,avgSummitLockDuration
FN:200,_lockDurationMultiplier
FN:219,_burnEverest
FN:231,lockSummit
FN:268,increaseLockDuration
FN:273,_increaseLockDuration
FN:311,_increaseLockedSummit
FN:341,_increaseLockDurationAndReleaseIfNecessary
FN:361,lockAndExtendLockDuration
FN:381,increaseLockedSummit
FN:395,withdrawLockedSummit
FN:430,addEverestExtension
FN:443,removeEverestExtension
FN:454,getEverestExtensions
FN:462,getUserEverestOwned
FN:469,_updateEverestExtensionsUserEverestOwned
FN:491,setPanic
FN:501,panicRecoverFunds
FNF:34
FNH:28
FNDA:3,constructor
FNDA:32,validLockDuration
FNDA:23,userNotAlreadyLockingSummit
FNDA:16,userLockDurationSatisfied
FNDA:38,userEverestInfoExists
FNDA:35,userOwnsEverest
FNDA:15,validEverestAmountToBurn
FNDA:2,onlyPanic
FNDA:63,notPanic
FNDA:0,setMinLockTime
FNDA:0,setInflectionLockTime
FNDA:0,setMaxLockTime
FNDA:0,setMinEverestLockMult
FNDA:0,setInflectionEverestLockMult
FNDA:0,setMaxEverestLockMult
FNDA:54,_updateAvgSummitLockDuration
FNDA:14,avgSummitLockDuration
FNDA:22,_lockDurationMultiplier
FNDA:13,_burnEverest
FNDA:20,lockSummit
FNDA:3,increaseLockDuration
FNDA:4,_increaseLockDuration
FNDA:16,_increaseLockedSummit
FNDA:7,_increaseLockDurationAndReleaseIfNecessary
FNDA:7,lockAndExtendLockDuration
FNDA:9,increaseLockedSummit
FNDA:13,withdrawLockedSummit
FNDA:7,addEverestExtension
FNDA:3,removeEverestExtension
FNDA:4,getEverestExtensions
FNDA:2,getUserEverestOwned
FNDA:51,_updateEverestExtensionsUserEverestOwned
FNDA:3,setPanic
FNDA:1,panicRecoverFunds
DA:57,3
DA:58,3
DA:92,32
DA:93,30
DA:96,23
DA:97,22
DA:100,16
DA:101,16
DA:102,15
DA:105,38
DA:106,37
DA:109,35
DA:110,35
DA:113,15
DA:114,13
DA:117,2
DA:118,1
DA:121,63
DA:122,59
DA:133,0
DA:134,0
DA:135,0
DA:138,0
DA:139,0
DA:140,0
DA:143,0
DA:144,0
DA:145,0
DA:148,0
DA:149,0
DA:150,0
DA:153,0
DA:154,0
DA:155,0
DA:158,0
DA:159,0
DA:160,0
DA:177,54
DA:180,54
DA:181,38
DA:182,38
DA:184,16
DA:185,16
DA:193,14
DA:196,14
DA:204,22
DA:205,18
DA:211,4
DA:222,13
DA:223,13
DA:234,20
DA:235,19
DA:236,19
DA:240,19
DA:241,19
DA:244,19
DA:247,19
DA:248,19
DA:249,19
DA:250,19
DA:251,19
DA:252,19
DA:253,19
DA:256,19
DA:259,19
DA:261,19
DA:270,3
DA:271,2
DA:277,4
DA:278,4
DA:281,3
DA:282,3
DA:285,3
DA:286,3
DA:289,3
DA:292,3
DA:295,3
DA:298,3
DA:299,3
DA:300,3
DA:301,3
DA:304,3
DA:306,3
DA:316,16
DA:317,16
DA:318,16
DA:322,16
DA:325,16
DA:328,16
DA:329,16
DA:332,16
DA:335,16
DA:337,16
DA:346,7
DA:349,6
DA:350,5
DA:351,5
DA:355,1
DA:363,7
DA:366,7
DA:369,7
DA:375,7
DA:383,9
DA:389,9
DA:397,13
DA:398,13
DA:400,13
DA:402,13
DA:403,13
DA:406,13
DA:408,13
DA:409,13
DA:411,13
DA:413,13
DA:432,7
DA:433,6
DA:434,6
DA:435,5
DA:437,5
DA:445,3
DA:446,2
DA:448,1
DA:450,1
DA:458,4
DA:466,2
DA:473,51
DA:474,54
DA:493,3
DA:494,3
DA:503,1
DA:505,1
DA:506,1
DA:508,1
DA:509,1
DA:510,1
DA:511,1
DA:512,1
DA:513,1
DA:515,1
LF:139
LH:121
BRDA:57,1,0,3
BRDA:57,1,1,0
BRDA:92,2,0,30
BRDA:92,2,1,2
BRDA:96,3,0,22
BRDA:96,3,1,1
BRDA:100,4,0,16
BRDA:100,4,1,0
BRDA:101,5,0,15
BRDA:101,5,1,1
BRDA:105,6,0,37
BRDA:105,6,1,1
BRDA:109,7,0,35
BRDA:109,7,1,0
BRDA:113,8,0,13
BRDA:113,8,1,2
BRDA:117,9,0,1
BRDA:117,9,1,1
BRDA:121,10,0,59
BRDA:121,10,1,4
BRDA:133,11,0,0
BRDA:133,11,1,0
BRDA:138,12,0,0
BRDA:138,12,1,0
BRDA:143,13,0,0
BRDA:143,13,1,0
BRDA:148,14,0,0
BRDA:148,14,1,0
BRDA:153,15,0,0
BRDA:153,15,1,0
BRDA:158,16,0,0
BRDA:158,16,1,0
BRDA:180,17,0,38
BRDA:180,17,1,16
BRDA:193,18,0,0
BRDA:193,18,1,14
BRDA:204,19,0,18
BRDA:204,19,1,4
BRDA:234,20,0,19
BRDA:234,20,1,1
BRDA:235,21,0,19
BRDA:235,21,1,0
BRDA:278,22,0,3
BRDA:278,22,1,1
BRDA:286,23,0,3
BRDA:286,23,1,0
BRDA:316,24,0,16
BRDA:316,24,1,0
BRDA:317,25,0,16
BRDA:317,25,1,0
BRDA:346,26,0,1
BRDA:346,26,1,6
BRDA:349,27,0,5
BRDA:349,27,1,1
BRDA:398,28,0,13
BRDA:398,28,1,0
BRDA:432,29,0,6
BRDA:432,29,1,1
BRDA:433,30,0,6
BRDA:433,30,1,0
BRDA:434,31,0,5
BRDA:434,31,1,1
BRDA:445,32,0,2
BRDA:445,32,1,1
BRDA:446,33,0,1
BRDA:446,33,1,1
BRF:66
BRH:44
end_of_record
TN:
SF:/Users/roguerotkosky/Development/Summit/summit-contracts-v2/contracts/ExpeditionV2.sol
FN:198,constructor
FN:215,initialize
FN:244,validSafetyFactor
FN:248,_validUserAdd
FN:251,validUserAdd
FN:255,validDeity
FN:259,expeditionInteractionsAvailable
FN:263,userOwnsEverest
FN:267,userIsEligibleToJoinExpedition
FN:282,supply
FN:294,selectedDeity
FN:302,currentDeityDivider
FN:311,remainingRewards
FN:330,setExpeditionDeityWinningsMult
FN:335,setExpeditionRunwayRounds
FN:352,_recalculateExpeditionTokenEmissions
FN:366,_recalculateExpeditionEmissions
FN:374,recalculateExpeditionEmissions
FN:382,addExpeditionFunds
FN:394,disableExpedition
FN:405,enableExpedition
FN:421,rewards
FN:429,_calculateEmissionMultipliers
FN:465,potentialWinnings
FN:496,rollover
FN:520,_rolloverExpedition
FN:558,_getUserSafeEverest
FN:565,_getUserDeitiedEverest
FN:574,_harvestableWinnings
FN:604,_updateUserRoundInteraction
FN:628,_harvestExpedition
FN:666,syncEverestAmount
FN:677,updateUserEverest
FN:685,_updateUserEverestAmount
FN:718,_getOrCreateUserInfo
FN:731,selectDeity
FN:762,selectSafetyFactor
FN:794,userSatisfiesExpeditionRequirements
FN:807,joinExpedition
FN:828,harvestExpedition
FNF:40
FNH:32
FNDA:3,constructor
FNDA:13,initialize
FNDA:6,validSafetyFactor
FNDA:15,_validUserAdd
FNDA:15,validUserAdd
FNDA:6,validDeity
FNDA:20,expeditionInteractionsAvailable
FNDA:18,userOwnsEverest
FNDA:6,userIsEligibleToJoinExpedition
FNDA:0,supply
FNDA:0,selectedDeity
FNDA:0,currentDeityDivider
FNDA:0,remainingRewards
FNDA:0,setExpeditionDeityWinningsMult
FNDA:0,setExpeditionRunwayRounds
FNDA:34,_recalculateExpeditionTokenEmissions
FNDA:17,_recalculateExpeditionEmissions
FNDA:2,recalculateExpeditionEmissions
FNDA:3,addExpeditionFunds
FNDA:0,disableExpedition
FNDA:0,enableExpedition
FNDA:12,rewards
FNDA:8,_calculateEmissionMultipliers
FNDA:3,potentialWinnings
FNDA:5,rollover
FNDA:5,_rolloverExpedition
FNDA:145,_getUserSafeEverest
FNDA:148,_getUserDeitiedEverest
FNDA:81,_harvestableWinnings
FNDA:72,_updateUserRoundInteraction
FNDA:69,_harvestExpedition
FNDA:1,syncEverestAmount
FNDA:51,updateUserEverest
FNDA:52,_updateUserEverestAmount
FNDA:63,_getOrCreateUserInfo
FNDA:5,selectDeity
FNDA:6,selectSafetyFactor
FNDA:12,userSatisfiesExpeditionRequirements
FNDA:3,joinExpedition
FNDA:6,harvestExpedition
DA:203,3
DA:204,3
DA:205,3
DA:206,3
DA:207,3
DA:208,3
DA:217,13
DA:218,13
DA:221,13
DA:222,13
DA:224,13
DA:226,13
DA:229,13
DA:230,13
DA:232,13
DA:245,6
DA:246,6
DA:249,15
DA:252,15
DA:253,15
DA:256,6
DA:257,5
DA:260,20
DA:261,20
DA:264,18
DA:265,12
DA:268,6
DA:269,4
DA:270,3
DA:286,0
DA:298,0
DA:306,0
DA:315,0
DA:331,0
DA:332,0
DA:333,0
DA:336,0
DA:337,0
DA:338,0
DA:356,34
DA:358,34
DA:359,34
DA:361,34
DA:369,17
DA:370,17
DA:371,17
DA:376,2
DA:377,2
DA:384,3
DA:385,2
DA:386,2
DA:388,2
DA:396,0
DA:397,0
DA:399,0
DA:407,0
DA:408,0
DA:410,0
DA:425,12
DA:434,8
DA:435,8
DA:436,8
DA:439,7
DA:440,7
DA:443,7
DA:444,7
DA:446,7
DA:468,3
DA:470,3
DA:472,3
DA:473,3
DA:475,3
DA:477,3
DA:500,5
DA:503,5
DA:506,5
DA:508,5
DA:510,5
DA:512,5
DA:514,5
DA:523,5
DA:525,5
DA:528,5
DA:531,5
DA:532,5
DA:533,5
DA:534,5
DA:537,5
DA:538,4
DA:539,4
DA:542,5
DA:543,4
DA:544,4
DA:562,145
DA:569,148
DA:578,81
DA:581,81
DA:583,15
DA:584,15
DA:586,15
DA:607,72
DA:609,72
DA:610,72
DA:613,72
DA:614,72
DA:615,72
DA:616,72
DA:619,72
DA:633,69
DA:636,69
DA:637,6
DA:640,6
DA:641,6
DA:642,6
DA:646,69
DA:647,6
DA:648,6
DA:649,6
DA:652,69
DA:668,1
DA:679,51
DA:688,52
DA:691,52
DA:694,52
DA:695,52
DA:698,52
DA:701,52
DA:704,52
DA:705,3
DA:706,3
DA:707,3
DA:722,63
DA:723,63
DA:724,63
DA:733,5
DA:736,5
DA:739,5
DA:742,5
DA:743,5
DA:744,5
DA:747,5
DA:750,5
DA:751,2
DA:752,2
DA:755,5
DA:764,6
DA:767,6
DA:770,6
DA:773,6
DA:774,6
DA:777,6
DA:778,6
DA:781,6
DA:784,6
DA:785,3
DA:786,3
DA:787,3
DA:790,6
DA:798,12
DA:809,3
DA:812,3
DA:813,3
DA:816,3
DA:819,3
DA:820,3
DA:821,3
DA:823,3
DA:830,6
DA:831,6
DA:833,6
DA:834,6
DA:836,6
LF:172
LH:156
BRDA:203,1,0,3
BRDA:203,1,1,0
BRDA:204,2,0,3
BRDA:204,2,1,0
BRDA:205,3,0,3
BRDA:205,3,1,0
BRDA:217,4,0,13
BRDA:217,4,1,0
BRDA:218,5,0,13
BRDA:218,5,1,0
BRDA:245,6,0,6
BRDA:245,6,1,0
BRDA:249,7,0,15
BRDA:249,7,1,0
BRDA:256,8,0,5
BRDA:256,8,1,1
BRDA:260,9,0,20
BRDA:260,9,1,0
BRDA:264,10,0,12
BRDA:264,10,1,6
BRDA:268,11,0,4
BRDA:268,11,1,2
BRDA:269,12,0,3
BRDA:269,12,1,1
BRDA:331,13,0,0
BRDA:331,13,1,0
BRDA:336,14,0,0
BRDA:336,14,1,0
BRDA:384,15,0,2
BRDA:384,15,1,1
BRDA:396,16,0,0
BRDA:396,16,1,0
BRDA:407,17,0,0
BRDA:407,17,1,0
BRDA:436,18,0,1
BRDA:436,18,1,7
BRDA:470,19,0,0
BRDA:470,19,1,3
BRDA:523,20,0,0
BRDA:523,20,1,5
BRDA:537,21,0,4
BRDA:537,21,1,1
BRDA:542,22,0,4
BRDA:542,22,1,1
BRDA:581,23,0,66
BRDA:581,23,1,15
BRDA:636,24,0,6
BRDA:636,24,1,63
BRDA:646,25,0,6
BRDA:646,25,1,63
BRDA:704,26,0,3
BRDA:704,26,1,49
BRDA:736,27,0,5
BRDA:736,27,1,0
BRDA:750,28,0,2
BRDA:750,28,1,3
BRDA:767,29,0,6
BRDA:767,29,1,0
BRDA:784,30,0,3
BRDA:784,30,1,3
BRDA:812,31,0,3
BRDA:812,31,1,0
BRDA:831,32,0,6
BRDA:831,32,1,0
BRF:64
BRH:42
end_of_record
TN:
SF:/Users/roguerotkosky/Development/Summit/summit-contracts-v2/contracts/libs/DummyERC20Mintable.sol
FN:9,constructor
FN:11,mint
FNF:2
FNH:2
FNDA:96,constructor
FNDA:136,mint
DA:12,136
LF:1
LH:1
BRF:0
BRH:0
end_of_record
TN:
SF:/Users/roguerotkosky/Development/Summit/summit-contracts-v2/contracts/libs/ERC20Mintable.sol
FN:9,constructor
FN:11,mint
FNF:2
FNH:2
FNDA:3,constructor
FNDA:608,mint
DA:12,608
LF:1
LH:1
BRF:0
BRH:0
end_of_record
TN:
SF:/Users/roguerotkosky/Development/Summit/summit-contracts-v2/contracts/libs/SummitMath.sol
FN:7,scaledValue
FNF:1
FNH:1
FNDA:226,scaledValue
DA:11,226
DA:12,226
DA:13,226
DA:14,97
DA:15,37
DA:16,28
DA:18,9
LF:7
LH:7
BRDA:11,1,0,226
BRDA:11,1,1,0
BRDA:12,2,0,0
BRDA:12,2,1,226
BRDA:13,3,0,129
BRDA:13,3,1,97
BRDA:14,4,0,60
BRDA:14,4,1,37
BRDA:15,5,0,28
BRDA:15,5,1,9
BRF:10
BRH:8
end_of_record
TN:
SF:/Users/roguerotkosky/Development/Summit/summit-contracts-v2/contracts/MasterChefPassthrough.sol
FN:44,constructor
FN:70,onlyCartographer
FN:76,token
FN:82,balance
FN:87,distributeRewards
FN:101,enact
FN:115,deposit
FN:141,withdraw
FN:165,retire
FNF:9
FNH:9
FNDA:3,constructor
FNDA:32,onlyCartographer
FNDA:8,token
FNDA:108,balance
FNDA:28,distributeRewards
FNDA:4,enact
FNDA:12,deposit
FNDA:12,withdraw
FNDA:4,retire
DA:51,3
DA:52,3
DA:53,3
DA:54,3
DA:56,3
DA:57,3
DA:60,3
DA:61,3
DA:62,3
DA:63,3
DA:64,3
DA:66,3
DA:71,32
DA:72,32
DA:77,8
DA:83,108
DA:88,28
DA:91,28
DA:93,28
DA:94,28
DA:103,4
DA:104,4
DA:105,4
DA:118,12
DA:119,12
DA:122,12
DA:123,12
DA:124,12
DA:127,12
DA:129,12
DA:131,12
DA:144,12
DA:145,12
DA:146,12
DA:149,12
DA:152,12
DA:155,12
DA:157,12
DA:167,4
DA:170,4
DA:173,4
DA:176,4
LF:42
LH:42
BRDA:51,1,0,3
BRDA:51,1,1,0
BRDA:52,2,0,3
BRDA:52,2,1,0
BRDA:53,3,0,3
BRDA:53,3,1,0
BRDA:54,4,0,3
BRDA:54,4,1,0
BRDA:57,5,0,3
BRDA:57,5,1,0
BRDA:71,6,0,32
BRDA:71,6,1,0
BRDA:91,7,0,0
BRDA:91,7,1,28
BRF:14
BRH:7
end_of_record
TN:
SF:/Users/roguerotkosky/Development/Summit/summit-contracts-v2/contracts/SummitLocking.sol
FN:53,initialize
FN:69,setPanic
FN:79,onlyCartographerOrExpedition
FN:87,getCurrentEpoch
FN:95,hasEpochMatured
FN:102,getEpochStartTimestamp
FN:110,getEpochMatureTimestamp
FN:117,getUserInteractingEpochs
FN:131,setYieldLockEpochCount
FN:140,addLockedWinnings
FN:156,harvestWinnings
FNF:11
FNH:10
FNDA:12,initialize
FNDA:0,setPanic
FNDA:161,onlyCartographerOrExpedition
FNDA:226,getCurrentEpoch
FNDA:16,hasEpochMatured
FNDA:10,getEpochStartTimestamp
FNDA:7,getEpochMatureTimestamp
FNDA:5,getUserInteractingEpochs
FNDA:3,setYieldLockEpochCount
FNDA:160,addLockedWinnings
FNDA:10,harvestWinnings
DA:54,12
DA:55,12
DA:56,12
DA:57,12
DA:58,12
DA:59,12
DA:60,12
DA:61,12
DA:63,12
DA:71,0
DA:72,0
DA:80,161
DA:81,160
DA:91,226
DA:99,16
DA:106,10
DA:114,7
DA:121,5
DA:133,3
DA:134,3
DA:135,3
DA:142,160
DA:143,160
DA:144,160
DA:145,160
DA:146,160
DA:147,160
DA:148,160
DA:150,160
DA:158,10
DA:161,10
DA:164,10
DA:167,10
DA:168,5
DA:176,5
DA:177,5
DA:178,2
DA:180,3
DA:181,3
DA:182,3
DA:186,10
DA:188,10
DA:189,8
DA:192,10
LF:44
LH:42
BRDA:54,1,0,12
BRDA:54,1,1,0
BRDA:55,2,0,12
BRDA:55,2,1,0
BRDA:56,3,0,12
BRDA:56,3,1,0
BRDA:57,4,0,12
BRDA:57,4,1,0
BRDA:80,5,0,160
BRDA:80,5,1,1
BRDA:133,6,0,3
BRDA:133,6,1,0
BRDA:164,7,0,10
BRDA:164,7,1,0
BRDA:167,8,0,5
BRDA:167,8,1,5
BRDA:177,9,0,2
BRDA:177,9,1,3
BRDA:188,10,0,8
BRDA:188,10,1,2
BRF:20
BRH:14
end_of_record
TN:
SF:/Users/roguerotkosky/Development/Summit/summit-contracts-v2/contracts/SummitReferrals.sol
FN:12,constructor
FN:17,enable
FN:34,createReferral
FN:43,onlyCartographer
FN:47,addReferralRewardsIfNecessary
FN:56,getReferralRound
FN:61,burnUnclaimedReferralRewardsAndRolloverRound
FN:74,redeemReferralRewards
FN:89,getReferralRewardsToBeBurned
FN:93,getPendingReferralRewards
FN:99,safeSummitTransfer
FNF:11
FNH:9
FNDA:3,constructor
FNDA:5,enable
FNDA:6,createReferral
FNDA:161,onlyCartographer
FNDA:154,addReferralRewardsIfNecessary
FNDA:0,getReferralRound
FNDA:2,burnUnclaimedReferralRewardsAndRolloverRound
FNDA:3,redeemReferralRewards
FNDA:0,getReferralRewardsToBeBurned
FNDA:9,getPendingReferralRewards
FNDA:2,safeSummitTransfer
DA:13,3
DA:14,3
DA:18,5
DA:19,5
DA:35,6
DA:36,5
DA:37,4
DA:38,3
DA:39,3
DA:40,3
DA:44,161
DA:45,161
DA:48,154
DA:49,5
DA:50,5
DA:51,5
DA:52,5
DA:53,5
DA:57,0
DA:62,2
DA:64,2
DA:65,1
DA:68,2
DA:70,2
DA:75,3
DA:76,2
DA:79,2
DA:80,2
DA:83,2
DA:84,2
DA:86,2
DA:90,0
DA:94,9
DA:100,2
DA:101,2
DA:102,2
DA:103,0
DA:105,2
DA:107,2
LF:39
LH:36
BRDA:13,1,0,3
BRDA:13,1,1,0
BRDA:35,2,0,5
BRDA:35,2,1,1
BRDA:36,3,0,4
BRDA:36,3,1,1
BRDA:37,4,0,3
BRDA:37,4,1,1
BRDA:38,5,0,3
BRDA:38,5,1,0
BRDA:44,6,0,161
BRDA:44,6,1,0
BRDA:48,7,0,149
BRDA:48,7,1,5
BRDA:64,8,0,1
BRDA:64,8,1,1
BRDA:75,9,0,2
BRDA:75,9,1,1
BRDA:79,10,0,2
BRDA:79,10,1,0
BRDA:102,11,0,0
BRDA:102,11,1,2
BRDA:107,12,0,2
BRDA:107,12,1,0
BRF:24
BRH:18
end_of_record
TN:
SF:/Users/roguerotkosky/Development/Summit/summit-contracts-v2/contracts/SummitToken.sol
FN:22,initialize
FN:31,tokenSwap
FNF:2
FNH:2
FNDA:2,initialize
FNDA:3,tokenSwap
DA:24,2
DA:25,1
DA:33,3
DA:34,2
DA:36,1
DA:37,1
DA:39,1
DA:40,1
DA:42,1
LF:9
LH:9
BRDA:24,1,0,1
BRDA:24,1,1,1
BRDA:33,2,0,2
BRDA:33,2,1,1
BRDA:34,3,0,1
BRDA:34,3,1,1
BRF:6
BRH:6
end_of_record
TN:
SF:/Users/roguerotkosky/Development/Summit/summit-contracts-v2/contracts/SummitTrustedSeederRNGModule.sol
FN:74,onlyCartographer
FN:78,onlyElevationHelper
FN:83,onlyTrustedSeeder
FN:95,constructor
FN:104,setElevationHelper
FN:115,setTrustedSeederAdd
FN:125,setSeedRoundEndTimestamp
FN:146,futureBlockMined
FN:154,nextSeedRoundAvailable
FN:160,getRandomNumber
FN:170,receiveSealedSeed
FN:188,receiveUnsealedSeed
FNF:12
FNH:11
FNDA:0,onlyCartographer
FNDA:5,onlyElevationHelper
FNDA:20,onlyTrustedSeeder
FNDA:3,constructor
FNDA:3,setElevationHelper
FNDA:4,setTrustedSeederAdd
FNDA:5,setSeedRoundEndTimestamp
FNDA:10,futureBlockMined
FNDA:12,nextSeedRoundAvailable
FNDA:114,getRandomNumber
FNDA:9,receiveSealedSeed
FNDA:9,receiveUnsealedSeed
DA:75,0
DA:76,0
DA:79,5
DA:80,5
DA:81,5
DA:84,20
DA:85,18
DA:96,3
DA:97,3
DA:106,3
DA:107,3
DA:108,3
DA:117,4
DA:118,4
DA:119,4
DA:126,5
DA:127,5
DA:147,10
DA:155,12
DA:161,114
DA:172,9
DA:175,7
DA:176,7
DA:179,7
DA:180,7
DA:190,9
DA:191,8
DA:192,7
DA:193,6
DA:194,6
LF:30
LH:28
BRDA:75,1,0,0
BRDA:75,1,1,0
BRDA:79,2,0,5
BRDA:79,2,1,0
BRDA:80,3,0,5
BRDA:80,3,1,0
BRDA:84,4,0,18
BRDA:84,4,1,2
BRDA:96,5,0,3
BRDA:96,5,1,0
BRDA:106,6,0,3
BRDA:106,6,1,0
BRDA:117,7,0,4
BRDA:117,7,1,0
BRDA:172,8,0,7
BRDA:172,8,1,2
BRDA:190,9,0,8
BRDA:190,9,1,1
BRDA:191,10,0,7
BRDA:191,10,1,1
BRDA:192,11,0,6
BRDA:192,11,1,1
BRF:22
BRH:15
end_of_record
